Using pre-set license
Built from '2022.3/staging' branch; Version is '2022.3.21f1 (bf09ca542b87) revision 12519882'; Using compiler version '192829333'; Build Type 'Release'
OS: 'Windows 11  (10.0.22631) 64bit Professional' Language: 'en' Physical Memory: 15789 MB
BatchMode: 1, IsHumanControllingUs: 0, StartBugReporterOnCrash: 0, Is64bit: 1, IsPro: 1

COMMAND LINE ARGUMENTS:
C:\Program Files\Unity\Hub\Editor\2022.3.21f1\Editor\Unity.exe
-adb2
-batchMode
-noUpm
-name
AssetImportWorker0
-projectPath
C:/Users/halat/Downloads/crossy-roads-master/crossy-roads-master
-logFile
Logs/AssetImportWorker0.log
-srvPort
51821
Successfully changed project path to: C:/Users/halat/Downloads/crossy-roads-master/crossy-roads-master
C:/Users/halat/Downloads/crossy-roads-master/crossy-roads-master
[UnityMemory] Configuration Parameters - Can be set up in boot.config
    "memorysetup-bucket-allocator-granularity=16"
    "memorysetup-bucket-allocator-bucket-count=8"
    "memorysetup-bucket-allocator-block-size=33554432"
    "memorysetup-bucket-allocator-block-count=8"
    "memorysetup-main-allocator-block-size=16777216"
    "memorysetup-thread-allocator-block-size=16777216"
    "memorysetup-gfx-main-allocator-block-size=16777216"
    "memorysetup-gfx-thread-allocator-block-size=16777216"
    "memorysetup-cache-allocator-block-size=4194304"
    "memorysetup-typetree-allocator-block-size=2097152"
    "memorysetup-profiler-bucket-allocator-granularity=16"
    "memorysetup-profiler-bucket-allocator-bucket-count=8"
    "memorysetup-profiler-bucket-allocator-block-size=33554432"
    "memorysetup-profiler-bucket-allocator-block-count=8"
    "memorysetup-profiler-allocator-block-size=16777216"
    "memorysetup-profiler-editor-allocator-block-size=1048576"
    "memorysetup-temp-allocator-size-main=16777216"
    "memorysetup-job-temp-allocator-block-size=2097152"
    "memorysetup-job-temp-allocator-block-size-background=1048576"
    "memorysetup-job-temp-allocator-reduction-small-platforms=262144"
    "memorysetup-allocator-temp-initial-block-size-main=262144"
    "memorysetup-allocator-temp-initial-block-size-worker=262144"
    "memorysetup-temp-allocator-size-background-worker=32768"
    "memorysetup-temp-allocator-size-job-worker=262144"
    "memorysetup-temp-allocator-size-preload-manager=33554432"
    "memorysetup-temp-allocator-size-nav-mesh-worker=65536"
    "memorysetup-temp-allocator-size-audio-worker=65536"
    "memorysetup-temp-allocator-size-cloud-worker=32768"
    "memorysetup-temp-allocator-size-gi-baking-worker=262144"
    "memorysetup-temp-allocator-size-gfx=262144"
Player connection [19948] Host "[IP] 192.168.150.1 [Port] 0 [Flags] 2 [Guid] 1184577447 [EditorId] 1184577447 [Version] 1048832 [Id] WindowsEditor(7,HALAHABBOUB) [Debug] 1 [PackageName] WindowsEditor [ProjectName] Editor" joined multi-casting on [225.0.0.222:54997]...

Player connection [19948] Host "[IP] 192.168.150.1 [Port] 0 [Flags] 2 [Guid] 1184577447 [EditorId] 1184577447 [Version] 1048832 [Id] WindowsEditor(7,HALAHABBOUB) [Debug] 1 [PackageName] WindowsEditor [ProjectName] Editor" joined alternative multi-casting on [225.0.0.222:34997]...

[Physics::Module] Initialized MultithreadedJobDispatcher with 15 workers.
Refreshing native plugins compatible for Editor in 17.19 ms, found 2 plugins.
Preloading 0 native plugins for Editor in 0.00 ms.
Initialize engine version: 2022.3.21f1 (bf09ca542b87)
[Subsystems] Discovering subsystems at path C:/Program Files/Unity/Hub/Editor/2022.3.21f1/Editor/Data/Resources/UnitySubsystems
[Subsystems] Discovering subsystems at path C:/Users/halat/Downloads/crossy-roads-master/crossy-roads-master/Assets
GfxDevice: creating device client; threaded=0; jobified=0
Direct3D:
    Version:  Direct3D 11.0 [level 11.1]
    Renderer: NVIDIA GeForce RTX 3050 Laptop GPU (ID=0x25a2)
    Vendor:   NVIDIA
    VRAM:     3977 MB
    Driver:   31.0.15.3168
Initialize mono
Mono path[0] = 'C:/Program Files/Unity/Hub/Editor/2022.3.21f1/Editor/Data/Managed'
Mono path[1] = 'C:/Program Files/Unity/Hub/Editor/2022.3.21f1/Editor/Data/MonoBleedingEdge/lib/mono/unityjit-win32'
Mono config path = 'C:/Program Files/Unity/Hub/Editor/2022.3.21f1/Editor/Data/MonoBleedingEdge/etc'
Using monoOptions --debugger-agent=transport=dt_socket,embedding=1,server=y,suspend=n,address=127.0.0.1:56888
Begin MonoManager ReloadAssembly
Registering precompiled unity dll's ...
Register platform support module: C:/Program Files/Unity/Hub/Editor/2022.3.21f1/Editor/Data/PlaybackEngines/WebGLSupport/UnityEditor.WebGL.Extensions.dll
Register platform support module: C:/Program Files/Unity/Hub/Editor/2022.3.21f1/Editor/Data/PlaybackEngines/AndroidPlayer/UnityEditor.Android.Extensions.dll
Register platform support module: C:/Program Files/Unity/Hub/Editor/2022.3.21f1/Editor/Data/PlaybackEngines/WindowsStandaloneSupport/UnityEditor.WindowsStandalone.Extensions.dll
Registered in 0.008513 seconds.
- Loaded All Assemblies, in  0.492 seconds
Native extension for WindowsStandalone target not found
Native extension for Android target not found
Android Extension - Scanning For ADB Devices 547 ms
Native extension for WebGL target not found
Mono: successfully reloaded assembly
- Finished resetting the current domain, in  1.040 seconds
Domain Reload Profiling: 1530ms
	BeginReloadAssembly (138ms)
		ExecutionOrderSort (0ms)
		DisableScriptedObjects (0ms)
		BackupInstance (0ms)
		ReleaseScriptingObjects (0ms)
		CreateAndSetChildDomain (1ms)
	RebuildCommonClasses (49ms)
	RebuildNativeTypeToScriptingClass (13ms)
	initialDomainReloadingComplete (77ms)
	LoadAllAssembliesAndSetupDomain (213ms)
		LoadAssemblies (138ms)
		RebuildTransferFunctionScriptingTraits (0ms)
		AnalyzeDomain (208ms)
			TypeCache.Refresh (206ms)
				TypeCache.ScanAssembly (182ms)
			ScanForSourceGeneratedMonoScriptInfo (1ms)
			ResolveRequiredComponents (1ms)
	FinalizeReload (1041ms)
		ReleaseScriptCaches (0ms)
		RebuildScriptCaches (0ms)
		SetupLoadedEditorAssemblies (964ms)
			LogAssemblyErrors (0ms)
			InitializePlatformSupportModulesInManaged (708ms)
			SetLoadedEditorAssemblies (7ms)
			RefreshPlugins (0ms)
			BeforeProcessingInitializeOnLoad (5ms)
			ProcessInitializeOnLoadAttributes (166ms)
			ProcessInitializeOnLoadMethodAttributes (78ms)
			AfterProcessingInitializeOnLoad (0ms)
			EditorAssembliesLoaded (0ms)
		ExecutionOrderSort2 (0ms)
		AwakeInstancesAfterBackupRestoration (0ms)
========================================================================
Worker process is ready to serve import requests
Begin MonoManager ReloadAssembly
Symbol file LoadedFromMemory is not a mono symbol file
- Loaded All Assemblies, in  0.864 seconds
Refreshing native plugins compatible for Editor in 7.89 ms, found 2 plugins.
Native extension for WindowsStandalone target not found
Native extension for Android target not found
Native extension for WebGL target not found
Package Manager log level set to [2]
[Package Manager] Server::EnsureServerProcessIsRunning -- launch failed, reason: Unity was launched with the -noUpm command-line argument
[Package Manager] UpmClient::Send -- Unable to send message (not connected to UPM process).
[Package Manager] Cannot connect to Unity Package Manager local server
Mono: successfully reloaded assembly
- Finished resetting the current domain, in  0.910 seconds
Domain Reload Profiling: 1771ms
	BeginReloadAssembly (215ms)
		ExecutionOrderSort (0ms)
		DisableScriptedObjects (7ms)
		BackupInstance (0ms)
		ReleaseScriptingObjects (0ms)
		CreateAndSetChildDomain (34ms)
	RebuildCommonClasses (44ms)
	RebuildNativeTypeToScriptingClass (11ms)
	initialDomainReloadingComplete (58ms)
	LoadAllAssembliesAndSetupDomain (532ms)
		LoadAssemblies (474ms)
		RebuildTransferFunctionScriptingTraits (0ms)
		AnalyzeDomain (180ms)
			TypeCache.Refresh (149ms)
				TypeCache.ScanAssembly (122ms)
			ScanForSourceGeneratedMonoScriptInfo (26ms)
			ResolveRequiredComponents (4ms)
	FinalizeReload (911ms)
		ReleaseScriptCaches (0ms)
		RebuildScriptCaches (0ms)
		SetupLoadedEditorAssemblies (683ms)
			LogAssemblyErrors (0ms)
			InitializePlatformSupportModulesInManaged (35ms)
			SetLoadedEditorAssemblies (8ms)
			RefreshPlugins (0ms)
			BeforeProcessingInitializeOnLoad (69ms)
			ProcessInitializeOnLoadAttributes (362ms)
			ProcessInitializeOnLoadMethodAttributes (202ms)
			AfterProcessingInitializeOnLoad (7ms)
			EditorAssembliesLoaded (0ms)
		ExecutionOrderSort2 (0ms)
		AwakeInstancesAfterBackupRestoration (8ms)
Launched and connected shader compiler UnityShaderCompiler.exe after 0.07 seconds
Refreshing native plugins compatible for Editor in 8.95 ms, found 2 plugins.
Preloading 0 native plugins for Editor in 0.00 ms.
Unloading 2571 Unused Serialized files (Serialized files now loaded: 0)
Unloading 62 unused Assets / (69.8 KB). Loaded Objects now: 3016.
Memory consumption went from 115.3 MB to 115.2 MB.
Total: 11.392200 ms (FindLiveObjects: 0.475400 ms CreateObjectMapping: 0.305400 ms MarkObjects: 10.340100 ms  DeleteObjects: 0.268900 ms)

AssetImportParameters requested are different than current active one (requested -> active):
  custom:video-decoder-webm-vp8: 9c59270c3fd7afecdb556c50c9e8de78 -> 
  custom:SearchIndexIgnoredProperties: e643bd26f0fe6173181afceb89e7c659 -> 
  custom:container-demuxer-ogg: 62fdf1f143b41e24485cea50d1cbac27 -> 
  custom:AudioImporter_EditorPlatform: d09bf68614088b80899f8185d706f6e7 -> 
  custom:video-codec-MediaFoundation-h265: 746d11721c4dcdbdad8f713fa42b33f4 -> 
  custom:video-decoder-ogg-theora: a1e56fd34408186e4bbccfd4996cb3dc -> 
  custom:framework-win-MediaFoundation: 216162199b28c13a410421893ffa2e32 -> 
  custom:video-encoder-webm-vp8: eb34c28f22e8b96e1ab97ce403110664 -> 
  custom:audio-decoder-ogg-vorbis: bf7c407c2cedff20999df2af8eb42d56 -> 
  custom:CustomObjectIndexerAttribute: 9a22284fe3817be447336de3de66b15e -> 
  custom:container-demuxer-webm: 4f35f7cbe854078d1ac9338744f61a02 -> 
  custom:audio-encoder-webm-vorbis: bf7c407c2cedff20999df2af8eb42d56 -> 
  custom:container-muxer-webm: aa71ff27fc2769a1b78a27578f13a17b -> 
========================================================================
Received Import Request.
  Time since last request: 10651.854717 seconds.
  path: Assets/Scenes/SampleScene.unity
  artifactKey: Guid(a594ee5fb46d740029b91c4f3a0ae6ff) Importer(815301076,1909f56bfc062723c751e8b465ee728b)
Start importing Assets/Scenes/SampleScene.unity using Guid(a594ee5fb46d740029b91c4f3a0ae6ff) Importer(815301076,1909f56bfc062723c751e8b465ee728b)  -> (artifact id: '0d1572f326f38cf63fd7a9c43fdfddd2') in 0.006994 seconds
Number of updated asset objects reloaded before import = 0
Number of asset objects unloaded after import = 0
========================================================================
Received Import Request.
  Time since last request: 0.000046 seconds.
  path: Assets/Scenes
  artifactKey: Guid(724f795b2514b4ebabf1757f1e43f2bd) Importer(815301076,1909f56bfc062723c751e8b465ee728b)
Start importing Assets/Scenes using Guid(724f795b2514b4ebabf1757f1e43f2bd) Importer(815301076,1909f56bfc062723c751e8b465ee728b)  -> (artifact id: '8aec47ddc01f08e41528652401dabf85') in 0.001009 seconds
Number of updated asset objects reloaded before import = 0
Number of asset objects unloaded after import = 0
========================================================================
Received Prepare
Begin MonoManager ReloadAssembly
Symbol file LoadedFromMemory is not a mono symbol file
- Loaded All Assemblies, in  0.556 seconds
Refreshing native plugins compatible for Editor in 7.82 ms, found 2 plugins.
Native extension for WindowsStandalone target not found
Native extension for Android target not found
Native extension for WebGL target not found
[Package Manager] Server::EnsureServerProcessIsRunning -- launch failed, reason: Unity was launched with the -noUpm command-line argument
[Package Manager] UpmClient::Send -- Unable to send message (not connected to UPM process).
[Package Manager] Cannot connect to Unity Package Manager local server
Mono: successfully reloaded assembly
- Finished resetting the current domain, in  1.148 seconds
Domain Reload Profiling: 1701ms
	BeginReloadAssembly (194ms)
		ExecutionOrderSort (0ms)
		DisableScriptedObjects (7ms)
		BackupInstance (0ms)
		ReleaseScriptingObjects (0ms)
		CreateAndSetChildDomain (41ms)
	RebuildCommonClasses (60ms)
	RebuildNativeTypeToScriptingClass (12ms)
	initialDomainReloadingComplete (31ms)
	LoadAllAssembliesAndSetupDomain (256ms)
		LoadAssemblies (358ms)
		RebuildTransferFunctionScriptingTraits (0ms)
		AnalyzeDomain (15ms)
			TypeCache.Refresh (6ms)
				TypeCache.ScanAssembly (0ms)
			ScanForSourceGeneratedMonoScriptInfo (0ms)
			ResolveRequiredComponents (7ms)
	FinalizeReload (1148ms)
		ReleaseScriptCaches (0ms)
		RebuildScriptCaches (0ms)
		SetupLoadedEditorAssemblies (637ms)
			LogAssemblyErrors (0ms)
			InitializePlatformSupportModulesInManaged (42ms)
			SetLoadedEditorAssemblies (7ms)
			RefreshPlugins (0ms)
			BeforeProcessingInitializeOnLoad (82ms)
			ProcessInitializeOnLoadAttributes (333ms)
			ProcessInitializeOnLoadMethodAttributes (168ms)
			AfterProcessingInitializeOnLoad (5ms)
			EditorAssembliesLoaded (0ms)
		ExecutionOrderSort2 (0ms)
		AwakeInstancesAfterBackupRestoration (7ms)
Refreshing native plugins compatible for Editor in 12.08 ms, found 2 plugins.
Preloading 0 native plugins for Editor in 0.00 ms.
Unloading 2562 Unused Serialized files (Serialized files now loaded: 0)
Unloading 51 unused Assets / (43.5 KB). Loaded Objects now: 3019.
Memory consumption went from 115.0 MB to 115.0 MB.
Total: 10.656800 ms (FindLiveObjects: 0.325200 ms CreateObjectMapping: 0.078300 ms MarkObjects: 10.117500 ms  DeleteObjects: 0.133400 ms)

Prepare: number of updated asset objects reloaded= 0
AssetImportParameters requested are different than current active one (requested -> active):
  custom:video-decoder-webm-vp8: 9c59270c3fd7afecdb556c50c9e8de78 -> 
  custom:SearchIndexIgnoredProperties: e643bd26f0fe6173181afceb89e7c659 -> 
  custom:container-demuxer-ogg: 62fdf1f143b41e24485cea50d1cbac27 -> 
  custom:AudioImporter_EditorPlatform: d09bf68614088b80899f8185d706f6e7 -> 
  custom:video-codec-MediaFoundation-h265: 746d11721c4dcdbdad8f713fa42b33f4 -> 
  custom:video-decoder-ogg-theora: a1e56fd34408186e4bbccfd4996cb3dc -> 
  custom:framework-win-MediaFoundation: 216162199b28c13a410421893ffa2e32 -> 
  custom:video-encoder-webm-vp8: eb34c28f22e8b96e1ab97ce403110664 -> 
  custom:audio-decoder-ogg-vorbis: bf7c407c2cedff20999df2af8eb42d56 -> 
  custom:CustomObjectIndexerAttribute: 9a22284fe3817be447336de3de66b15e -> 
  custom:container-demuxer-webm: 4f35f7cbe854078d1ac9338744f61a02 -> 
  custom:audio-encoder-webm-vorbis: bf7c407c2cedff20999df2af8eb42d56 -> 
  custom:container-muxer-webm: aa71ff27fc2769a1b78a27578f13a17b -> 
========================================================================
Received Prepare
Begin MonoManager ReloadAssembly
Symbol file LoadedFromMemory is not a mono symbol file
- Loaded All Assemblies, in  0.575 seconds
Refreshing native plugins compatible for Editor in 9.06 ms, found 2 plugins.
Native extension for WindowsStandalone target not found
Native extension for Android target not found
Native extension for WebGL target not found
[Package Manager] Server::EnsureServerProcessIsRunning -- launch failed, reason: Unity was launched with the -noUpm command-line argument
[Package Manager] UpmClient::Send -- Unable to send message (not connected to UPM process).
[Package Manager] Cannot connect to Unity Package Manager local server
Mono: successfully reloaded assembly
- Finished resetting the current domain, in  1.265 seconds
Domain Reload Profiling: 1837ms
	BeginReloadAssembly (189ms)
		ExecutionOrderSort (0ms)
		DisableScriptedObjects (6ms)
		BackupInstance (0ms)
		ReleaseScriptingObjects (0ms)
		CreateAndSetChildDomain (52ms)
	RebuildCommonClasses (33ms)
	RebuildNativeTypeToScriptingClass (11ms)
	initialDomainReloadingComplete (32ms)
	LoadAllAssembliesAndSetupDomain (307ms)
		LoadAssemblies (387ms)
		RebuildTransferFunctionScriptingTraits (0ms)
		AnalyzeDomain (15ms)
			TypeCache.Refresh (8ms)
				TypeCache.ScanAssembly (0ms)
			ScanForSourceGeneratedMonoScriptInfo (0ms)
			ResolveRequiredComponents (5ms)
	FinalizeReload (1266ms)
		ReleaseScriptCaches (0ms)
		RebuildScriptCaches (0ms)
		SetupLoadedEditorAssemblies (794ms)
			LogAssemblyErrors (0ms)
			InitializePlatformSupportModulesInManaged (42ms)
			SetLoadedEditorAssemblies (6ms)
			RefreshPlugins (0ms)
			BeforeProcessingInitializeOnLoad (86ms)
			ProcessInitializeOnLoadAttributes (412ms)
			ProcessInitializeOnLoadMethodAttributes (240ms)
			AfterProcessingInitializeOnLoad (6ms)
			EditorAssembliesLoaded (1ms)
		ExecutionOrderSort2 (0ms)
		AwakeInstancesAfterBackupRestoration (9ms)
Refreshing native plugins compatible for Editor in 10.09 ms, found 2 plugins.
Preloading 0 native plugins for Editor in 0.00 ms.
Unloading 2563 Unused Serialized files (Serialized files now loaded: 0)
Unloading 51 unused Assets / (43.4 KB). Loaded Objects now: 3022.
Memory consumption went from 117.2 MB to 117.2 MB.
Total: 9.123600 ms (FindLiveObjects: 0.608300 ms CreateObjectMapping: 0.099600 ms MarkObjects: 8.292400 ms  DeleteObjects: 0.120700 ms)

Prepare: number of updated asset objects reloaded= 0
AssetImportParameters requested are different than current active one (requested -> active):
  custom:video-decoder-webm-vp8: 9c59270c3fd7afecdb556c50c9e8de78 -> 
  custom:SearchIndexIgnoredProperties: e643bd26f0fe6173181afceb89e7c659 -> 
  custom:container-demuxer-ogg: 62fdf1f143b41e24485cea50d1cbac27 -> 
  custom:AudioImporter_EditorPlatform: d09bf68614088b80899f8185d706f6e7 -> 
  custom:video-codec-MediaFoundation-h265: 746d11721c4dcdbdad8f713fa42b33f4 -> 
  custom:video-decoder-ogg-theora: a1e56fd34408186e4bbccfd4996cb3dc -> 
  custom:framework-win-MediaFoundation: 216162199b28c13a410421893ffa2e32 -> 
  custom:video-encoder-webm-vp8: eb34c28f22e8b96e1ab97ce403110664 -> 
  custom:audio-decoder-ogg-vorbis: bf7c407c2cedff20999df2af8eb42d56 -> 
  custom:CustomObjectIndexerAttribute: 9a22284fe3817be447336de3de66b15e -> 
  custom:container-demuxer-webm: 4f35f7cbe854078d1ac9338744f61a02 -> 
  custom:audio-encoder-webm-vorbis: bf7c407c2cedff20999df2af8eb42d56 -> 
  custom:container-muxer-webm: aa71ff27fc2769a1b78a27578f13a17b -> 
========================================================================
Received Import Request.
  Time since last request: 256.337075 seconds.
  path: Assets/Crossy Road
  artifactKey: Guid(396ca4264c556a7448a5203fd2df86b1) Importer(815301076,1909f56bfc062723c751e8b465ee728b)
Start importing Assets/Crossy Road using Guid(396ca4264c556a7448a5203fd2df86b1) Importer(815301076,1909f56bfc062723c751e8b465ee728b)  -> (artifact id: '95cfed423ac121855f0737c00b62dc27') in 0.003785 seconds
Number of updated asset objects reloaded before import = 0
Number of asset objects unloaded after import = 0
========================================================================
Received Import Request.
  Time since last request: 1.832364 seconds.
  path: Assets/Resources
  artifactKey: Guid(9a21cf998ce60164f975cf1e6bf8de78) Importer(815301076,1909f56bfc062723c751e8b465ee728b)
Start importing Assets/Resources using Guid(9a21cf998ce60164f975cf1e6bf8de78) Importer(815301076,1909f56bfc062723c751e8b465ee728b)  -> (artifact id: '1de83252dae8ff7e903c06072cf38e19') in 0.000669 seconds
Number of updated asset objects reloaded before import = 0
Number of asset objects unloaded after import = 0
========================================================================
Received Import Request.
  Time since last request: 3.400447 seconds.
  path: Assets/Crossy Road/Prefabs
  artifactKey: Guid(5fc54816d915fb544b70e792de1eb465) Importer(815301076,1909f56bfc062723c751e8b465ee728b)
Start importing Assets/Crossy Road/Prefabs using Guid(5fc54816d915fb544b70e792de1eb465) Importer(815301076,1909f56bfc062723c751e8b465ee728b)  -> (artifact id: '39e45e0c564623e0378faca1ade7a709') in 0.000523 seconds
Number of updated asset objects reloaded before import = 0
Number of asset objects unloaded after import = 0
========================================================================
Received Import Request.
  Time since last request: 0.289790 seconds.
  path: Assets/Crossy Road/Prefabs/Player.prefab
  artifactKey: Guid(73c6e0e5f5826440d9151a9b462ac59e) Importer(815301076,1909f56bfc062723c751e8b465ee728b)
Start importing Assets/Crossy Road/Prefabs/Player.prefab using Guid(73c6e0e5f5826440d9151a9b462ac59e) Importer(815301076,1909f56bfc062723c751e8b465ee728b)  -> (artifact id: 'c1e4c69dc616e1f0dc36f343d281490d') in 0.151150 seconds
Number of updated asset objects reloaded before import = 0
Number of asset objects unloaded after import = 44
========================================================================
Received Import Request.
  Time since last request: 1.030207 seconds.
  path: Assets/Crossy Road/Prefabs/Grounds
  artifactKey: Guid(3022a81a455724aa2943c67f5dc75d88) Importer(815301076,1909f56bfc062723c751e8b465ee728b)
Start importing Assets/Crossy Road/Prefabs/Grounds using Guid(3022a81a455724aa2943c67f5dc75d88) Importer(815301076,1909f56bfc062723c751e8b465ee728b)  -> (artifact id: 'd1e0d38157b4b0a6e86d05f6ac965f28') in 0.000620 seconds
Number of updated asset objects reloaded before import = 0
Number of asset objects unloaded after import = 0
========================================================================
Received Import Request.
  Time since last request: 0.087169 seconds.
  path: Assets/Crossy Road/Prefabs/Grounds/grassOne.prefab
  artifactKey: Guid(ce982e585b9788144ba6154129f84b06) Importer(815301076,1909f56bfc062723c751e8b465ee728b)
Start importing Assets/Crossy Road/Prefabs/Grounds/grassOne.prefab using Guid(ce982e585b9788144ba6154129f84b06) Importer(815301076,1909f56bfc062723c751e8b465ee728b)  -> (artifact id: 'a6ad9961705806e4135a9f86977ef601') in 0.364422 seconds
Number of updated asset objects reloaded before import = 0
Number of asset objects unloaded after import = 71
========================================================================
Received Import Request.
  Time since last request: 0.000042 seconds.
  path: Assets/Crossy Road/Prefabs/Grounds/railroad.prefab
  artifactKey: Guid(82d9c4adfc0d40b49ad4a7dd0b298b9a) Importer(815301076,1909f56bfc062723c751e8b465ee728b)
Start importing Assets/Crossy Road/Prefabs/Grounds/railroad.prefab using Guid(82d9c4adfc0d40b49ad4a7dd0b298b9a) Importer(815301076,1909f56bfc062723c751e8b465ee728b)  -> (artifact id: '2a4acef7384a9e413aecb93a0b1a2b1a') in 0.051621 seconds
Number of updated asset objects reloaded before import = 0
Number of asset objects unloaded after import = 178
========================================================================
Received Import Request.
  Time since last request: 0.000052 seconds.
  path: Assets/Crossy Road/Prefabs/Grounds/water.prefab
  artifactKey: Guid(508940e8e0a497243b7dc9f78fc61cf8) Importer(815301076,1909f56bfc062723c751e8b465ee728b)
Start importing Assets/Crossy Road/Prefabs/Grounds/water.prefab using Guid(508940e8e0a497243b7dc9f78fc61cf8) Importer(815301076,1909f56bfc062723c751e8b465ee728b)  -> (artifact id: 'b6c1f37df3b6cf37aa00e3a7134529ba') in 0.025034 seconds
Number of updated asset objects reloaded before import = 0
Number of asset objects unloaded after import = 54
========================================================================
Received Import Request.
  Time since last request: 0.000032 seconds.
  path: Assets/Crossy Road/Prefabs/Grounds/roadOne.prefab
  artifactKey: Guid(73c5604e817fc0a44a46505ca4499d3a) Importer(815301076,1909f56bfc062723c751e8b465ee728b)
Start importing Assets/Crossy Road/Prefabs/Grounds/roadOne.prefab using Guid(73c5604e817fc0a44a46505ca4499d3a) Importer(815301076,1909f56bfc062723c751e8b465ee728b)  -> (artifact id: '1f29c3a77836be88f5e6e63bbbcf6290') in 0.038712 seconds
Number of updated asset objects reloaded before import = 0
Number of asset objects unloaded after import = 101
========================================================================
Received Import Request.
  Time since last request: 0.000035 seconds.
  path: Assets/Crossy Road/Prefabs/Grounds/roadTwo.prefab
  artifactKey: Guid(d73cba9fda67c514a9f5de55b68877ab) Importer(815301076,1909f56bfc062723c751e8b465ee728b)
Start importing Assets/Crossy Road/Prefabs/Grounds/roadTwo.prefab using Guid(d73cba9fda67c514a9f5de55b68877ab) Importer(815301076,1909f56bfc062723c751e8b465ee728b)  -> (artifact id: '18cd1bb8b76ed419ac960e49725411d2') in 0.032957 seconds
Number of updated asset objects reloaded before import = 0
Number of asset objects unloaded after import = 115
========================================================================
Received Import Request.
  Time since last request: 2.538022 seconds.
  path: Assets/Crossy Road/Prefabs/Players
  artifactKey: Guid(930e701721af62d4b8adb902472a3258) Importer(815301076,1909f56bfc062723c751e8b465ee728b)
Start importing Assets/Crossy Road/Prefabs/Players using Guid(930e701721af62d4b8adb902472a3258) Importer(815301076,1909f56bfc062723c751e8b465ee728b)  -> (artifact id: '2834007bdd61238cc1d453e43b533232') in 0.000677 seconds
Number of updated asset objects reloaded before import = 0
Number of asset objects unloaded after import = 0
========================================================================
Received Prepare
Begin MonoManager ReloadAssembly
Symbol file LoadedFromMemory is not a mono symbol file
- Loaded All Assemblies, in  0.597 seconds
Refreshing native plugins compatible for Editor in 10.82 ms, found 2 plugins.
Native extension for WindowsStandalone target not found
Native extension for Android target not found
Native extension for WebGL target not found
[Package Manager] Server::EnsureServerProcessIsRunning -- launch failed, reason: Unity was launched with the -noUpm command-line argument
[Package Manager] UpmClient::Send -- Unable to send message (not connected to UPM process).
[Package Manager] Cannot connect to Unity Package Manager local server
Mono: successfully reloaded assembly
- Finished resetting the current domain, in  1.230 seconds
Domain Reload Profiling: 1825ms
	BeginReloadAssembly (195ms)
		ExecutionOrderSort (0ms)
		DisableScriptedObjects (7ms)
		BackupInstance (0ms)
		ReleaseScriptingObjects (0ms)
		CreateAndSetChildDomain (58ms)
	RebuildCommonClasses (43ms)
	RebuildNativeTypeToScriptingClass (11ms)
	initialDomainReloadingComplete (32ms)
	LoadAllAssembliesAndSetupDomain (313ms)
		LoadAssemblies (394ms)
		RebuildTransferFunctionScriptingTraits (0ms)
		AnalyzeDomain (14ms)
			TypeCache.Refresh (7ms)
				TypeCache.ScanAssembly (0ms)
			ScanForSourceGeneratedMonoScriptInfo (0ms)
			ResolveRequiredComponents (6ms)
	FinalizeReload (1231ms)
		ReleaseScriptCaches (0ms)
		RebuildScriptCaches (0ms)
		SetupLoadedEditorAssemblies (739ms)
			LogAssemblyErrors (0ms)
			InitializePlatformSupportModulesInManaged (34ms)
			SetLoadedEditorAssemblies (5ms)
			RefreshPlugins (0ms)
			BeforeProcessingInitializeOnLoad (81ms)
			ProcessInitializeOnLoadAttributes (372ms)
			ProcessInitializeOnLoadMethodAttributes (241ms)
			AfterProcessingInitializeOnLoad (7ms)
			EditorAssembliesLoaded (1ms)
		ExecutionOrderSort2 (0ms)
		AwakeInstancesAfterBackupRestoration (9ms)
Refreshing native plugins compatible for Editor in 11.13 ms, found 2 plugins.
Preloading 0 native plugins for Editor in 0.00 ms.
Unloading 2562 Unused Serialized files (Serialized files now loaded: 0)
Unloading 52 unused Assets / (71.7 KB). Loaded Objects now: 3034.
Memory consumption went from 119.6 MB to 119.6 MB.
Total: 7.712200 ms (FindLiveObjects: 0.245800 ms CreateObjectMapping: 0.071900 ms MarkObjects: 7.145300 ms  DeleteObjects: 0.247100 ms)

Prepare: number of updated asset objects reloaded= 0
AssetImportParameters requested are different than current active one (requested -> active):
  custom:video-decoder-webm-vp8: 9c59270c3fd7afecdb556c50c9e8de78 -> 
  custom:SearchIndexIgnoredProperties: e643bd26f0fe6173181afceb89e7c659 -> 
  custom:container-demuxer-ogg: 62fdf1f143b41e24485cea50d1cbac27 -> 
  custom:AudioImporter_EditorPlatform: d09bf68614088b80899f8185d706f6e7 -> 
  custom:video-codec-MediaFoundation-h265: 746d11721c4dcdbdad8f713fa42b33f4 -> 
  custom:video-decoder-ogg-theora: a1e56fd34408186e4bbccfd4996cb3dc -> 
  custom:framework-win-MediaFoundation: 216162199b28c13a410421893ffa2e32 -> 
  custom:video-encoder-webm-vp8: eb34c28f22e8b96e1ab97ce403110664 -> 
  custom:audio-decoder-ogg-vorbis: bf7c407c2cedff20999df2af8eb42d56 -> 
  custom:CustomObjectIndexerAttribute: 9a22284fe3817be447336de3de66b15e -> 
  custom:container-demuxer-webm: 4f35f7cbe854078d1ac9338744f61a02 -> 
  custom:audio-encoder-webm-vorbis: bf7c407c2cedff20999df2af8eb42d56 -> 
  custom:container-muxer-webm: aa71ff27fc2769a1b78a27578f13a17b -> 
========================================================================
Received Import Request.
  Time since last request: 118.699512 seconds.
  path: Assets/Crossy Road/Prefabs/Objects/car_purple.prefab
  artifactKey: Guid(41387607d4f8d9e44a9e813c776943d4) Importer(815301076,1909f56bfc062723c751e8b465ee728b)
Start importing Assets/Crossy Road/Prefabs/Objects/car_purple.prefab using Guid(41387607d4f8d9e44a9e813c776943d4) Importer(815301076,1909f56bfc062723c751e8b465ee728b)  -> (artifact id: '81a7eca9ea215dbfd26a32a5f06e419c') in 0.220902 seconds
Number of updated asset objects reloaded before import = 0
Number of asset objects unloaded after import = 13
========================================================================
Received Import Request.
  Time since last request: 0.000031 seconds.
  path: Assets/Crossy Road/Prefabs/Objects/logS.prefab
  artifactKey: Guid(6d570485508ed6f4e82007858235db86) Importer(815301076,1909f56bfc062723c751e8b465ee728b)
Start importing Assets/Crossy Road/Prefabs/Objects/logS.prefab using Guid(6d570485508ed6f4e82007858235db86) Importer(815301076,1909f56bfc062723c751e8b465ee728b)  -> (artifact id: '145b0c71d33f6ff2ead1193af96d58f0') in 0.047467 seconds
Number of updated asset objects reloaded before import = 0
Number of asset objects unloaded after import = 9
========================================================================
Received Import Request.
  Time since last request: 0.000237 seconds.
  path: Assets/Crossy Road/Prefabs/Objects/logShort.prefab
  artifactKey: Guid(a95b6d6c69aeacf40aa66dce9cd6788a) Importer(815301076,1909f56bfc062723c751e8b465ee728b)
Start importing Assets/Crossy Road/Prefabs/Objects/logShort.prefab using Guid(a95b6d6c69aeacf40aa66dce9cd6788a) Importer(815301076,1909f56bfc062723c751e8b465ee728b)  -> (artifact id: 'ba61ce8f30a105442fd5c65ca8c36053') in 0.022929 seconds
Number of updated asset objects reloaded before import = 0
Number of asset objects unloaded after import = 13
========================================================================
Received Import Request.
  Time since last request: 0.000025 seconds.
  path: Assets/Crossy Road/Prefabs/Objects/traincar3.prefab
  artifactKey: Guid(e75094eefb6155e4da6b487307f7463c) Importer(815301076,1909f56bfc062723c751e8b465ee728b)
Start importing Assets/Crossy Road/Prefabs/Objects/traincar3.prefab using Guid(e75094eefb6155e4da6b487307f7463c) Importer(815301076,1909f56bfc062723c751e8b465ee728b)  -> (artifact id: 'cc69b1acf040f19ee6d9d29902daec51') in 0.033591 seconds
Number of updated asset objects reloaded before import = 0
Number of asset objects unloaded after import = 29
========================================================================
Received Import Request.
  Time since last request: 0.000033 seconds.
  path: Assets/Crossy Road/Prefabs/Objects/logL.prefab
  artifactKey: Guid(6360cdd0ba540b44b9f7afc1900226aa) Importer(815301076,1909f56bfc062723c751e8b465ee728b)
Start importing Assets/Crossy Road/Prefabs/Objects/logL.prefab using Guid(6360cdd0ba540b44b9f7afc1900226aa) Importer(815301076,1909f56bfc062723c751e8b465ee728b)  -> (artifact id: 'c47f101e5706066b34a519028cf21db5') in 0.018586 seconds
Number of updated asset objects reloaded before import = 0
Number of asset objects unloaded after import = 9
========================================================================
Received Import Request.
  Time since last request: 0.000021 seconds.
  path: Assets/Crossy Road/Prefabs/Objects/traincarfront.prefab
  artifactKey: Guid(dc0ce06d2d9641c4faa7bd491051d050) Importer(815301076,1909f56bfc062723c751e8b465ee728b)
Start importing Assets/Crossy Road/Prefabs/Objects/traincarfront.prefab using Guid(dc0ce06d2d9641c4faa7bd491051d050) Importer(815301076,1909f56bfc062723c751e8b465ee728b)  -> (artifact id: '832700698eedc7149dde89d26695937d') in 0.026281 seconds
Number of updated asset objects reloaded before import = 0
Number of asset objects unloaded after import = 18
========================================================================
Received Import Request.
  Time since last request: 0.000033 seconds.
  path: Assets/Crossy Road/Prefabs/Objects/traincar.prefab
  artifactKey: Guid(8fe5ce90cfc249d4881aca586b4c9ecb) Importer(815301076,1909f56bfc062723c751e8b465ee728b)
Start importing Assets/Crossy Road/Prefabs/Objects/traincar.prefab using Guid(8fe5ce90cfc249d4881aca586b4c9ecb) Importer(815301076,1909f56bfc062723c751e8b465ee728b)  -> (artifact id: '8c44dc8a663dcf6c316490f909279fde') in 0.024137 seconds
Number of updated asset objects reloaded before import = 0
Number of asset objects unloaded after import = 11
========================================================================
Received Import Request.
  Time since last request: 0.000040 seconds.
  path: Assets/Crossy Road/Prefabs/Objects/traincar4.prefab
  artifactKey: Guid(17392426b6b1daf4289ecf88ac5be484) Importer(815301076,1909f56bfc062723c751e8b465ee728b)
Start importing Assets/Crossy Road/Prefabs/Objects/traincar4.prefab using Guid(17392426b6b1daf4289ecf88ac5be484) Importer(815301076,1909f56bfc062723c751e8b465ee728b)  -> (artifact id: '331ed7d0d5020be05efffe31db2ee38a') in 0.029072 seconds
Number of updated asset objects reloaded before import = 0
Number of asset objects unloaded after import = 37
========================================================================
Received Import Request.
  Time since last request: 0.000040 seconds.
  path: Assets/Crossy Road/Prefabs/Objects/logMedium.prefab
  artifactKey: Guid(2c5d3e1e13fc85d408bc6d03b6f5d497) Importer(815301076,1909f56bfc062723c751e8b465ee728b)
Start importing Assets/Crossy Road/Prefabs/Objects/logMedium.prefab using Guid(2c5d3e1e13fc85d408bc6d03b6f5d497) Importer(815301076,1909f56bfc062723c751e8b465ee728b)  -> (artifact id: '4c2cc92960823017c0d91a6181d7716b') in 0.024026 seconds
Number of updated asset objects reloaded before import = 0
Number of asset objects unloaded after import = 13
========================================================================
Received Import Request.
  Time since last request: 0.000053 seconds.
  path: Assets/Crossy Road/Prefabs/Objects
  artifactKey: Guid(50577f177dc99cf469a20cd100a4bcb8) Importer(815301076,1909f56bfc062723c751e8b465ee728b)
Start importing Assets/Crossy Road/Prefabs/Objects using Guid(50577f177dc99cf469a20cd100a4bcb8) Importer(815301076,1909f56bfc062723c751e8b465ee728b)  -> (artifact id: '6bff9b8a8867d56d8ce84cd71e41fbd8') in 0.001087 seconds
Number of updated asset objects reloaded before import = 0
Number of asset objects unloaded after import = 0
========================================================================
Received Import Request.
  Time since last request: 0.000253 seconds.
  path: Assets/Crossy Road/Prefabs/Objects/traincar2.prefab
  artifactKey: Guid(b744b5c57a4c5c24b8c64a24a081fdf6) Importer(815301076,1909f56bfc062723c751e8b465ee728b)
Start importing Assets/Crossy Road/Prefabs/Objects/traincar2.prefab using Guid(b744b5c57a4c5c24b8c64a24a081fdf6) Importer(815301076,1909f56bfc062723c751e8b465ee728b)  -> (artifact id: 'ba9677fa14ee01287b3a9d47840fce93') in 0.027946 seconds
Number of updated asset objects reloaded before import = 0
Number of asset objects unloaded after import = 25
========================================================================
Received Import Request.
  Time since last request: 0.000039 seconds.
  path: Assets/Crossy Road/Prefabs/Objects/truck.prefab
  artifactKey: Guid(9c53222ecfac6ea429120bfdda9abcd7) Importer(815301076,1909f56bfc062723c751e8b465ee728b)
Start importing Assets/Crossy Road/Prefabs/Objects/truck.prefab using Guid(9c53222ecfac6ea429120bfdda9abcd7) Importer(815301076,1909f56bfc062723c751e8b465ee728b)  -> (artifact id: '24445612a644f514985a2f19a767c59c') in 0.025155 seconds
Number of updated asset objects reloaded before import = 0
Number of asset objects unloaded after import = 13
========================================================================
Received Import Request.
  Time since last request: 0.000143 seconds.
  path: Assets/Crossy Road/Prefabs/Objects/logM.prefab
  artifactKey: Guid(8858d9d38bbd1cf439c9537445a76b04) Importer(815301076,1909f56bfc062723c751e8b465ee728b)
Start importing Assets/Crossy Road/Prefabs/Objects/logM.prefab using Guid(8858d9d38bbd1cf439c9537445a76b04) Importer(815301076,1909f56bfc062723c751e8b465ee728b)  -> (artifact id: 'e74dba5807a63fddf4e06e6c8e942fa3') in 0.045432 seconds
Number of updated asset objects reloaded before import = 0
Number of asset objects unloaded after import = 9
========================================================================
Received Import Request.
  Time since last request: 0.000038 seconds.
  path: Assets/Crossy Road/Prefabs/Objects/treesmall.prefab
  artifactKey: Guid(fc6ee3c6e3de12e488fd0db7b87b1a22) Importer(815301076,1909f56bfc062723c751e8b465ee728b)
Start importing Assets/Crossy Road/Prefabs/Objects/treesmall.prefab using Guid(fc6ee3c6e3de12e488fd0db7b87b1a22) Importer(815301076,1909f56bfc062723c751e8b465ee728b)  -> (artifact id: '286b62f2e84374fd593ac191d3e328eb') in 0.023332 seconds
Number of updated asset objects reloaded before import = 0
Number of asset objects unloaded after import = 10
Editor requested this worker to shutdown with reason: Scaling down because of idle timeout
TcpMessagingSession - receive error: operation aborted. errorcode: 995, details: The I/O operation has been aborted because of either a thread exit or an application request.
AssetImportWorker is now disconnected from the server
Process exiting
Exiting without the bug reporter. Application will terminate with return code 0