Using pre-set license
Built from '2022.3/staging' branch; Version is '2022.3.21f1 (bf09ca542b87) revision 12519882'; Using compiler version '192829333'; Build Type 'Release'
OS: 'Windows 11  (10.0.22631) 64bit Professional' Language: 'en' Physical Memory: 15789 MB
BatchMode: 1, IsHumanControllingUs: 0, StartBugReporterOnCrash: 0, Is64bit: 1, IsPro: 1

COMMAND LINE ARGUMENTS:
C:\Program Files\Unity\Hub\Editor\2022.3.21f1\Editor\Unity.exe
-adb2
-batchMode
-noUpm
-name
AssetImportWorker2
-projectPath
C:/Users/halat/Downloads/crossy-roads-master/crossy-roads-master
-logFile
Logs/AssetImportWorker2.log
-srvPort
51821
Successfully changed project path to: C:/Users/halat/Downloads/crossy-roads-master/crossy-roads-master
C:/Users/halat/Downloads/crossy-roads-master/crossy-roads-master
[UnityMemory] Configuration Parameters - Can be set up in boot.config
    "memorysetup-bucket-allocator-granularity=16"
    "memorysetup-bucket-allocator-bucket-count=8"
    "memorysetup-bucket-allocator-block-size=33554432"
    "memorysetup-bucket-allocator-block-count=8"
    "memorysetup-main-allocator-block-size=16777216"
    "memorysetup-thread-allocator-block-size=16777216"
    "memorysetup-gfx-main-allocator-block-size=16777216"
    "memorysetup-gfx-thread-allocator-block-size=16777216"
    "memorysetup-cache-allocator-block-size=4194304"
    "memorysetup-typetree-allocator-block-size=2097152"
    "memorysetup-profiler-bucket-allocator-granularity=16"
    "memorysetup-profiler-bucket-allocator-bucket-count=8"
    "memorysetup-profiler-bucket-allocator-block-size=33554432"
    "memorysetup-profiler-bucket-allocator-block-count=8"
    "memorysetup-profiler-allocator-block-size=16777216"
    "memorysetup-profiler-editor-allocator-block-size=1048576"
    "memorysetup-temp-allocator-size-main=16777216"
    "memorysetup-job-temp-allocator-block-size=2097152"
    "memorysetup-job-temp-allocator-block-size-background=1048576"
    "memorysetup-job-temp-allocator-reduction-small-platforms=262144"
    "memorysetup-allocator-temp-initial-block-size-main=262144"
    "memorysetup-allocator-temp-initial-block-size-worker=262144"
    "memorysetup-temp-allocator-size-background-worker=32768"
    "memorysetup-temp-allocator-size-job-worker=262144"
    "memorysetup-temp-allocator-size-preload-manager=33554432"
    "memorysetup-temp-allocator-size-nav-mesh-worker=65536"
    "memorysetup-temp-allocator-size-audio-worker=65536"
    "memorysetup-temp-allocator-size-cloud-worker=32768"
    "memorysetup-temp-allocator-size-gi-baking-worker=262144"
    "memorysetup-temp-allocator-size-gfx=262144"
Player connection [23736] Host "[IP] 192.168.150.1 [Port] 0 [Flags] 2 [Guid] 1371501184 [EditorId] 1371501184 [Version] 1048832 [Id] WindowsEditor(7,HALAHABBOUB) [Debug] 1 [PackageName] WindowsEditor [ProjectName] Editor" joined multi-casting on [225.0.0.222:54997]...

Player connection [23736] Host "[IP] 192.168.150.1 [Port] 0 [Flags] 2 [Guid] 1371501184 [EditorId] 1371501184 [Version] 1048832 [Id] WindowsEditor(7,HALAHABBOUB) [Debug] 1 [PackageName] WindowsEditor [ProjectName] Editor" joined alternative multi-casting on [225.0.0.222:34997]...

[Physics::Module] Initialized MultithreadedJobDispatcher with 15 workers.
Refreshing native plugins compatible for Editor in 20.55 ms, found 2 plugins.
Preloading 0 native plugins for Editor in 0.00 ms.
Initialize engine version: 2022.3.21f1 (bf09ca542b87)
[Subsystems] Discovering subsystems at path C:/Program Files/Unity/Hub/Editor/2022.3.21f1/Editor/Data/Resources/UnitySubsystems
[Subsystems] Discovering subsystems at path C:/Users/halat/Downloads/crossy-roads-master/crossy-roads-master/Assets
GfxDevice: creating device client; threaded=0; jobified=0
Direct3D:
    Version:  Direct3D 11.0 [level 11.1]
    Renderer: NVIDIA GeForce RTX 3050 Laptop GPU (ID=0x25a2)
    Vendor:   NVIDIA
    VRAM:     3977 MB
    Driver:   31.0.15.3168
Initialize mono
Mono path[0] = 'C:/Program Files/Unity/Hub/Editor/2022.3.21f1/Editor/Data/Managed'
Mono path[1] = 'C:/Program Files/Unity/Hub/Editor/2022.3.21f1/Editor/Data/MonoBleedingEdge/lib/mono/unityjit-win32'
Mono config path = 'C:/Program Files/Unity/Hub/Editor/2022.3.21f1/Editor/Data/MonoBleedingEdge/etc'
Using monoOptions --debugger-agent=transport=dt_socket,embedding=1,server=y,suspend=n,address=127.0.0.1:56072
Begin MonoManager ReloadAssembly
Registering precompiled unity dll's ...
Register platform support module: C:/Program Files/Unity/Hub/Editor/2022.3.21f1/Editor/Data/PlaybackEngines/WebGLSupport/UnityEditor.WebGL.Extensions.dll
Register platform support module: C:/Program Files/Unity/Hub/Editor/2022.3.21f1/Editor/Data/PlaybackEngines/AndroidPlayer/UnityEditor.Android.Extensions.dll
Register platform support module: C:/Program Files/Unity/Hub/Editor/2022.3.21f1/Editor/Data/PlaybackEngines/WindowsStandaloneSupport/UnityEditor.WindowsStandalone.Extensions.dll
Registered in 0.007724 seconds.
- Loaded All Assemblies, in  0.373 seconds
Native extension for WindowsStandalone target not found
Native extension for Android target not found
Android Extension - Scanning For ADB Devices 256 ms
Native extension for WebGL target not found
Mono: successfully reloaded assembly
- Finished resetting the current domain, in  0.610 seconds
Domain Reload Profiling: 981ms
	BeginReloadAssembly (102ms)
		ExecutionOrderSort (0ms)
		DisableScriptedObjects (0ms)
		BackupInstance (0ms)
		ReleaseScriptingObjects (0ms)
		CreateAndSetChildDomain (1ms)
	RebuildCommonClasses (34ms)
	RebuildNativeTypeToScriptingClass (11ms)
	initialDomainReloadingComplete (59ms)
	LoadAllAssembliesAndSetupDomain (165ms)
		LoadAssemblies (101ms)
		RebuildTransferFunctionScriptingTraits (0ms)
		AnalyzeDomain (162ms)
			TypeCache.Refresh (160ms)
				TypeCache.ScanAssembly (142ms)
			ScanForSourceGeneratedMonoScriptInfo (1ms)
			ResolveRequiredComponents (1ms)
	FinalizeReload (610ms)
		ReleaseScriptCaches (0ms)
		RebuildScriptCaches (0ms)
		SetupLoadedEditorAssemblies (545ms)
			LogAssemblyErrors (0ms)
			InitializePlatformSupportModulesInManaged (368ms)
			SetLoadedEditorAssemblies (6ms)
			RefreshPlugins (0ms)
			BeforeProcessingInitializeOnLoad (2ms)
			ProcessInitializeOnLoadAttributes (122ms)
			ProcessInitializeOnLoadMethodAttributes (47ms)
			AfterProcessingInitializeOnLoad (0ms)
			EditorAssembliesLoaded (0ms)
		ExecutionOrderSort2 (0ms)
		AwakeInstancesAfterBackupRestoration (0ms)
========================================================================
Worker process is ready to serve import requests
Begin MonoManager ReloadAssembly
Symbol file LoadedFromMemory is not a mono symbol file
- Loaded All Assemblies, in  0.625 seconds
Refreshing native plugins compatible for Editor in 6.38 ms, found 2 plugins.
Native extension for WindowsStandalone target not found
Native extension for Android target not found
Native extension for WebGL target not found
Package Manager log level set to [2]
[Package Manager] Server::EnsureServerProcessIsRunning -- launch failed, reason: Unity was launched with the -noUpm command-line argument
[Package Manager] UpmClient::Send -- Unable to send message (not connected to UPM process).
[Package Manager] Cannot connect to Unity Package Manager local server
Mono: successfully reloaded assembly
- Finished resetting the current domain, in  0.739 seconds
Domain Reload Profiling: 1361ms
	BeginReloadAssembly (145ms)
		ExecutionOrderSort (0ms)
		DisableScriptedObjects (5ms)
		BackupInstance (0ms)
		ReleaseScriptingObjects (0ms)
		CreateAndSetChildDomain (23ms)
	RebuildCommonClasses (35ms)
	RebuildNativeTypeToScriptingClass (11ms)
	initialDomainReloadingComplete (39ms)
	LoadAllAssembliesAndSetupDomain (391ms)
		LoadAssemblies (329ms)
		RebuildTransferFunctionScriptingTraits (0ms)
		AnalyzeDomain (144ms)
			TypeCache.Refresh (115ms)
				TypeCache.ScanAssembly (98ms)
			ScanForSourceGeneratedMonoScriptInfo (17ms)
			ResolveRequiredComponents (10ms)
	FinalizeReload (740ms)
		ReleaseScriptCaches (0ms)
		RebuildScriptCaches (0ms)
		SetupLoadedEditorAssemblies (515ms)
			LogAssemblyErrors (0ms)
			InitializePlatformSupportModulesInManaged (25ms)
			SetLoadedEditorAssemblies (4ms)
			RefreshPlugins (0ms)
			BeforeProcessingInitializeOnLoad (56ms)
			ProcessInitializeOnLoadAttributes (269ms)
			ProcessInitializeOnLoadMethodAttributes (156ms)
			AfterProcessingInitializeOnLoad (5ms)
			EditorAssembliesLoaded (0ms)
		ExecutionOrderSort2 (0ms)
		AwakeInstancesAfterBackupRestoration (6ms)
Launched and connected shader compiler UnityShaderCompiler.exe after 0.04 seconds
Refreshing native plugins compatible for Editor in 10.49 ms, found 2 plugins.
Preloading 0 native plugins for Editor in 0.00 ms.
Unloading 2571 Unused Serialized files (Serialized files now loaded: 0)
Unloading 62 unused Assets / (69.7 KB). Loaded Objects now: 3018.
Memory consumption went from 115.5 MB to 115.5 MB.
Total: 7.757500 ms (FindLiveObjects: 0.292500 ms CreateObjectMapping: 0.124100 ms MarkObjects: 7.172300 ms  DeleteObjects: 0.167400 ms)

AssetImportParameters requested are different than current active one (requested -> active):
  custom:video-decoder-webm-vp8: 9c59270c3fd7afecdb556c50c9e8de78 -> 
  custom:SearchIndexIgnoredProperties: e643bd26f0fe6173181afceb89e7c659 -> 
  custom:container-demuxer-ogg: 62fdf1f143b41e24485cea50d1cbac27 -> 
  custom:AudioImporter_EditorPlatform: d09bf68614088b80899f8185d706f6e7 -> 
  custom:video-codec-MediaFoundation-h265: 746d11721c4dcdbdad8f713fa42b33f4 -> 
  custom:video-decoder-ogg-theora: a1e56fd34408186e4bbccfd4996cb3dc -> 
  custom:framework-win-MediaFoundation: 216162199b28c13a410421893ffa2e32 -> 
  custom:video-encoder-webm-vp8: eb34c28f22e8b96e1ab97ce403110664 -> 
  custom:audio-decoder-ogg-vorbis: bf7c407c2cedff20999df2af8eb42d56 -> 
  custom:CustomObjectIndexerAttribute: 9a22284fe3817be447336de3de66b15e -> 
  custom:container-demuxer-webm: 4f35f7cbe854078d1ac9338744f61a02 -> 
  custom:audio-encoder-webm-vorbis: bf7c407c2cedff20999df2af8eb42d56 -> 
  custom:container-muxer-webm: aa71ff27fc2769a1b78a27578f13a17b -> 
========================================================================
Received Import Request.
  Time since last request: 10920.058141 seconds.
  path: Assets/Crossy Road/Prefabs/Players/Player.prefab
  artifactKey: Guid(cb5de0a3b616ad842846549e9afa582e) Importer(815301076,1909f56bfc062723c751e8b465ee728b)
Start importing Assets/Crossy Road/Prefabs/Players/Player.prefab using Guid(cb5de0a3b616ad842846549e9afa582e) Importer(815301076,1909f56bfc062723c751e8b465ee728b)  -> (artifact id: '5e052cd74e39ccf15e3c8b5d37b64886') in 0.133300 seconds
Number of updated asset objects reloaded before import = 0
Number of asset objects unloaded after import = 19
========================================================================
Received Import Request.
  Time since last request: 12.805737 seconds.
  path: Assets/Crossy Road/Prefabs/Player.prefab
  artifactKey: Guid(73c6e0e5f5826440d9151a9b462ac59e) Importer(815301076,1909f56bfc062723c751e8b465ee728b)
Start importing Assets/Crossy Road/Prefabs/Player.prefab using Guid(73c6e0e5f5826440d9151a9b462ac59e) Importer(815301076,1909f56bfc062723c751e8b465ee728b)  -> (artifact id: 'e8a5f1eac7bf25157a9598fbb39ea68d') in 0.022710 seconds
Number of updated asset objects reloaded before import = 0
Number of asset objects unloaded after import = 44
========================================================================
Received Prepare
Begin MonoManager ReloadAssembly
Symbol file LoadedFromMemory is not a mono symbol file
- Loaded All Assemblies, in  0.592 seconds
Refreshing native plugins compatible for Editor in 11.64 ms, found 2 plugins.
Native extension for WindowsStandalone target not found
Native extension for Android target not found
Native extension for WebGL target not found
[Package Manager] Server::EnsureServerProcessIsRunning -- launch failed, reason: Unity was launched with the -noUpm command-line argument
[Package Manager] UpmClient::Send -- Unable to send message (not connected to UPM process).
[Package Manager] Cannot connect to Unity Package Manager local server
Mono: successfully reloaded assembly
- Finished resetting the current domain, in  1.222 seconds
Domain Reload Profiling: 1811ms
	BeginReloadAssembly (203ms)
		ExecutionOrderSort (0ms)
		DisableScriptedObjects (14ms)
		BackupInstance (0ms)
		ReleaseScriptingObjects (0ms)
		CreateAndSetChildDomain (43ms)
	RebuildCommonClasses (38ms)
	RebuildNativeTypeToScriptingClass (16ms)
	initialDomainReloadingComplete (33ms)
	LoadAllAssembliesAndSetupDomain (297ms)
		LoadAssemblies (390ms)
		RebuildTransferFunctionScriptingTraits (0ms)
		AnalyzeDomain (16ms)
			TypeCache.Refresh (7ms)
				TypeCache.ScanAssembly (0ms)
			ScanForSourceGeneratedMonoScriptInfo (0ms)
			ResolveRequiredComponents (6ms)
	FinalizeReload (1223ms)
		ReleaseScriptCaches (0ms)
		RebuildScriptCaches (0ms)
		SetupLoadedEditorAssemblies (720ms)
			LogAssemblyErrors (0ms)
			InitializePlatformSupportModulesInManaged (32ms)
			SetLoadedEditorAssemblies (5ms)
			RefreshPlugins (0ms)
			BeforeProcessingInitializeOnLoad (72ms)
			ProcessInitializeOnLoadAttributes (356ms)
			ProcessInitializeOnLoadMethodAttributes (248ms)
			AfterProcessingInitializeOnLoad (7ms)
			EditorAssembliesLoaded (0ms)
		ExecutionOrderSort2 (0ms)
		AwakeInstancesAfterBackupRestoration (8ms)
Refreshing native plugins compatible for Editor in 11.41 ms, found 2 plugins.
Preloading 0 native plugins for Editor in 0.00 ms.
Unloading 2562 Unused Serialized files (Serialized files now loaded: 0)
Unloading 51 unused Assets / (43.4 KB). Loaded Objects now: 3028.
Memory consumption went from 115.6 MB to 115.5 MB.
Total: 10.077000 ms (FindLiveObjects: 0.506300 ms CreateObjectMapping: 0.290300 ms MarkObjects: 9.137700 ms  DeleteObjects: 0.141200 ms)

Prepare: number of updated asset objects reloaded= 0
AssetImportParameters requested are different than current active one (requested -> active):
  custom:video-decoder-webm-vp8: 9c59270c3fd7afecdb556c50c9e8de78 -> 
  custom:SearchIndexIgnoredProperties: e643bd26f0fe6173181afceb89e7c659 -> 
  custom:container-demuxer-ogg: 62fdf1f143b41e24485cea50d1cbac27 -> 
  custom:AudioImporter_EditorPlatform: d09bf68614088b80899f8185d706f6e7 -> 
  custom:video-codec-MediaFoundation-h265: 746d11721c4dcdbdad8f713fa42b33f4 -> 
  custom:video-decoder-ogg-theora: a1e56fd34408186e4bbccfd4996cb3dc -> 
  custom:framework-win-MediaFoundation: 216162199b28c13a410421893ffa2e32 -> 
  custom:video-encoder-webm-vp8: eb34c28f22e8b96e1ab97ce403110664 -> 
  custom:audio-decoder-ogg-vorbis: bf7c407c2cedff20999df2af8eb42d56 -> 
  custom:CustomObjectIndexerAttribute: 9a22284fe3817be447336de3de66b15e -> 
  custom:container-demuxer-webm: 4f35f7cbe854078d1ac9338744f61a02 -> 
  custom:audio-encoder-webm-vorbis: bf7c407c2cedff20999df2af8eb42d56 -> 
  custom:container-muxer-webm: aa71ff27fc2769a1b78a27578f13a17b -> 
========================================================================
Received Import Request.
  Time since last request: 22.635073 seconds.
  path: Assets/Crossy Road/Prefabs/Player.prefab
  artifactKey: Guid(73c6e0e5f5826440d9151a9b462ac59e) Importer(815301076,1909f56bfc062723c751e8b465ee728b)
Start importing Assets/Crossy Road/Prefabs/Player.prefab using Guid(73c6e0e5f5826440d9151a9b462ac59e) Importer(815301076,1909f56bfc062723c751e8b465ee728b)  -> (artifact id: '6ffd48e4955a4ac64ab23c09bc1c0c4f') in 0.085304 seconds
Number of updated asset objects reloaded before import = 0
Number of asset objects unloaded after import = 44
========================================================================
Received Import Request.
  Time since last request: 8.825673 seconds.
  path: Assets/Crossy Road/Prefabs/Player.prefab
  artifactKey: Guid(73c6e0e5f5826440d9151a9b462ac59e) Importer(815301076,1909f56bfc062723c751e8b465ee728b)
Start importing Assets/Crossy Road/Prefabs/Player.prefab using Guid(73c6e0e5f5826440d9151a9b462ac59e) Importer(815301076,1909f56bfc062723c751e8b465ee728b)  -> (artifact id: '7e43d738672ed9a73571b7dcdb9ecdee') in 0.012737 seconds
Number of updated asset objects reloaded before import = 0
Number of asset objects unloaded after import = 44
========================================================================
Received Import Request.
  Time since last request: 17.182189 seconds.
  path: Assets/Crossy Road/Prefabs/Player.prefab
  artifactKey: Guid(73c6e0e5f5826440d9151a9b462ac59e) Importer(815301076,1909f56bfc062723c751e8b465ee728b)
Start importing Assets/Crossy Road/Prefabs/Player.prefab using Guid(73c6e0e5f5826440d9151a9b462ac59e) Importer(815301076,1909f56bfc062723c751e8b465ee728b)  -> (artifact id: 'e6dc94920a331b4ed011f135748ec81c') in 0.013601 seconds
Number of updated asset objects reloaded before import = 0
Number of asset objects unloaded after import = 44
========================================================================
Received Import Request.
  Time since last request: 22.401578 seconds.
  path: Assets/Crossy Road/Prefabs/Player.prefab
  artifactKey: Guid(73c6e0e5f5826440d9151a9b462ac59e) Importer(815301076,1909f56bfc062723c751e8b465ee728b)
Start importing Assets/Crossy Road/Prefabs/Player.prefab using Guid(73c6e0e5f5826440d9151a9b462ac59e) Importer(815301076,1909f56bfc062723c751e8b465ee728b)  -> (artifact id: '7b8f157464096750745e1bda2ea1ae93') in 0.012946 seconds
Number of updated asset objects reloaded before import = 0
Number of asset objects unloaded after import = 44
========================================================================
Received Import Request.
  Time since last request: 8.297552 seconds.
  path: Assets/Crossy Road/Prefabs/Player.prefab
  artifactKey: Guid(73c6e0e5f5826440d9151a9b462ac59e) Importer(815301076,1909f56bfc062723c751e8b465ee728b)
Start importing Assets/Crossy Road/Prefabs/Player.prefab using Guid(73c6e0e5f5826440d9151a9b462ac59e) Importer(815301076,1909f56bfc062723c751e8b465ee728b)  -> (artifact id: '8d97970bbfc420baa66a00a824337021') in 0.016687 seconds
Number of updated asset objects reloaded before import = 0
Number of asset objects unloaded after import = 44
========================================================================
Received Import Request.
  Time since last request: 20.624367 seconds.
  path: Assets/Crossy Road/Prefabs/Player.prefab
  artifactKey: Guid(73c6e0e5f5826440d9151a9b462ac59e) Importer(815301076,1909f56bfc062723c751e8b465ee728b)
Start importing Assets/Crossy Road/Prefabs/Player.prefab using Guid(73c6e0e5f5826440d9151a9b462ac59e) Importer(815301076,1909f56bfc062723c751e8b465ee728b)  -> (artifact id: '5ce62354183b728f22ea78ff985714f0') in 0.031772 seconds
Number of updated asset objects reloaded before import = 0
Number of asset objects unloaded after import = 44
========================================================================
Received Import Request.
  Time since last request: 2.995111 seconds.
  path: Assets/Crossy Road/Prefabs/Player.prefab
  artifactKey: Guid(73c6e0e5f5826440d9151a9b462ac59e) Importer(815301076,1909f56bfc062723c751e8b465ee728b)
Start importing Assets/Crossy Road/Prefabs/Player.prefab using Guid(73c6e0e5f5826440d9151a9b462ac59e) Importer(815301076,1909f56bfc062723c751e8b465ee728b)  -> (artifact id: 'd8483bedd925c40f2d30564c0aed4f33') in 0.019211 seconds
Number of updated asset objects reloaded before import = 0
Number of asset objects unloaded after import = 44
========================================================================
Received Import Request.
  Time since last request: 0.575871 seconds.
  path: Assets/Crossy Road/Prefabs/Objects/car_orange.prefab
  artifactKey: Guid(39a7e941a64fb034caae3c6c80804ffc) Importer(815301076,1909f56bfc062723c751e8b465ee728b)
Start importing Assets/Crossy Road/Prefabs/Objects/car_orange.prefab using Guid(39a7e941a64fb034caae3c6c80804ffc) Importer(815301076,1909f56bfc062723c751e8b465ee728b)  -> (artifact id: 'e6ca2d877ff12377a288e9ef18c63cfc') in 0.091640 seconds
Number of updated asset objects reloaded before import = 0
Number of asset objects unloaded after import = 13
========================================================================
Received Import Request.
  Time since last request: 0.000463 seconds.
  path: Assets/Crossy Road/Prefabs/Objects/lightpole.prefab
  artifactKey: Guid(831bcb9cf1eeccc4da09527d720806df) Importer(815301076,1909f56bfc062723c751e8b465ee728b)
Start importing Assets/Crossy Road/Prefabs/Objects/lightpole.prefab using Guid(831bcb9cf1eeccc4da09527d720806df) Importer(815301076,1909f56bfc062723c751e8b465ee728b)  -> (artifact id: '247d256e95b45a7ef49efc57921a5e31') in 0.041517 seconds
Number of updated asset objects reloaded before import = 0
Number of asset objects unloaded after import = 11
========================================================================
Received Import Request.
  Time since last request: 0.000040 seconds.
  path: Assets/Crossy Road/Prefabs/Objects/car_red.prefab
  artifactKey: Guid(4195b4ff6d0a23f42ad9b7dbe76a33e3) Importer(815301076,1909f56bfc062723c751e8b465ee728b)
Start importing Assets/Crossy Road/Prefabs/Objects/car_red.prefab using Guid(4195b4ff6d0a23f42ad9b7dbe76a33e3) Importer(815301076,1909f56bfc062723c751e8b465ee728b)  -> (artifact id: '089ecd84de9b37e807dd644939028bf5') in 0.027821 seconds
Number of updated asset objects reloaded before import = 0
Number of asset objects unloaded after import = 13
========================================================================
Received Import Request.
  Time since last request: 0.000163 seconds.
  path: Assets/Crossy Road/Prefabs/Objects/coin.prefab
  artifactKey: Guid(1b0c627b7b492e54fb7244fdb0038d88) Importer(815301076,1909f56bfc062723c751e8b465ee728b)
Start importing Assets/Crossy Road/Prefabs/Objects/coin.prefab using Guid(1b0c627b7b492e54fb7244fdb0038d88) Importer(815301076,1909f56bfc062723c751e8b465ee728b)  -> (artifact id: 'daedb486844415b88ebaf652705bed25') in 0.157521 seconds
Number of updated asset objects reloaded before import = 0
Number of asset objects unloaded after import = 18
========================================================================
Received Import Request.
  Time since last request: 0.000046 seconds.
  path: Assets/Crossy Road/Prefabs/Objects/chick.prefab
  artifactKey: Guid(1bf698d9e6fd9bc45b0d64a3b6f302f2) Importer(815301076,1909f56bfc062723c751e8b465ee728b)
Start importing Assets/Crossy Road/Prefabs/Objects/chick.prefab using Guid(1bf698d9e6fd9bc45b0d64a3b6f302f2) Importer(815301076,1909f56bfc062723c751e8b465ee728b)  -> (artifact id: 'e96e9a80701cbd61652fdcf4d04c1b98') in 0.030755 seconds
Number of updated asset objects reloaded before import = 0
Number of asset objects unloaded after import = 9
========================================================================
Received Import Request.
  Time since last request: 0.000036 seconds.
  path: Assets/Crossy Road/Prefabs/Objects/treelarge.prefab
  artifactKey: Guid(f770b16cc89e37e4386488baf04a1ca0) Importer(815301076,1909f56bfc062723c751e8b465ee728b)
Start importing Assets/Crossy Road/Prefabs/Objects/treelarge.prefab using Guid(f770b16cc89e37e4386488baf04a1ca0) Importer(815301076,1909f56bfc062723c751e8b465ee728b)  -> (artifact id: '4622521ee11d12dfa1a47866746790cd') in 0.022374 seconds
Number of updated asset objects reloaded before import = 0
Number of asset objects unloaded after import = 10
========================================================================
Received Import Request.
  Time since last request: 0.000051 seconds.
  path: Assets/Crossy Road/Prefabs/Objects/traincar1.prefab
  artifactKey: Guid(cd7ccbdab9660cd4e8c053de8140459f) Importer(815301076,1909f56bfc062723c751e8b465ee728b)
Start importing Assets/Crossy Road/Prefabs/Objects/traincar1.prefab using Guid(cd7ccbdab9660cd4e8c053de8140459f) Importer(815301076,1909f56bfc062723c751e8b465ee728b)  -> (artifact id: 'd08c4c12fcbee5ac7e75e56252a74bb8') in 0.035459 seconds
Number of updated asset objects reloaded before import = 0
Number of asset objects unloaded after import = 21
========================================================================
Received Import Request.
  Time since last request: 0.000037 seconds.
  path: Assets/Crossy Road/Prefabs/Objects/track.prefab
  artifactKey: Guid(d6ea6bed97000c8479a214c726d05043) Importer(815301076,1909f56bfc062723c751e8b465ee728b)
Start importing Assets/Crossy Road/Prefabs/Objects/track.prefab using Guid(d6ea6bed97000c8479a214c726d05043) Importer(815301076,1909f56bfc062723c751e8b465ee728b)  -> (artifact id: 'e9a7799ebe943d123b292ca4a2b9bce5') in 0.022944 seconds
Number of updated asset objects reloaded before import = 0
Number of asset objects unloaded after import = 9
========================================================================
Received Import Request.
  Time since last request: 0.000041 seconds.
  path: Assets/Crossy Road/Prefabs/Objects/car_yellow.prefab
  artifactKey: Guid(8dd2343005dbd8b469e430e4fe7caeeb) Importer(815301076,1909f56bfc062723c751e8b465ee728b)
Start importing Assets/Crossy Road/Prefabs/Objects/car_yellow.prefab using Guid(8dd2343005dbd8b469e430e4fe7caeeb) Importer(815301076,1909f56bfc062723c751e8b465ee728b)  -> (artifact id: 'e7f896c6f12278b14a2e0c3ea3ab4918') in 0.027587 seconds
Number of updated asset objects reloaded before import = 0
Number of asset objects unloaded after import = 13
========================================================================
Received Import Request.
  Time since last request: 0.000033 seconds.
  path: Assets/Crossy Road/Prefabs/Objects/treemedium.prefab
  artifactKey: Guid(e88d753d0943c0b49b581a77769253b7) Importer(815301076,1909f56bfc062723c751e8b465ee728b)
Start importing Assets/Crossy Road/Prefabs/Objects/treemedium.prefab using Guid(e88d753d0943c0b49b581a77769253b7) Importer(815301076,1909f56bfc062723c751e8b465ee728b)  -> (artifact id: '8de337eb368f76fbd75449e33efe760f') in 0.023792 seconds
Number of updated asset objects reloaded before import = 0
Number of asset objects unloaded after import = 10
========================================================================
Received Import Request.
  Time since last request: 0.000037 seconds.
  path: Assets/Crossy Road/Prefabs/Objects/traincart.prefab
  artifactKey: Guid(7db12974130ea60498ac947dcdb7e056) Importer(815301076,1909f56bfc062723c751e8b465ee728b)
Start importing Assets/Crossy Road/Prefabs/Objects/traincart.prefab using Guid(7db12974130ea60498ac947dcdb7e056) Importer(815301076,1909f56bfc062723c751e8b465ee728b)  -> (artifact id: 'e50f496c85be732555fb26c8c0519bb8') in 0.029220 seconds
Number of updated asset objects reloaded before import = 0
Number of asset objects unloaded after import = 9
========================================================================
Received Import Request.
  Time since last request: 0.000047 seconds.
  path: Assets/Crossy Road/Prefabs/Objects/logLong.prefab
  artifactKey: Guid(0ef6331534c4efe4aaa71fc281285347) Importer(815301076,1909f56bfc062723c751e8b465ee728b)
Start importing Assets/Crossy Road/Prefabs/Objects/logLong.prefab using Guid(0ef6331534c4efe4aaa71fc281285347) Importer(815301076,1909f56bfc062723c751e8b465ee728b)  -> (artifact id: '4773ea9dcd387982fd051d3d51a0c74b') in 0.045594 seconds
Number of updated asset objects reloaded before import = 0
Number of asset objects unloaded after import = 13
========================================================================
Received Import Request.
  Time since last request: 0.000048 seconds.
  path: Assets/Crossy Road/Prefabs/Objects/trainfront.prefab
  artifactKey: Guid(0e7dd968beab1b64ea7b83fbdd9986fb) Importer(815301076,1909f56bfc062723c751e8b465ee728b)
Start importing Assets/Crossy Road/Prefabs/Objects/trainfront.prefab using Guid(0e7dd968beab1b64ea7b83fbdd9986fb) Importer(815301076,1909f56bfc062723c751e8b465ee728b)  -> (artifact id: 'd481d9e2abba0232b896b629a2637a0f') in 0.024786 seconds
Number of updated asset objects reloaded before import = 0
Number of asset objects unloaded after import = 9
========================================================================
Received Import Request.
  Time since last request: 9.043235 seconds.
  path: Assets/Crossy Road/Models/coin/coin.png
  artifactKey: Guid(88730a23ec90da54b89e42002e664a39) Importer(815301076,1909f56bfc062723c751e8b465ee728b)
Start importing Assets/Crossy Road/Models/coin/coin.png using Guid(88730a23ec90da54b89e42002e664a39) Importer(815301076,1909f56bfc062723c751e8b465ee728b)  -> (artifact id: '76b08e63d3b806f6db274b713f9c042e') in 0.054582 seconds
Number of updated asset objects reloaded before import = 0
Number of asset objects unloaded after import = 2
========================================================================
Received Prepare
Begin MonoManager ReloadAssembly
Symbol file LoadedFromMemory is not a mono symbol file
- Loaded All Assemblies, in  0.592 seconds
Refreshing native plugins compatible for Editor in 9.22 ms, found 2 plugins.
Native extension for WindowsStandalone target not found
Native extension for Android target not found
Native extension for WebGL target not found
[Package Manager] Server::EnsureServerProcessIsRunning -- launch failed, reason: Unity was launched with the -noUpm command-line argument
[Package Manager] UpmClient::Send -- Unable to send message (not connected to UPM process).
[Package Manager] Cannot connect to Unity Package Manager local server
Mono: successfully reloaded assembly
- Finished resetting the current domain, in  1.343 seconds
Domain Reload Profiling: 1932ms
	BeginReloadAssembly (197ms)
		ExecutionOrderSort (0ms)
		DisableScriptedObjects (6ms)
		BackupInstance (0ms)
		ReleaseScriptingObjects (0ms)
		CreateAndSetChildDomain (62ms)
	RebuildCommonClasses (48ms)
	RebuildNativeTypeToScriptingClass (17ms)
	initialDomainReloadingComplete (38ms)
	LoadAllAssembliesAndSetupDomain (289ms)
		LoadAssemblies (372ms)
		RebuildTransferFunctionScriptingTraits (0ms)
		AnalyzeDomain (10ms)
			TypeCache.Refresh (5ms)
				TypeCache.ScanAssembly (0ms)
			ScanForSourceGeneratedMonoScriptInfo (0ms)
			ResolveRequiredComponents (4ms)
	FinalizeReload (1344ms)
		ReleaseScriptCaches (0ms)
		RebuildScriptCaches (0ms)
		SetupLoadedEditorAssemblies (799ms)
			LogAssemblyErrors (0ms)
			InitializePlatformSupportModulesInManaged (43ms)
			SetLoadedEditorAssemblies (6ms)
			RefreshPlugins (0ms)
			BeforeProcessingInitializeOnLoad (70ms)
			ProcessInitializeOnLoadAttributes (386ms)
			ProcessInitializeOnLoadMethodAttributes (285ms)
			AfterProcessingInitializeOnLoad (9ms)
			EditorAssembliesLoaded (0ms)
		ExecutionOrderSort2 (0ms)
		AwakeInstancesAfterBackupRestoration (11ms)
Refreshing native plugins compatible for Editor in 8.15 ms, found 2 plugins.
Preloading 0 native plugins for Editor in 0.00 ms.
Unloading 2562 Unused Serialized files (Serialized files now loaded: 0)
Unloading 51 unused Assets / (43.5 KB). Loaded Objects now: 3034.
Memory consumption went from 117.9 MB to 117.9 MB.
Total: 7.199700 ms (FindLiveObjects: 0.572800 ms CreateObjectMapping: 0.129800 ms MarkObjects: 6.406600 ms  DeleteObjects: 0.088200 ms)

Prepare: number of updated asset objects reloaded= 0
AssetImportParameters requested are different than current active one (requested -> active):
  custom:video-decoder-webm-vp8: 9c59270c3fd7afecdb556c50c9e8de78 -> 
  custom:SearchIndexIgnoredProperties: e643bd26f0fe6173181afceb89e7c659 -> 
  custom:container-demuxer-ogg: 62fdf1f143b41e24485cea50d1cbac27 -> 
  custom:AudioImporter_EditorPlatform: d09bf68614088b80899f8185d706f6e7 -> 
  custom:video-codec-MediaFoundation-h265: 746d11721c4dcdbdad8f713fa42b33f4 -> 
  custom:video-decoder-ogg-theora: a1e56fd34408186e4bbccfd4996cb3dc -> 
  custom:framework-win-MediaFoundation: 216162199b28c13a410421893ffa2e32 -> 
  custom:video-encoder-webm-vp8: eb34c28f22e8b96e1ab97ce403110664 -> 
  custom:audio-decoder-ogg-vorbis: bf7c407c2cedff20999df2af8eb42d56 -> 
  custom:CustomObjectIndexerAttribute: 9a22284fe3817be447336de3de66b15e -> 
  custom:container-demuxer-webm: 4f35f7cbe854078d1ac9338744f61a02 -> 
  custom:audio-encoder-webm-vorbis: bf7c407c2cedff20999df2af8eb42d56 -> 
  custom:container-muxer-webm: aa71ff27fc2769a1b78a27578f13a17b -> 
========================================================================
Received Import Request.
  Time since last request: 90.163893 seconds.
  path: Assets/Crossy Road/Models/chick/chick.jpg
  artifactKey: Guid(b59a5bf8372c4d54ebd66618d7141f71) Importer(815301076,1909f56bfc062723c751e8b465ee728b)
Start importing Assets/Crossy Road/Models/chick/chick.jpg using Guid(b59a5bf8372c4d54ebd66618d7141f71) Importer(815301076,1909f56bfc062723c751e8b465ee728b)  -> (artifact id: '41b272b657d00aad98a08246f55a54f1') in 0.177337 seconds
Number of updated asset objects reloaded before import = 0
Number of asset objects unloaded after import = 2
========================================================================
Received Import Request.
  Time since last request: 0.001006 seconds.
  path: Assets/Crossy Road/Models/chick/chick.mat
  artifactKey: Guid(47f596bf6a3d9414289f8b97b30506e6) Importer(815301076,1909f56bfc062723c751e8b465ee728b)
Start importing Assets/Crossy Road/Models/chick/chick.mat using Guid(47f596bf6a3d9414289f8b97b30506e6) Importer(815301076,1909f56bfc062723c751e8b465ee728b)  -> (artifact id: '029ef23b31c3047d1c821afe53505b2e') in 0.194833 seconds
Number of updated asset objects reloaded before import = 0
Number of asset objects unloaded after import = 2
========================================================================
Received Import Request.
  Time since last request: 0.000039 seconds.
  path: Assets/Crossy Road/Models/chick/chick_water_drop.png
  artifactKey: Guid(0b9d4e2d3b555894e81a0d437e8fad62) Importer(815301076,1909f56bfc062723c751e8b465ee728b)
Start importing Assets/Crossy Road/Models/chick/chick_water_drop.png using Guid(0b9d4e2d3b555894e81a0d437e8fad62) Importer(815301076,1909f56bfc062723c751e8b465ee728b)  -> (artifact id: '63bc50e3832f53b9d6bd62e0329ff293') in 0.022401 seconds
Number of updated asset objects reloaded before import = 0
Number of asset objects unloaded after import = 2
========================================================================
Received Import Request.
  Time since last request: 0.000029 seconds.
  path: Assets/Crossy Road/Models/chick/chick_particle.png
  artifactKey: Guid(819feddbc07712245844bc60458898d0) Importer(815301076,1909f56bfc062723c751e8b465ee728b)
Start importing Assets/Crossy Road/Models/chick/chick_particle.png using Guid(819feddbc07712245844bc60458898d0) Importer(815301076,1909f56bfc062723c751e8b465ee728b)  -> (artifact id: '8899fc13f13e0cfd838319d7b36c3cbe') in 0.020538 seconds
Number of updated asset objects reloaded before import = 0
Number of asset objects unloaded after import = 2
========================================================================
Received Prepare
Begin MonoManager ReloadAssembly
Symbol file LoadedFromMemory is not a mono symbol file
- Loaded All Assemblies, in  0.637 seconds
Refreshing native plugins compatible for Editor in 12.84 ms, found 2 plugins.
Native extension for WindowsStandalone target not found
Native extension for Android target not found
Native extension for WebGL target not found
[Package Manager] Server::EnsureServerProcessIsRunning -- launch failed, reason: Unity was launched with the -noUpm command-line argument
[Package Manager] UpmClient::Send -- Unable to send message (not connected to UPM process).
[Package Manager] Cannot connect to Unity Package Manager local server
Mono: successfully reloaded assembly
- Finished resetting the current domain, in  1.164 seconds
Domain Reload Profiling: 1798ms
	BeginReloadAssembly (213ms)
		ExecutionOrderSort (0ms)
		DisableScriptedObjects (5ms)
		BackupInstance (0ms)
		ReleaseScriptingObjects (0ms)
		CreateAndSetChildDomain (52ms)
	RebuildCommonClasses (40ms)
	RebuildNativeTypeToScriptingClass (14ms)
	initialDomainReloadingComplete (39ms)
	LoadAllAssembliesAndSetupDomain (327ms)
		LoadAssemblies (432ms)
		RebuildTransferFunctionScriptingTraits (0ms)
		AnalyzeDomain (15ms)
			TypeCache.Refresh (6ms)
				TypeCache.ScanAssembly (0ms)
			ScanForSourceGeneratedMonoScriptInfo (0ms)
			ResolveRequiredComponents (7ms)
	FinalizeReload (1165ms)
		ReleaseScriptCaches (0ms)
		RebuildScriptCaches (0ms)
		SetupLoadedEditorAssemblies (694ms)
			LogAssemblyErrors (0ms)
			InitializePlatformSupportModulesInManaged (32ms)
			SetLoadedEditorAssemblies (7ms)
			RefreshPlugins (0ms)
			BeforeProcessingInitializeOnLoad (76ms)
			ProcessInitializeOnLoadAttributes (338ms)
			ProcessInitializeOnLoadMethodAttributes (233ms)
			AfterProcessingInitializeOnLoad (8ms)
			EditorAssembliesLoaded (1ms)
		ExecutionOrderSort2 (0ms)
		AwakeInstancesAfterBackupRestoration (8ms)
Refreshing native plugins compatible for Editor in 12.14 ms, found 2 plugins.
Preloading 0 native plugins for Editor in 0.00 ms.
Unloading 2562 Unused Serialized files (Serialized files now loaded: 0)
Unloading 51 unused Assets / (43.5 KB). Loaded Objects now: 3069.
Memory consumption went from 120.1 MB to 120.0 MB.
Total: 10.473800 ms (FindLiveObjects: 0.386200 ms CreateObjectMapping: 0.342600 ms MarkObjects: 9.495700 ms  DeleteObjects: 0.247000 ms)

Prepare: number of updated asset objects reloaded= 0
AssetImportParameters requested are different than current active one (requested -> active):
  custom:video-decoder-webm-vp8: 9c59270c3fd7afecdb556c50c9e8de78 -> 
  custom:SearchIndexIgnoredProperties: e643bd26f0fe6173181afceb89e7c659 -> 
  custom:container-demuxer-ogg: 62fdf1f143b41e24485cea50d1cbac27 -> 
  custom:AudioImporter_EditorPlatform: d09bf68614088b80899f8185d706f6e7 -> 
  custom:video-codec-MediaFoundation-h265: 746d11721c4dcdbdad8f713fa42b33f4 -> 
  custom:video-decoder-ogg-theora: a1e56fd34408186e4bbccfd4996cb3dc -> 
  custom:framework-win-MediaFoundation: 216162199b28c13a410421893ffa2e32 -> 
  custom:video-encoder-webm-vp8: eb34c28f22e8b96e1ab97ce403110664 -> 
  custom:audio-decoder-ogg-vorbis: bf7c407c2cedff20999df2af8eb42d56 -> 
  custom:CustomObjectIndexerAttribute: 9a22284fe3817be447336de3de66b15e -> 
  custom:container-demuxer-webm: 4f35f7cbe854078d1ac9338744f61a02 -> 
  custom:audio-encoder-webm-vorbis: bf7c407c2cedff20999df2af8eb42d56 -> 
  custom:container-muxer-webm: aa71ff27fc2769a1b78a27578f13a17b -> 
Editor requested this worker to shutdown with reason: Scaling down because of idle timeout
TcpMessagingSession - receive error: operation aborted. errorcode: 995, details: The I/O operation has been aborted because of either a thread exit or an application request.
AssetImportWorker is now disconnected from the server
Process exiting
Exiting without the bug reporter. Application will terminate with return code 0