Using pre-set license
Built from '2022.3/staging' branch; Version is '2022.3.21f1 (bf09ca542b87) revision 12519882'; Using compiler version '192829333'; Build Type 'Release'
OS: 'Windows 11  (10.0.22631) 64bit Professional' Language: 'en' Physical Memory: 15789 MB
BatchMode: 1, IsHumanControllingUs: 0, StartBugReporterOnCrash: 0, Is64bit: 1, IsPro: 1

COMMAND LINE ARGUMENTS:
C:\Program Files\Unity\Hub\Editor\2022.3.21f1\Editor\Unity.exe
-adb2
-batchMode
-noUpm
-name
AssetImportWorker36
-projectPath
C:/Users/halat/OneDrive/Desktop/Games Course/KatkootiGame _Unity
-logFile
Logs/AssetImportWorker36.log
-srvPort
65470
Successfully changed project path to: C:/Users/halat/OneDrive/Desktop/Games Course/KatkootiGame _Unity
C:/Users/halat/OneDrive/Desktop/Games Course/KatkootiGame _Unity
[UnityMemory] Configuration Parameters - Can be set up in boot.config
    "memorysetup-bucket-allocator-granularity=16"
    "memorysetup-bucket-allocator-bucket-count=8"
    "memorysetup-bucket-allocator-block-size=33554432"
    "memorysetup-bucket-allocator-block-count=8"
    "memorysetup-main-allocator-block-size=16777216"
    "memorysetup-thread-allocator-block-size=16777216"
    "memorysetup-gfx-main-allocator-block-size=16777216"
    "memorysetup-gfx-thread-allocator-block-size=16777216"
    "memorysetup-cache-allocator-block-size=4194304"
    "memorysetup-typetree-allocator-block-size=2097152"
    "memorysetup-profiler-bucket-allocator-granularity=16"
    "memorysetup-profiler-bucket-allocator-bucket-count=8"
    "memorysetup-profiler-bucket-allocator-block-size=33554432"
    "memorysetup-profiler-bucket-allocator-block-count=8"
    "memorysetup-profiler-allocator-block-size=16777216"
    "memorysetup-profiler-editor-allocator-block-size=1048576"
    "memorysetup-temp-allocator-size-main=16777216"
    "memorysetup-job-temp-allocator-block-size=2097152"
    "memorysetup-job-temp-allocator-block-size-background=1048576"
    "memorysetup-job-temp-allocator-reduction-small-platforms=262144"
    "memorysetup-allocator-temp-initial-block-size-main=262144"
    "memorysetup-allocator-temp-initial-block-size-worker=262144"
    "memorysetup-temp-allocator-size-background-worker=32768"
    "memorysetup-temp-allocator-size-job-worker=262144"
    "memorysetup-temp-allocator-size-preload-manager=33554432"
    "memorysetup-temp-allocator-size-nav-mesh-worker=65536"
    "memorysetup-temp-allocator-size-audio-worker=65536"
    "memorysetup-temp-allocator-size-cloud-worker=32768"
    "memorysetup-temp-allocator-size-gi-baking-worker=262144"
    "memorysetup-temp-allocator-size-gfx=262144"
Player connection [41880] Host "[IP] 192.168.150.1 [Port] 0 [Flags] 2 [Guid] 954984061 [EditorId] 954984061 [Version] 1048832 [Id] WindowsEditor(7,HALAHABBOUB) [Debug] 1 [PackageName] WindowsEditor [ProjectName] Editor" joined multi-casting on [225.0.0.222:54997]...

Player connection [41880] Host "[IP] 192.168.150.1 [Port] 0 [Flags] 2 [Guid] 954984061 [EditorId] 954984061 [Version] 1048832 [Id] WindowsEditor(7,HALAHABBOUB) [Debug] 1 [PackageName] WindowsEditor [ProjectName] Editor" joined alternative multi-casting on [225.0.0.222:34997]...

[Physics::Module] Initialized MultithreadedJobDispatcher with 15 workers.
Refreshing native plugins compatible for Editor in 661.62 ms, found 2 plugins.
Preloading 0 native plugins for Editor in 0.00 ms.
Initialize engine version: 2022.3.21f1 (bf09ca542b87)
[Subsystems] Discovering subsystems at path C:/Program Files/Unity/Hub/Editor/2022.3.21f1/Editor/Data/Resources/UnitySubsystems
[Subsystems] Discovering subsystems at path C:/Users/halat/OneDrive/Desktop/Games Course/KatkootiGame _Unity/Assets
GfxDevice: creating device client; threaded=0; jobified=0
Direct3D:
    Version:  Direct3D 11.0 [level 11.1]
    Renderer: NVIDIA GeForce RTX 3050 Laptop GPU (ID=0x25a2)
    Vendor:   NVIDIA
    VRAM:     3977 MB
    Driver:   31.0.15.3168
Initialize mono
Mono path[0] = 'C:/Program Files/Unity/Hub/Editor/2022.3.21f1/Editor/Data/Managed'
Mono path[1] = 'C:/Program Files/Unity/Hub/Editor/2022.3.21f1/Editor/Data/MonoBleedingEdge/lib/mono/unityjit-win32'
Mono config path = 'C:/Program Files/Unity/Hub/Editor/2022.3.21f1/Editor/Data/MonoBleedingEdge/etc'
Using monoOptions --debugger-agent=transport=dt_socket,embedding=1,server=y,suspend=n,address=127.0.0.1:56756
Begin MonoManager ReloadAssembly
Registering precompiled unity dll's ...
Register platform support module: C:/Program Files/Unity/Hub/Editor/2022.3.21f1/Editor/Data/PlaybackEngines/WebGLSupport/UnityEditor.WebGL.Extensions.dll
Register platform support module: C:/Program Files/Unity/Hub/Editor/2022.3.21f1/Editor/Data/PlaybackEngines/AndroidPlayer/UnityEditor.Android.Extensions.dll
Register platform support module: C:/Program Files/Unity/Hub/Editor/2022.3.21f1/Editor/Data/PlaybackEngines/WindowsStandaloneSupport/UnityEditor.WindowsStandalone.Extensions.dll
Registered in 0.039499 seconds.
- Loaded All Assemblies, in  3.166 seconds
Native extension for WindowsStandalone target not found
Native extension for Android target not found
Android Extension - Scanning For ADB Devices 1440 ms
Native extension for WebGL target not found
Mono: successfully reloaded assembly
- Finished resetting the current domain, in  2.972 seconds
Domain Reload Profiling: 6133ms
	BeginReloadAssembly (546ms)
		ExecutionOrderSort (0ms)
		DisableScriptedObjects (0ms)
		BackupInstance (0ms)
		ReleaseScriptingObjects (0ms)
		CreateAndSetChildDomain (3ms)
	RebuildCommonClasses (756ms)
	RebuildNativeTypeToScriptingClass (46ms)
	initialDomainReloadingComplete (284ms)
	LoadAllAssembliesAndSetupDomain (1527ms)
		LoadAssemblies (543ms)
		RebuildTransferFunctionScriptingTraits (0ms)
		AnalyzeDomain (1515ms)
			TypeCache.Refresh (1509ms)
				TypeCache.ScanAssembly (1447ms)
			ScanForSourceGeneratedMonoScriptInfo (1ms)
			ResolveRequiredComponents (2ms)
	FinalizeReload (2975ms)
		ReleaseScriptCaches (0ms)
		RebuildScriptCaches (0ms)
		SetupLoadedEditorAssemblies (2735ms)
			LogAssemblyErrors (0ms)
			InitializePlatformSupportModulesInManaged (1978ms)
			SetLoadedEditorAssemblies (18ms)
			RefreshPlugins (0ms)
			BeforeProcessingInitializeOnLoad (9ms)
			ProcessInitializeOnLoadAttributes (514ms)
			ProcessInitializeOnLoadMethodAttributes (216ms)
			AfterProcessingInitializeOnLoad (0ms)
			EditorAssembliesLoaded (0ms)
		ExecutionOrderSort2 (0ms)
		AwakeInstancesAfterBackupRestoration (0ms)
========================================================================
Worker process is ready to serve import requests
Begin MonoManager ReloadAssembly
Symbol file LoadedFromMemory is not a mono symbol file
- Loaded All Assemblies, in  3.096 seconds
Refreshing native plugins compatible for Editor in 33.09 ms, found 2 plugins.
Native extension for WindowsStandalone target not found
Native extension for Android target not found
Native extension for WebGL target not found
Package Manager log level set to [2]
[Package Manager] Server::EnsureServerProcessIsRunning -- launch failed, reason: Unity was launched with the -noUpm command-line argument
[Package Manager] UpmClient::Send -- Unable to send message (not connected to UPM process).
[Package Manager] Cannot connect to Unity Package Manager local server
Mono: successfully reloaded assembly
- Finished resetting the current domain, in  3.494 seconds
Domain Reload Profiling: 6578ms
	BeginReloadAssembly (634ms)
		ExecutionOrderSort (0ms)
		DisableScriptedObjects (19ms)
		BackupInstance (0ms)
		ReleaseScriptingObjects (0ms)
		CreateAndSetChildDomain (79ms)
	RebuildCommonClasses (171ms)
	RebuildNativeTypeToScriptingClass (50ms)
	initialDomainReloadingComplete (178ms)
	LoadAllAssembliesAndSetupDomain (2048ms)
		LoadAssemblies (1556ms)
		RebuildTransferFunctionScriptingTraits (0ms)
		AnalyzeDomain (898ms)
			TypeCache.Refresh (798ms)
				TypeCache.ScanAssembly (589ms)
			ScanForSourceGeneratedMonoScriptInfo (85ms)
			ResolveRequiredComponents (13ms)
	FinalizeReload (3497ms)
		ReleaseScriptCaches (0ms)
		RebuildScriptCaches (0ms)
		SetupLoadedEditorAssemblies (2850ms)
			LogAssemblyErrors (0ms)
			InitializePlatformSupportModulesInManaged (99ms)
			SetLoadedEditorAssemblies (12ms)
			RefreshPlugins (0ms)
			BeforeProcessingInitializeOnLoad (237ms)
			ProcessInitializeOnLoadAttributes (1659ms)
			ProcessInitializeOnLoadMethodAttributes (814ms)
			AfterProcessingInitializeOnLoad (28ms)
			EditorAssembliesLoaded (1ms)
		ExecutionOrderSort2 (0ms)
		AwakeInstancesAfterBackupRestoration (30ms)
Launched and connected shader compiler UnityShaderCompiler.exe after 0.33 seconds
Refreshing native plugins compatible for Editor in 51.08 ms, found 2 plugins.
Preloading 0 native plugins for Editor in 0.00 ms.
Unloading 2540 Unused Serialized files (Serialized files now loaded: 0)
Unloading 62 unused Assets / (69.6 KB). Loaded Objects now: 2999.
Memory consumption went from 116.5 MB to 116.5 MB.
Total: 28.718400 ms (FindLiveObjects: 0.644200 ms CreateObjectMapping: 0.294200 ms MarkObjects: 27.183500 ms  DeleteObjects: 0.590900 ms)

AssetImportParameters requested are different than current active one (requested -> active):
  custom:video-decoder-webm-vp8: 9c59270c3fd7afecdb556c50c9e8de78 -> 
  custom:scripting/monoscript/fileName/LeanTweenExt.cs: f7c4020469ba4ace6b24a58dfa9b80ea -> 
  custom:scripting/monoscript/fileName/LeanSmooth.cs: d4f35cfaafc2cb29b46f772a8ddfaa65 -> 
  custom:scripting/monoscript/fileName/AnimatorController.cs: 59a667faa66cf12f4dc1c15f225aa268 -> 
  custom:SearchIndexIgnoredProperties: e643bd26f0fe6173181afceb89e7c659 -> 
  custom:container-demuxer-ogg: 62fdf1f143b41e24485cea50d1cbac27 -> 
  custom:AudioImporter_EditorPlatform: d09bf68614088b80899f8185d706f6e7 -> 
  custom:scripting/monoscript/fileName/PathSplineEndless.cs: 7a7425a0a2e75c6d92188d31db32ce13 -> 
  custom:scripting/monoscript/fileName/TestingPunch.cs: a2b031d01a5e1281da4effd97c67f4be -> 
  custom:scripting/monoscript/fileName/GeneralBasic.cs: 65043492aeece32825f515d8942a7199 -> 
  custom:scripting/monoscript/fileName/PathSpline2d.cs: 5d1babf836673107d23cf0b0aaed8207 -> 
  custom:scripting/monoscript/fileName/GeneralBasics2d.cs: 2997e1d5a32b205757c4f65d775f3287 -> 
  custom:video-codec-MediaFoundation-h265: 746d11721c4dcdbdad8f713fa42b33f4 -> 
  custom:scripting/monoscript/fileName/LeanTweenDocumentationEditor.cs: e0356b43e3484b772f053195ece4f9a2 -> 
  custom:video-decoder-ogg-theora: a1e56fd34408186e4bbccfd4996cb3dc -> 
  custom:scripting/monoscript/fileName/GeneralEasingTypes.cs: 562f847f0d3e7902baa7b155e17fba0b -> 
  custom:framework-win-MediaFoundation: 216162199b28c13a410421893ffa2e32 -> 
  custom:scripting/monoscript/fileName/GeneralCameraShake.cs: 01ca2edc0ec864e0779584140aa51efb -> 
  custom:scripting/monoscript/fileName/PathBezier2d.cs: 7b1a3162b9d991efa29d6eb397d22f37 -> 
  custom:scripting/monoscript/fileName/TestingZLegacy.cs: facbe130be0a9b5bb78defdfa912b69d -> 
  custom:scripting/monoscript/fileName/GeneralEventsListeners.cs: 56a32bdad1fe015494f3d57bc6ca3061 -> 
  custom:scripting/monoscript/fileName/LeanTest.cs: f07ca632943b622491891fe132cf5b1f -> 
  custom:scripting/monoscript/fileName/LTDescrOptional.cs: 40ea18d8ece802bd9c2c885c81d03dab -> 
  custom:video-encoder-webm-vp8: eb34c28f22e8b96e1ab97ce403110664 -> 
  custom:scripting/monoscript/fileName/GeneralSequencer.cs: efa99e55920a183e71fd25d1ae1dc4c3 -> 
  custom:audio-decoder-ogg-vorbis: bf7c407c2cedff20999df2af8eb42d56 -> 
  custom:scripting/monoscript/fileName/PlayerController.cs: d93a52a180fbbe603a59e9aa6da73c83 -> 
  custom:scripting/monoscript/fileName/LeanTween.cs: 479c1b9bc19917fb921d65c4a335546b -> 
  custom:scripting/monoscript/fileName/LTSeq.cs: 9b7ed9798b7fec86e335fa3ab6d69a37 -> 
  custom:scripting/monoscript/fileName/PathSplineTrack.cs: d0688aa0512bab631037f772f4a5ccfb -> 
  custom:CustomObjectIndexerAttribute: 9a22284fe3817be447336de3de66b15e -> 
  custom:scripting/monoscript/fileName/PathSplines.cs: 8a3af88906cb85b34c9c26c53cadbfee -> 
  custom:scripting/monoscript/fileName/PathSpline.cs: 7d3321d9d24ed8c437d9b2c817a2d482 -> 
  custom:scripting/monoscript/fileName/LeanAudio.cs: 61f2e4fd2f93d2e2f298abf20d5e188a -> 
  custom:scripting/monoscript/fileName/PathSplinePerformance.cs: a9834508ad88fe61d55e162afac7f7c4 -> 
  custom:scripting/monoscript/fileName/LogoCinematic.cs: 29183184b1f4e1ee8ce934f93ed7efb4 -> 
  custom:container-demuxer-webm: 4f35f7cbe854078d1ac9338744f61a02 -> 
  custom:scripting/monoscript/fileName/PathBezier.cs: a27fb7183e5050ab25488ab9e245edeb -> 
  custom:scripting/monoscript/fileName/TestingRigidbodyCS.cs: a7901dc5a1070cc79992b8a7cad5f675 -> 
  custom:scripting/monoscript/fileName/TestingZLegacyExt.cs: e25f94ce65fa7f09aefbb531c0ad4a14 -> 
  custom:scripting/monoscript/fileName/Demo.cs: 2d2d42130270d03d580dee5a2d6908aa -> 0b7a92f05528653df5e52544de74f590
  custom:scripting/monoscript/fileName/OldGUIExamplesCS.cs: eb5cbc00223ce1398b3c8757e34268e2 -> 
  custom:audio-encoder-webm-vorbis: bf7c407c2cedff20999df2af8eb42d56 -> 
  custom:scripting/monoscript/fileName/GeneralUISpace.cs: 758010555998f3a911c71b24c9ebf4f4 -> 
  custom:scripting/monoscript/fileName/GeneralSimpleUI.cs: 08d342dca81871b97fe464bd539e8ff0 -> 
  custom:scripting/monoscript/fileName/GeneralAdvancedTechniques.cs: a9660dcf3e6e6fbf51426c31a4ee9301 -> 
  custom:scripting/monoscript/fileName/TestingUnitTests.cs: 5de941be07dae959fb499816cebd6e03 -> 
  custom:scripting/monoscript/fileName/Mover.cs: ff793db0d19dba1f43929ec7f847a9f4 -> da1c610bce1da6a0ba9c04e30a318aa0
  custom:scripting/monoscript/fileName/Following.cs: 5f0c994793eb15b8906b4eea0e0179a6 -> 
  custom:scripting/monoscript/fileName/LTDescr.cs: 0e946b6f38b4c42ace63bf47e1be629c -> 
  custom:container-muxer-webm: aa71ff27fc2769a1b78a27578f13a17b -> 
========================================================================
Received Import Request.
  Time since last request: 187516.423098 seconds.
  path: Assets/Prefabs/Items/traincar4.prefab
  artifactKey: Guid(17392426b6b1daf4289ecf88ac5be484) Importer(2089858483,0ecaa5967403d082aa24f35e1b516d23)
Start importing Assets/Prefabs/Items/traincar4.prefab using Guid(17392426b6b1daf4289ecf88ac5be484) Importer(2089858483,0ecaa5967403d082aa24f35e1b516d23)  -> (artifact id: 'd762b454812ffa14e89f819605788c63') in 0.532200 seconds
Number of updated asset objects reloaded before import = 0
Number of asset objects unloaded after import = 33
========================================================================
Received Import Request.
  Time since last request: 0.000141 seconds.
  path: Assets/Crossy Road/Models/car/car_orange.jpg
  artifactKey: Guid(42d3f44e8fe2ce849895cd1ae88033a5) Importer(2089858483,0ecaa5967403d082aa24f35e1b516d23)
Start importing Assets/Crossy Road/Models/car/car_orange.jpg using Guid(42d3f44e8fe2ce849895cd1ae88033a5) Importer(2089858483,0ecaa5967403d082aa24f35e1b516d23)  -> (artifact id: '65a4dc96160daf91183cb61b7317da24') in 0.362521 seconds
Number of updated asset objects reloaded before import = 0
Number of asset objects unloaded after import = 1
========================================================================
Received Import Request.
  Time since last request: 0.000062 seconds.
  path: Assets/Crossy Road/Models/car/car_red.mat
  artifactKey: Guid(e9bd6aa74763d36468789b01fe76b3ee) Importer(2089858483,0ecaa5967403d082aa24f35e1b516d23)
Start importing Assets/Crossy Road/Models/car/car_red.mat using Guid(e9bd6aa74763d36468789b01fe76b3ee) Importer(2089858483,0ecaa5967403d082aa24f35e1b516d23)  -> (artifact id: '85160e9023018f30fd81400a65ffd150') in 0.232973 seconds
Number of updated asset objects reloaded before import = 0
Number of asset objects unloaded after import = 2
========================================================================
Received Import Request.
  Time since last request: 0.000561 seconds.
  path: Assets/Crossy Road/Scripts/Spawner.cs
  artifactKey: Guid(0e2c90e18f8c64f62a32e6065fac42d6) Importer(2089858483,0ecaa5967403d082aa24f35e1b516d23)
Start importing Assets/Crossy Road/Scripts/Spawner.cs using Guid(0e2c90e18f8c64f62a32e6065fac42d6) Importer(2089858483,0ecaa5967403d082aa24f35e1b516d23)  -> (artifact id: 'c714800319044b9f18007f55a732c3b6') in 0.112689 seconds
Number of updated asset objects reloaded before import = 0
Number of asset objects unloaded after import = 1
========================================================================
Received Import Request.
  Time since last request: 0.001510 seconds.
  path: Assets/Crossy Road/Models/chick/chick.jpg
  artifactKey: Guid(b59a5bf8372c4d54ebd66618d7141f71) Importer(2089858483,0ecaa5967403d082aa24f35e1b516d23)
Start importing Assets/Crossy Road/Models/chick/chick.jpg using Guid(b59a5bf8372c4d54ebd66618d7141f71) Importer(2089858483,0ecaa5967403d082aa24f35e1b516d23)  -> (artifact id: 'a57310fde8191429cb25b35c087094cc') in 0.118376 seconds
Number of updated asset objects reloaded before import = 0
Number of asset objects unloaded after import = 1
========================================================================
Received Import Request.
  Time since last request: 0.001234 seconds.
  path: Assets/Crossy Road/Models/trees/treelarge.jpg
  artifactKey: Guid(1c44faae9e9ac3644a2dc27256784e7b) Importer(2089858483,0ecaa5967403d082aa24f35e1b516d23)
Start importing Assets/Crossy Road/Models/trees/treelarge.jpg using Guid(1c44faae9e9ac3644a2dc27256784e7b) Importer(2089858483,0ecaa5967403d082aa24f35e1b516d23)  -> (artifact id: '0303fba0ba0ee81227a7edb3df1af3c2') in 0.139909 seconds
Number of updated asset objects reloaded before import = 0
Number of asset objects unloaded after import = 1
========================================================================
Received Import Request.
  Time since last request: 0.000125 seconds.
  path: Assets/Crossy Road/Models/trees/treelarge.FBX
  artifactKey: Guid(ceb20066f9c7ef140959eb331e5c059f) Importer(2089858483,0ecaa5967403d082aa24f35e1b516d23)
Start importing Assets/Crossy Road/Models/trees/treelarge.FBX using Guid(ceb20066f9c7ef140959eb331e5c059f) Importer(2089858483,0ecaa5967403d082aa24f35e1b516d23)  -> (artifact id: '6da70c8f6a4fb5ce114e592116f5810c') in 0.209532 seconds
Number of updated asset objects reloaded before import = 0
Number of asset objects unloaded after import = 7
========================================================================
Received Import Request.
  Time since last request: 0.000111 seconds.
  path: Assets/Prefabs/Items/logL.prefab
  artifactKey: Guid(6360cdd0ba540b44b9f7afc1900226aa) Importer(2089858483,0ecaa5967403d082aa24f35e1b516d23)
Start importing Assets/Prefabs/Items/logL.prefab using Guid(6360cdd0ba540b44b9f7afc1900226aa) Importer(2089858483,0ecaa5967403d082aa24f35e1b516d23)  -> (artifact id: 'a9aa6dac82fdd37ffdd27b93465f5c24') in 0.083549 seconds
Number of updated asset objects reloaded before import = 0
Number of asset objects unloaded after import = 7
========================================================================
Received Import Request.
  Time since last request: 0.000811 seconds.
  path: Assets/Crossy Road/Models/truck/truck.mat
  artifactKey: Guid(672603bca8fc8d149a5a6515ecd1b05c) Importer(2089858483,0ecaa5967403d082aa24f35e1b516d23)
Start importing Assets/Crossy Road/Models/truck/truck.mat using Guid(672603bca8fc8d149a5a6515ecd1b05c) Importer(2089858483,0ecaa5967403d082aa24f35e1b516d23)  -> (artifact id: 'ab5b06e01a7b0458a337881956df42eb') in 0.146553 seconds
Number of updated asset objects reloaded before import = 0
Number of asset objects unloaded after import = 2
========================================================================
Received Import Request.
  Time since last request: 0.000154 seconds.
  path: Assets/Packages/Pack_FREE_Cars/Prefabs/Taxi.prefab
  artifactKey: Guid(66f97e68ed002b74f8e181d1c3108e14) Importer(2089858483,0ecaa5967403d082aa24f35e1b516d23)
Start importing Assets/Packages/Pack_FREE_Cars/Prefabs/Taxi.prefab using Guid(66f97e68ed002b74f8e181d1c3108e14) Importer(2089858483,0ecaa5967403d082aa24f35e1b516d23)  -> (artifact id: '6aeabda84b2aa0417bd2d6b92488b890') in 0.126053 seconds
Number of updated asset objects reloaded before import = 0
Number of asset objects unloaded after import = 25
========================================================================
Received Import Request.
  Time since last request: 0.000044 seconds.
  path: Assets/Resources/BillingMode.json
  artifactKey: Guid(0a0b589a29b77f0499eb83f17ddf6906) Importer(2089858483,0ecaa5967403d082aa24f35e1b516d23)
Start importing Assets/Resources/BillingMode.json using Guid(0a0b589a29b77f0499eb83f17ddf6906) Importer(2089858483,0ecaa5967403d082aa24f35e1b516d23)  -> (artifact id: '1c95c6ebd60622b13a4cdcb2932f9b30') in 0.074894 seconds
Number of updated asset objects reloaded before import = 0
Number of asset objects unloaded after import = 1
========================================================================
Received Import Request.
  Time since last request: 0.001088 seconds.
  path: Assets/Crossy Road/Animations/jump.anim
  artifactKey: Guid(7d5a09b56a7ab4f67ad46d99a974d7ab) Importer(2089858483,0ecaa5967403d082aa24f35e1b516d23)
Start importing Assets/Crossy Road/Animations/jump.anim using Guid(7d5a09b56a7ab4f67ad46d99a974d7ab) Importer(2089858483,0ecaa5967403d082aa24f35e1b516d23)  -> (artifact id: '195bc895101933f638e9777c50a83232') in 0.065131 seconds
Number of updated asset objects reloaded before import = 0
Number of asset objects unloaded after import = 1
========================================================================
Received Import Request.
  Time since last request: 0.000113 seconds.
  path: Assets/Crossy Road/Scripts/Coin.cs
  artifactKey: Guid(9706d4474bd6d464aaec3644f574d991) Importer(2089858483,0ecaa5967403d082aa24f35e1b516d23)
Start importing Assets/Crossy Road/Scripts/Coin.cs using Guid(9706d4474bd6d464aaec3644f574d991) Importer(2089858483,0ecaa5967403d082aa24f35e1b516d23)  -> (artifact id: '979e032e6bd84b25d9fc960f9817c5a9') in 0.050184 seconds
Number of updated asset objects reloaded before import = 0
Number of asset objects unloaded after import = 1
========================================================================
Received Import Request.
  Time since last request: 0.000112 seconds.
  path: Assets/Crossy Road/Models/grass/grass.mat
  artifactKey: Guid(ce0f942248481544f8f4ae8d7023924e) Importer(2089858483,0ecaa5967403d082aa24f35e1b516d23)
Start importing Assets/Crossy Road/Models/grass/grass.mat using Guid(ce0f942248481544f8f4ae8d7023924e) Importer(2089858483,0ecaa5967403d082aa24f35e1b516d23)  -> (artifact id: '050c35f6cf1715532a9c5a9bffa2576e') in 0.126154 seconds
Number of updated asset objects reloaded before import = 0
Number of asset objects unloaded after import = 2
========================================================================
Received Import Request.
  Time since last request: 0.000069 seconds.
  path: Assets/Scenes/SampleScene.unity
  artifactKey: Guid(a594ee5fb46d740029b91c4f3a0ae6ff) Importer(2089858483,0ecaa5967403d082aa24f35e1b516d23)
Start importing Assets/Scenes/SampleScene.unity using Guid(a594ee5fb46d740029b91c4f3a0ae6ff) Importer(2089858483,0ecaa5967403d082aa24f35e1b516d23)  -> (artifact id: '6d090faf33d63b7c14663a782b958b02') in 0.050975 seconds
Number of updated asset objects reloaded before import = 0
Number of asset objects unloaded after import = 1
========================================================================
Received Import Request.
  Time since last request: 0.000244 seconds.
  path: Assets/Packages/Pack_FREE_Cars/Materials/Car_Body.mat
  artifactKey: Guid(97b43c8fc5cbb354895d0bd66b37b6ac) Importer(2089858483,0ecaa5967403d082aa24f35e1b516d23)
Start importing Assets/Packages/Pack_FREE_Cars/Materials/Car_Body.mat using Guid(97b43c8fc5cbb354895d0bd66b37b6ac) Importer(2089858483,0ecaa5967403d082aa24f35e1b516d23)  -> (artifact id: 'ed6389b4334b80999ae2b0da0dfa5643') in 0.088051 seconds
Number of updated asset objects reloaded before import = 0
Number of asset objects unloaded after import = 1
========================================================================
Received Import Request.
  Time since last request: 0.000769 seconds.
  path: Assets/Packages/TinyCar/Materials+Texture/txt1.png
  artifactKey: Guid(6ac7c3b9d8cf00d4ca2a5778191a4252) Importer(2089858483,0ecaa5967403d082aa24f35e1b516d23)
Start importing Assets/Packages/TinyCar/Materials+Texture/txt1.png using Guid(6ac7c3b9d8cf00d4ca2a5778191a4252) Importer(2089858483,0ecaa5967403d082aa24f35e1b516d23)  -> (artifact id: '3913b7869f1341f88a1eee8cdc7580c0') in 0.168285 seconds
Number of updated asset objects reloaded before import = 0
Number of asset objects unloaded after import = 1
========================================================================
Received Import Request.
  Time since last request: 0.000286 seconds.
  path: Assets/Packages/TinyCar/FBX/vwvan.fbx
  artifactKey: Guid(cf03a7e4d61090a48b122bf68e2c9c14) Importer(2089858483,0ecaa5967403d082aa24f35e1b516d23)
Start importing Assets/Packages/TinyCar/FBX/vwvan.fbx using Guid(cf03a7e4d61090a48b122bf68e2c9c14) Importer(2089858483,0ecaa5967403d082aa24f35e1b516d23)  -> (artifact id: '0ea577a69dee9a4ff6a39ee79c697502') in 0.108372 seconds
Number of updated asset objects reloaded before import = 0
Number of asset objects unloaded after import = 50
========================================================================
Received Import Request.
  Time since last request: 0.000055 seconds.
  path: Assets/Prefabs/Items/lightpole.prefab
  artifactKey: Guid(831bcb9cf1eeccc4da09527d720806df) Importer(2089858483,0ecaa5967403d082aa24f35e1b516d23)
Start importing Assets/Prefabs/Items/lightpole.prefab using Guid(831bcb9cf1eeccc4da09527d720806df) Importer(2089858483,0ecaa5967403d082aa24f35e1b516d23)  -> (artifact id: '6ab959b906a257d319b751f6a306ec7d') in 0.093612 seconds
Number of updated asset objects reloaded before import = 0
Number of asset objects unloaded after import = 9
========================================================================
Received Import Request.
  Time since last request: 0.000065 seconds.
  path: Assets/Crossy Road/Prefabs/Objects/car_orange.prefab
  artifactKey: Guid(39a7e941a64fb034caae3c6c80804ffc) Importer(2089858483,0ecaa5967403d082aa24f35e1b516d23)
Start importing Assets/Crossy Road/Prefabs/Objects/car_orange.prefab using Guid(39a7e941a64fb034caae3c6c80804ffc) Importer(2089858483,0ecaa5967403d082aa24f35e1b516d23)  -> (artifact id: 'f240467a04557efe4069d54b0fac1aae') in 0.083040 seconds
Number of updated asset objects reloaded before import = 0
Number of asset objects unloaded after import = 11
========================================================================
Received Import Request.
  Time since last request: 0.000138 seconds.
  path: Assets/Packages/Quirky Series - Birds Bundle/_Scripts/DemoController.prefab
  artifactKey: Guid(3ffd5f966ace6e74dbc3467092bca3c1) Importer(2089858483,0ecaa5967403d082aa24f35e1b516d23)
Start importing Assets/Packages/Quirky Series - Birds Bundle/_Scripts/DemoController.prefab using Guid(3ffd5f966ace6e74dbc3467092bca3c1) Importer(2089858483,0ecaa5967403d082aa24f35e1b516d23)  -> (artifact id: '9d5df4e08461ed998d532e679a9038a6') in 0.162099 seconds
Number of updated asset objects reloaded before import = 0
Number of asset objects unloaded after import = 231
========================================================================
Received Import Request.
  Time since last request: 0.000066 seconds.
  path: Assets/Crossy Road/Models/trees/treesmall.mat
  artifactKey: Guid(8633fa92451ae1c44ae5b15e3ee9942a) Importer(2089858483,0ecaa5967403d082aa24f35e1b516d23)
Start importing Assets/Crossy Road/Models/trees/treesmall.mat using Guid(8633fa92451ae1c44ae5b15e3ee9942a) Importer(2089858483,0ecaa5967403d082aa24f35e1b516d23)  -> (artifact id: '191c7b967997e5fc47bb1a7b8842f9b5') in 0.096939 seconds
Number of updated asset objects reloaded before import = 0
Number of asset objects unloaded after import = 2
========================================================================
Received Import Request.
  Time since last request: 0.000109 seconds.
  path: Assets/Packages/TinyCar/Prefabs/vwvan.prefab
  artifactKey: Guid(8a9f72a19661807468b91220432d2f25) Importer(2089858483,0ecaa5967403d082aa24f35e1b516d23)
Start importing Assets/Packages/TinyCar/Prefabs/vwvan.prefab using Guid(8a9f72a19661807468b91220432d2f25) Importer(2089858483,0ecaa5967403d082aa24f35e1b516d23)  -> (artifact id: 'efc1d9c52f445e9dccf2a29e4932d794') in 0.053128 seconds
Number of updated asset objects reloaded before import = 0
Number of asset objects unloaded after import = 38
========================================================================
Received Import Request.
  Time since last request: 0.000094 seconds.
  path: Assets/Packages/Quirky Series - Birds Bundle/_Animations/Shapekey/Eyes_Dead.anim
  artifactKey: Guid(622a6d2ad5070a340b85637ba4b93aaf) Importer(2089858483,0ecaa5967403d082aa24f35e1b516d23)
Start importing Assets/Packages/Quirky Series - Birds Bundle/_Animations/Shapekey/Eyes_Dead.anim using Guid(622a6d2ad5070a340b85637ba4b93aaf) Importer(2089858483,0ecaa5967403d082aa24f35e1b516d23)  -> (artifact id: '9cf0375592067fba970e9de26d5069c3') in 0.096901 seconds
Number of updated asset objects reloaded before import = 0
Number of asset objects unloaded after import = 1
========================================================================
Received Import Request.
  Time since last request: 0.000258 seconds.
  path: Assets/Packages/Quirky Series - Birds Bundle/_Animations/Shapekey/Eyes_Cry.anim
  artifactKey: Guid(1aeb3e8c01f5d534c9a72bbf181c3a63) Importer(2089858483,0ecaa5967403d082aa24f35e1b516d23)
Start importing Assets/Packages/Quirky Series - Birds Bundle/_Animations/Shapekey/Eyes_Cry.anim using Guid(1aeb3e8c01f5d534c9a72bbf181c3a63) Importer(2089858483,0ecaa5967403d082aa24f35e1b516d23)  -> (artifact id: '0f28ce71089b358d4aff5bc3fda64a64') in 0.098516 seconds
Number of updated asset objects reloaded before import = 0
Number of asset objects unloaded after import = 1
========================================================================
Received Import Request.
  Time since last request: 0.000092 seconds.
  path: Assets/Packages/Pack_FREE_Cars/Materials/Textures/ColorPalette.png
  artifactKey: Guid(62635b380588389469566bb9367035e6) Importer(2089858483,0ecaa5967403d082aa24f35e1b516d23)
Start importing Assets/Packages/Pack_FREE_Cars/Materials/Textures/ColorPalette.png using Guid(62635b380588389469566bb9367035e6) Importer(2089858483,0ecaa5967403d082aa24f35e1b516d23)  -> (artifact id: '0190153ef99b85b58d73029e5c80b9e6') in 0.121313 seconds
Number of updated asset objects reloaded before import = 0
Number of asset objects unloaded after import = 1
========================================================================
Received Import Request.
  Time since last request: 0.001118 seconds.
  path: Assets/Packages/Quirky Series - Birds Bundle/_Animations/Shapekey/Eyes_Annoyed.anim
  artifactKey: Guid(46d3ef83a1dcd3845b415d3d91a04337) Importer(2089858483,0ecaa5967403d082aa24f35e1b516d23)
Start importing Assets/Packages/Quirky Series - Birds Bundle/_Animations/Shapekey/Eyes_Annoyed.anim using Guid(46d3ef83a1dcd3845b415d3d91a04337) Importer(2089858483,0ecaa5967403d082aa24f35e1b516d23)  -> (artifact id: '4f98ef7df02f0801227adc51e10e0076') in 0.088331 seconds
Number of updated asset objects reloaded before import = 0
Number of asset objects unloaded after import = 1
========================================================================
Received Import Request.
  Time since last request: 0.000502 seconds.
  path: Assets/Crossy Road/Animations/coin.anim
  artifactKey: Guid(0c4f7fc16aa6348c3b901b9d90678f84) Importer(2089858483,0ecaa5967403d082aa24f35e1b516d23)
Start importing Assets/Crossy Road/Animations/coin.anim using Guid(0c4f7fc16aa6348c3b901b9d90678f84) Importer(2089858483,0ecaa5967403d082aa24f35e1b516d23)  -> (artifact id: '79c32b1ecf5b46bfe8f0766ac42d14d6') in 0.079327 seconds
Number of updated asset objects reloaded before import = 0
Number of asset objects unloaded after import = 1
========================================================================
Received Import Request.
  Time since last request: 0.000120 seconds.
  path: Assets/Prefabs/Grounds/River.prefab
  artifactKey: Guid(508940e8e0a497243b7dc9f78fc61cf8) Importer(2089858483,0ecaa5967403d082aa24f35e1b516d23)
Start importing Assets/Prefabs/Grounds/River.prefab using Guid(508940e8e0a497243b7dc9f78fc61cf8) Importer(2089858483,0ecaa5967403d082aa24f35e1b516d23)  -> (artifact id: 'fdf46bc79f02862a52fc784bd818c8c2') in 0.076796 seconds
Number of updated asset objects reloaded before import = 0
Number of asset objects unloaded after import = 66
========================================================================
Received Import Request.
  Time since last request: 0.000070 seconds.
  path: Assets/Packages/Quirky Series Ultimate/FREE/Textures/T_Sparrow.png
  artifactKey: Guid(446f99d27897d674fae36a9422fe157a) Importer(2089858483,0ecaa5967403d082aa24f35e1b516d23)
Start importing Assets/Packages/Quirky Series Ultimate/FREE/Textures/T_Sparrow.png using Guid(446f99d27897d674fae36a9422fe157a) Importer(2089858483,0ecaa5967403d082aa24f35e1b516d23)  -> (artifact id: 'c18088aa2b827fe2af74eae822b0e009') in 0.130553 seconds
Number of updated asset objects reloaded before import = 0
Number of asset objects unloaded after import = 1
========================================================================
Received Import Request.
  Time since last request: 0.000481 seconds.
  path: Assets/Packages/Quirky Series Ultimate/FREE/Prefabs/Single LODs/Sparrow_LOD2.prefab
  artifactKey: Guid(0a4e43d62aca8be4ea744d16adf2d477) Importer(2089858483,0ecaa5967403d082aa24f35e1b516d23)
Start importing Assets/Packages/Quirky Series Ultimate/FREE/Prefabs/Single LODs/Sparrow_LOD2.prefab using Guid(0a4e43d62aca8be4ea744d16adf2d477) Importer(2089858483,0ecaa5967403d082aa24f35e1b516d23)  -> (artifact id: 'b7091f2fd0f20bbad46db05e3240e36a') in 0.566600 seconds
Number of updated asset objects reloaded before import = 0
Number of asset objects unloaded after import = 117
========================================================================
Received Import Request.
  Time since last request: 0.000079 seconds.
  path: Assets/Packages/Quirky Series - Birds Bundle/_Animations/Shapekey/Eyes_Trauma.anim
  artifactKey: Guid(dd03e639ddb06de45b9b14f57ab98a11) Importer(2089858483,0ecaa5967403d082aa24f35e1b516d23)
Start importing Assets/Packages/Quirky Series - Birds Bundle/_Animations/Shapekey/Eyes_Trauma.anim using Guid(dd03e639ddb06de45b9b14f57ab98a11) Importer(2089858483,0ecaa5967403d082aa24f35e1b516d23)  -> (artifact id: '8b6c23f21846da1e93cd914f1cfa9f5a') in 0.059435 seconds
Number of updated asset objects reloaded before import = 0
Number of asset objects unloaded after import = 1
========================================================================
Received Import Request.
  Time since last request: 0.000116 seconds.
  path: Assets/Packages/Quirky Series Ultimate/FREE/Models/Sparrow_LOD3.fbx
  artifactKey: Guid(ccffdb6a86a472147a9d638ebe9fcd15) Importer(2089858483,0ecaa5967403d082aa24f35e1b516d23)
Start importing Assets/Packages/Quirky Series Ultimate/FREE/Models/Sparrow_LOD3.fbx using Guid(ccffdb6a86a472147a9d638ebe9fcd15) Importer(2089858483,0ecaa5967403d082aa24f35e1b516d23)  -> (artifact id: '190f537b301f55d8e0a9d8084ea67237') in 0.083843 seconds
Number of updated asset objects reloaded before import = 0
Number of asset objects unloaded after import = 30
========================================================================
Received Import Request.
  Time since last request: 0.000070 seconds.
  path: Assets/Packages/Quirky Series Ultimate/FREE/Models/Sparrow_LOD1.fbx
  artifactKey: Guid(9679f1fea2a0be24aac869c621837d6a) Importer(2089858483,0ecaa5967403d082aa24f35e1b516d23)
Start importing Assets/Packages/Quirky Series Ultimate/FREE/Models/Sparrow_LOD1.fbx using Guid(9679f1fea2a0be24aac869c621837d6a) Importer(2089858483,0ecaa5967403d082aa24f35e1b516d23)  -> (artifact id: '45e350af5315525a89c47b6fa29caf61') in 0.087617 seconds
Number of updated asset objects reloaded before import = 0
Number of asset objects unloaded after import = 30
========================================================================
Received Import Request.
  Time since last request: 0.000085 seconds.
  path: Assets/Packages/Quirky Series - Birds Bundle/_Animations/Shapekey/Teardrop_R.anim
  artifactKey: Guid(f98c513bd8b128d479b9c07a41033abf) Importer(2089858483,0ecaa5967403d082aa24f35e1b516d23)
Start importing Assets/Packages/Quirky Series - Birds Bundle/_Animations/Shapekey/Teardrop_R.anim using Guid(f98c513bd8b128d479b9c07a41033abf) Importer(2089858483,0ecaa5967403d082aa24f35e1b516d23)  -> (artifact id: 'e9104eb99bd877d7270b99f809a00ae3') in 0.083230 seconds
Number of updated asset objects reloaded before import = 0
Number of asset objects unloaded after import = 1
========================================================================
Received Import Request.
  Time since last request: 0.000089 seconds.
  path: Assets/Prefabs/Items/taxi.prefab
  artifactKey: Guid(48a1ef2e1184cbd40a454071b88756c4) Importer(2089858483,0ecaa5967403d082aa24f35e1b516d23)
Start importing Assets/Prefabs/Items/taxi.prefab using Guid(48a1ef2e1184cbd40a454071b88756c4) Importer(2089858483,0ecaa5967403d082aa24f35e1b516d23)  -> (artifact id: '0f07f75576205342a1432237d96e3731') in 0.082782 seconds
Number of updated asset objects reloaded before import = 0
Number of asset objects unloaded after import = 33
========================================================================
Received Import Request.
  Time since last request: 0.000121 seconds.
  path: Assets/Prefabs/Items/vwvan.prefab
  artifactKey: Guid(c5f88a7c4f2ff52479318e141dd6328f) Importer(2089858483,0ecaa5967403d082aa24f35e1b516d23)
Start importing Assets/Prefabs/Items/vwvan.prefab using Guid(c5f88a7c4f2ff52479318e141dd6328f) Importer(2089858483,0ecaa5967403d082aa24f35e1b516d23)  -> (artifact id: '7b923a7e6e7b7713798c1643bb5943ac') in 0.132016 seconds
Number of updated asset objects reloaded before import = 0
Number of asset objects unloaded after import = 38
========================================================================
Received Import Request.
  Time since last request: 0.000107 seconds.
  path: Assets/Prefabs/Grounds/TrainRoad.prefab
  artifactKey: Guid(82d9c4adfc0d40b49ad4a7dd0b298b9a) Importer(2089858483,0ecaa5967403d082aa24f35e1b516d23)
Start importing Assets/Prefabs/Grounds/TrainRoad.prefab using Guid(82d9c4adfc0d40b49ad4a7dd0b298b9a) Importer(2089858483,0ecaa5967403d082aa24f35e1b516d23)  -> (artifact id: '3b4e79649bf1bce360da1a67ce64e221') in 0.121265 seconds
Number of updated asset objects reloaded before import = 0
Number of asset objects unloaded after import = 107
========================================================================
Received Import Request.
  Time since last request: 0.000079 seconds.
  path: Assets/Crossy Road/Prefabs/Player.prefab
  artifactKey: Guid(73c6e0e5f5826440d9151a9b462ac59e) Importer(2089858483,0ecaa5967403d082aa24f35e1b516d23)
Start importing Assets/Crossy Road/Prefabs/Player.prefab using Guid(73c6e0e5f5826440d9151a9b462ac59e) Importer(2089858483,0ecaa5967403d082aa24f35e1b516d23)  -> (artifact id: '0a83f99e1201ae1e6605eaa4d65d2bb2') in 0.136788 seconds
Number of updated asset objects reloaded before import = 0
Number of asset objects unloaded after import = 34
========================================================================
Received Import Request.
  Time since last request: 0.000105 seconds.
  path: Assets/Crossy Road/Models/railroad/railroad.jpg
  artifactKey: Guid(441b26048af575145992af00120eea8d) Importer(2089858483,0ecaa5967403d082aa24f35e1b516d23)
Start importing Assets/Crossy Road/Models/railroad/railroad.jpg using Guid(441b26048af575145992af00120eea8d) Importer(2089858483,0ecaa5967403d082aa24f35e1b516d23)  -> (artifact id: '42b08595b21ad598fdd6edcc7bf5141d') in 0.114984 seconds
Number of updated asset objects reloaded before import = 0
Number of asset objects unloaded after import = 1
========================================================================
Received Import Request.
  Time since last request: 0.000062 seconds.
  path: Assets/Crossy Road/Models/road/road 2.jpg
  artifactKey: Guid(358b82c03f9f9244db85b7715ae17409) Importer(2089858483,0ecaa5967403d082aa24f35e1b516d23)
Start importing Assets/Crossy Road/Models/road/road 2.jpg using Guid(358b82c03f9f9244db85b7715ae17409) Importer(2089858483,0ecaa5967403d082aa24f35e1b516d23)  -> (artifact id: '81c0b454c3295bf167701ac16b54da85') in 0.113483 seconds
Number of updated asset objects reloaded before import = 0
Number of asset objects unloaded after import = 1
========================================================================
Received Import Request.
  Time since last request: 0.000082 seconds.
  path: Assets/Crossy Road/Models/trees/Materials/treemedium_pCube62Mat.mat
  artifactKey: Guid(ac3cfca8fa14eda4394f023a914ce792) Importer(2089858483,0ecaa5967403d082aa24f35e1b516d23)
Start importing Assets/Crossy Road/Models/trees/Materials/treemedium_pCube62Mat.mat using Guid(ac3cfca8fa14eda4394f023a914ce792) Importer(2089858483,0ecaa5967403d082aa24f35e1b516d23)  -> (artifact id: '77efd231351f8b707a9e0e609bc5969e') in 0.159365 seconds
Number of updated asset objects reloaded before import = 0
Number of asset objects unloaded after import = 1
========================================================================
Received Import Request.
  Time since last request: 0.000087 seconds.
  path: Assets/Crossy Road/Models/log/log.FBX
  artifactKey: Guid(fccf99ea7eb413948b90334d61216256) Importer(2089858483,0ecaa5967403d082aa24f35e1b516d23)
Start importing Assets/Crossy Road/Models/log/log.FBX using Guid(fccf99ea7eb413948b90334d61216256) Importer(2089858483,0ecaa5967403d082aa24f35e1b516d23)  -> (artifact id: '8309f120c4ba4e6f699531b9ca4a60cf') in 0.237926 seconds
Number of updated asset objects reloaded before import = 0
Number of asset objects unloaded after import = 7
========================================================================
Received Import Request.
  Time since last request: 0.000179 seconds.
  path: Assets/Crossy Road/Models/train/trainfront.FBX
  artifactKey: Guid(71ed474a896350345955ce7af83dc27b) Importer(2089858483,0ecaa5967403d082aa24f35e1b516d23)
Start importing Assets/Crossy Road/Models/train/trainfront.FBX using Guid(71ed474a896350345955ce7af83dc27b) Importer(2089858483,0ecaa5967403d082aa24f35e1b516d23)  -> (artifact id: 'b520a0243ee86ea8e20c490cc9e71077') in 0.218797 seconds
Number of updated asset objects reloaded before import = 0
Number of asset objects unloaded after import = 7
========================================================================
Received Import Request.
  Time since last request: 0.003519 seconds.
  path: Assets/Crossy Road/Models/car/car_yellow.jpg
  artifactKey: Guid(e0b89657d91aa8d47983f6ba30402930) Importer(2089858483,0ecaa5967403d082aa24f35e1b516d23)
Start importing Assets/Crossy Road/Models/car/car_yellow.jpg using Guid(e0b89657d91aa8d47983f6ba30402930) Importer(2089858483,0ecaa5967403d082aa24f35e1b516d23)  -> (artifact id: '9d3037d003ab30206b74e42bd8caf205') in 0.187388 seconds
Number of updated asset objects reloaded before import = 0
Number of asset objects unloaded after import = 1
========================================================================
Received Import Request.
  Time since last request: 0.001107 seconds.
  path: Assets/Crossy Road/Models/trees/Materials/treelarge.mat
  artifactKey: Guid(3f9c8cb9df7c7c14caa303a8d669382f) Importer(2089858483,0ecaa5967403d082aa24f35e1b516d23)
Start importing Assets/Crossy Road/Models/trees/Materials/treelarge.mat using Guid(3f9c8cb9df7c7c14caa303a8d669382f) Importer(2089858483,0ecaa5967403d082aa24f35e1b516d23)  -> (artifact id: 'a107f7b93a93b30ad0342ca68299123f') in 0.100533 seconds
Number of updated asset objects reloaded before import = 0
Number of asset objects unloaded after import = 2
========================================================================
Received Import Request.
  Time since last request: 0.000079 seconds.
  path: Assets/Crossy Road/Models/train/traincar.jpg
  artifactKey: Guid(5e64037a6bed10e45815a3ca074fc8e7) Importer(2089858483,0ecaa5967403d082aa24f35e1b516d23)
Start importing Assets/Crossy Road/Models/train/traincar.jpg using Guid(5e64037a6bed10e45815a3ca074fc8e7) Importer(2089858483,0ecaa5967403d082aa24f35e1b516d23)  -> (artifact id: 'bfbd0d2c2602b6736673f3dbc22dcf9c') in 0.124622 seconds
Number of updated asset objects reloaded before import = 0
Number of asset objects unloaded after import = 1
========================================================================
Received Import Request.
  Time since last request: 0.000753 seconds.
  path: Assets/Prefabs/Items/track.prefab
  artifactKey: Guid(d6ea6bed97000c8479a214c726d05043) Importer(2089858483,0ecaa5967403d082aa24f35e1b516d23)
Start importing Assets/Prefabs/Items/track.prefab using Guid(d6ea6bed97000c8479a214c726d05043) Importer(2089858483,0ecaa5967403d082aa24f35e1b516d23)  -> (artifact id: '993bb6c7df99450ee4cb5c08c2afea7c') in 0.183455 seconds
Number of updated asset objects reloaded before import = 0
Number of asset objects unloaded after import = 7
========================================================================
Received Import Request.
  Time since last request: 0.000083 seconds.
  path: Assets/Crossy Road/Models/train/Materials/trainfront.mat
  artifactKey: Guid(3b9353f384768764d82a6510e4b0ffe0) Importer(2089858483,0ecaa5967403d082aa24f35e1b516d23)
Start importing Assets/Crossy Road/Models/train/Materials/trainfront.mat using Guid(3b9353f384768764d82a6510e4b0ffe0) Importer(2089858483,0ecaa5967403d082aa24f35e1b516d23)  -> (artifact id: '50518145f9175613605f38f2d253bafc') in 0.206017 seconds
Number of updated asset objects reloaded before import = 0
Number of asset objects unloaded after import = 2
========================================================================
Received Import Request.
  Time since last request: 0.009409 seconds.
  path: Assets/Prefabs/Items/logS.prefab
  artifactKey: Guid(6d570485508ed6f4e82007858235db86) Importer(2089858483,0ecaa5967403d082aa24f35e1b516d23)
Start importing Assets/Prefabs/Items/logS.prefab using Guid(6d570485508ed6f4e82007858235db86) Importer(2089858483,0ecaa5967403d082aa24f35e1b516d23)  -> (artifact id: 'd3e70874d1ad5dab03039055ff4954c8') in 0.088990 seconds
Number of updated asset objects reloaded before import = 0
Number of asset objects unloaded after import = 7
========================================================================
Received Import Request.
  Time since last request: 0.000404 seconds.
  path: Assets/Prefabs/Items/traincar1.prefab
  artifactKey: Guid(cd7ccbdab9660cd4e8c053de8140459f) Importer(2089858483,0ecaa5967403d082aa24f35e1b516d23)
Start importing Assets/Prefabs/Items/traincar1.prefab using Guid(cd7ccbdab9660cd4e8c053de8140459f) Importer(2089858483,0ecaa5967403d082aa24f35e1b516d23)  -> (artifact id: '7758840af2fe08237d6b57d75e5285c3') in 0.098395 seconds
Number of updated asset objects reloaded before import = 0
Number of asset objects unloaded after import = 17
========================================================================
Received Import Request.
  Time since last request: 0.000255 seconds.
  path: Assets/Packages/Quirky Series - Birds Bundle/_Animations/Shapekey/Teardrop_L.anim
  artifactKey: Guid(11588893e16df7b4691879be8fc930f7) Importer(2089858483,0ecaa5967403d082aa24f35e1b516d23)
Start importing Assets/Packages/Quirky Series - Birds Bundle/_Animations/Shapekey/Teardrop_L.anim using Guid(11588893e16df7b4691879be8fc930f7) Importer(2089858483,0ecaa5967403d082aa24f35e1b516d23)  -> (artifact id: '44bafb771586eaa71b6ed50c81060cca') in 0.120272 seconds
Number of updated asset objects reloaded before import = 0
Number of asset objects unloaded after import = 1
========================================================================
Received Import Request.
  Time since last request: 0.000099 seconds.
  path: Assets/Packages/TinyCar/DemoTinyCarsSettings.lighting
  artifactKey: Guid(7e348ef355282da4d98d500c78819177) Importer(2089858483,0ecaa5967403d082aa24f35e1b516d23)
Start importing Assets/Packages/TinyCar/DemoTinyCarsSettings.lighting using Guid(7e348ef355282da4d98d500c78819177) Importer(2089858483,0ecaa5967403d082aa24f35e1b516d23) LightingSettings: switching bake backend from 1 to 0.
 -> (artifact id: 'ff5fd68918b33e1fbeea589ac386eaf0') in 0.175404 seconds
Number of updated asset objects reloaded before import = 0
Number of asset objects unloaded after import = 1
========================================================================
Received Import Request.
  Time since last request: 0.000085 seconds.
  path: Assets/Packages/Quirky Series - Birds Bundle/_Shader/ToonRamp.shader
  artifactKey: Guid(cee7e1e6fc45ff143867419e97f4c348) Importer(2089858483,0ecaa5967403d082aa24f35e1b516d23)
Start importing Assets/Packages/Quirky Series - Birds Bundle/_Shader/ToonRamp.shader using Guid(cee7e1e6fc45ff143867419e97f4c348) Importer(2089858483,0ecaa5967403d082aa24f35e1b516d23)  -> (artifact id: '4017ce3204bd3e7b54347469ce92d40c') in 0.078689 seconds
Number of updated asset objects reloaded before import = 0
Number of asset objects unloaded after import = 1
========================================================================
Received Prepare
Begin MonoManager ReloadAssembly
Symbol file LoadedFromMemory is not a mono symbol file
- Loaded All Assemblies, in  1.878 seconds
Refreshing native plugins compatible for Editor in 30.53 ms, found 2 plugins.
Native extension for WindowsStandalone target not found
Native extension for Android target not found
Native extension for WebGL target not found
[Package Manager] Server::EnsureServerProcessIsRunning -- launch failed, reason: Unity was launched with the -noUpm command-line argument
[Package Manager] UpmClient::Send -- Unable to send message (not connected to UPM process).
[Package Manager] Cannot connect to Unity Package Manager local server
Mono: successfully reloaded assembly
- Finished resetting the current domain, in  3.801 seconds
Domain Reload Profiling: 5670ms
	BeginReloadAssembly (578ms)
		ExecutionOrderSort (0ms)
		DisableScriptedObjects (28ms)
		BackupInstance (0ms)
		ReleaseScriptingObjects (0ms)
		CreateAndSetChildDomain (123ms)
	RebuildCommonClasses (164ms)
	RebuildNativeTypeToScriptingClass (58ms)
	initialDomainReloadingComplete (129ms)
	LoadAllAssembliesAndSetupDomain (937ms)
		LoadAssemblies (1208ms)
		RebuildTransferFunctionScriptingTraits (0ms)
		AnalyzeDomain (70ms)
			TypeCache.Refresh (28ms)
				TypeCache.ScanAssembly (1ms)
			ScanForSourceGeneratedMonoScriptInfo (28ms)
			ResolveRequiredComponents (11ms)
	FinalizeReload (3803ms)
		ReleaseScriptCaches (0ms)
		RebuildScriptCaches (0ms)
		SetupLoadedEditorAssemblies (1690ms)
			LogAssemblyErrors (0ms)
			InitializePlatformSupportModulesInManaged (77ms)
			SetLoadedEditorAssemblies (12ms)
			RefreshPlugins (0ms)
			BeforeProcessingInitializeOnLoad (179ms)
			ProcessInitializeOnLoadAttributes (902ms)
			ProcessInitializeOnLoadMethodAttributes (503ms)
			AfterProcessingInitializeOnLoad (18ms)
			EditorAssembliesLoaded (1ms)
		ExecutionOrderSort2 (0ms)
		AwakeInstancesAfterBackupRestoration (15ms)
Refreshing native plugins compatible for Editor in 31.06 ms, found 2 plugins.
Preloading 0 native plugins for Editor in 0.00 ms.
Unloading 2530 Unused Serialized files (Serialized files now loaded: 0)
Unloading 56 unused Assets / (47.3 KB). Loaded Objects now: 3005.
Memory consumption went from 117.0 MB to 116.9 MB.
Total: 20.024900 ms (FindLiveObjects: 0.601800 ms CreateObjectMapping: 0.275200 ms MarkObjects: 18.936900 ms  DeleteObjects: 0.207900 ms)

Prepare: number of updated asset objects reloaded= 0
AssetImportParameters requested are different than current active one (requested -> active):
  custom:video-decoder-webm-vp8: 9c59270c3fd7afecdb556c50c9e8de78 -> 
  custom:scripting/monoscript/fileName/LeanTweenExt.cs: f7c4020469ba4ace6b24a58dfa9b80ea -> 
  custom:scripting/monoscript/fileName/LeanSmooth.cs: d4f35cfaafc2cb29b46f772a8ddfaa65 -> 
  custom:scripting/monoscript/fileName/AnimatorController.cs: 59a667faa66cf12f4dc1c15f225aa268 -> 
  custom:SearchIndexIgnoredProperties: e643bd26f0fe6173181afceb89e7c659 -> 
  custom:container-demuxer-ogg: 62fdf1f143b41e24485cea50d1cbac27 -> 
  custom:AudioImporter_EditorPlatform: d09bf68614088b80899f8185d706f6e7 -> 
  custom:scripting/monoscript/fileName/PathSplineEndless.cs: 7a7425a0a2e75c6d92188d31db32ce13 -> 
  custom:scripting/monoscript/fileName/TestingPunch.cs: a2b031d01a5e1281da4effd97c67f4be -> 
  custom:scripting/monoscript/fileName/GeneralBasic.cs: 65043492aeece32825f515d8942a7199 -> 
  custom:scripting/monoscript/fileName/PathSpline2d.cs: 5d1babf836673107d23cf0b0aaed8207 -> 
  custom:scripting/monoscript/fileName/GeneralBasics2d.cs: 2997e1d5a32b205757c4f65d775f3287 -> 
  custom:video-codec-MediaFoundation-h265: 746d11721c4dcdbdad8f713fa42b33f4 -> 
  custom:scripting/monoscript/fileName/LeanTweenDocumentationEditor.cs: e0356b43e3484b772f053195ece4f9a2 -> 
  custom:video-decoder-ogg-theora: a1e56fd34408186e4bbccfd4996cb3dc -> 
  custom:scripting/monoscript/fileName/GeneralEasingTypes.cs: 562f847f0d3e7902baa7b155e17fba0b -> 
  custom:framework-win-MediaFoundation: 216162199b28c13a410421893ffa2e32 -> 
  custom:scripting/monoscript/fileName/GeneralCameraShake.cs: 01ca2edc0ec864e0779584140aa51efb -> 
  custom:scripting/monoscript/fileName/PathBezier2d.cs: 7b1a3162b9d991efa29d6eb397d22f37 -> 
  custom:scripting/monoscript/fileName/TestingZLegacy.cs: facbe130be0a9b5bb78defdfa912b69d -> 
  custom:scripting/monoscript/fileName/GeneralEventsListeners.cs: 56a32bdad1fe015494f3d57bc6ca3061 -> 
  custom:scripting/monoscript/fileName/LeanTest.cs: f07ca632943b622491891fe132cf5b1f -> 
  custom:scripting/monoscript/fileName/LTDescrOptional.cs: 40ea18d8ece802bd9c2c885c81d03dab -> 
  custom:video-encoder-webm-vp8: eb34c28f22e8b96e1ab97ce403110664 -> 
  custom:scripting/monoscript/fileName/GeneralSequencer.cs: efa99e55920a183e71fd25d1ae1dc4c3 -> 
  custom:audio-decoder-ogg-vorbis: bf7c407c2cedff20999df2af8eb42d56 -> 
  custom:scripting/monoscript/fileName/PlayerController.cs: d93a52a180fbbe603a59e9aa6da73c83 -> 
  custom:scripting/monoscript/fileName/LeanTween.cs: 479c1b9bc19917fb921d65c4a335546b -> 
  custom:scripting/monoscript/fileName/LTSeq.cs: 9b7ed9798b7fec86e335fa3ab6d69a37 -> 
  custom:scripting/monoscript/fileName/PathSplineTrack.cs: d0688aa0512bab631037f772f4a5ccfb -> 
  custom:CustomObjectIndexerAttribute: 9a22284fe3817be447336de3de66b15e -> 
  custom:scripting/monoscript/fileName/PathSplines.cs: 8a3af88906cb85b34c9c26c53cadbfee -> 
  custom:scripting/monoscript/fileName/PathSpline.cs: 7d3321d9d24ed8c437d9b2c817a2d482 -> 
  custom:scripting/monoscript/fileName/LeanAudio.cs: 61f2e4fd2f93d2e2f298abf20d5e188a -> 
  custom:scripting/monoscript/fileName/PathSplinePerformance.cs: a9834508ad88fe61d55e162afac7f7c4 -> 
  custom:scripting/monoscript/fileName/LogoCinematic.cs: 29183184b1f4e1ee8ce934f93ed7efb4 -> 
  custom:container-demuxer-webm: 4f35f7cbe854078d1ac9338744f61a02 -> 
  custom:scripting/monoscript/fileName/PathBezier.cs: a27fb7183e5050ab25488ab9e245edeb -> 
  custom:scripting/monoscript/fileName/TestingRigidbodyCS.cs: a7901dc5a1070cc79992b8a7cad5f675 -> 
  custom:scripting/monoscript/fileName/TestingZLegacyExt.cs: e25f94ce65fa7f09aefbb531c0ad4a14 -> 
  custom:scripting/monoscript/fileName/Demo.cs: 2d2d42130270d03d580dee5a2d6908aa -> 0b7a92f05528653df5e52544de74f590
  custom:scripting/monoscript/fileName/OldGUIExamplesCS.cs: eb5cbc00223ce1398b3c8757e34268e2 -> 
  custom:audio-encoder-webm-vorbis: bf7c407c2cedff20999df2af8eb42d56 -> 
  custom:scripting/monoscript/fileName/GeneralUISpace.cs: 758010555998f3a911c71b24c9ebf4f4 -> 
  custom:scripting/monoscript/fileName/GeneralSimpleUI.cs: 08d342dca81871b97fe464bd539e8ff0 -> 
  custom:scripting/monoscript/fileName/GeneralAdvancedTechniques.cs: a9660dcf3e6e6fbf51426c31a4ee9301 -> 
  custom:scripting/monoscript/fileName/TestingUnitTests.cs: 5de941be07dae959fb499816cebd6e03 -> 
  custom:scripting/monoscript/fileName/Mover.cs: ff793db0d19dba1f43929ec7f847a9f4 -> da1c610bce1da6a0ba9c04e30a318aa0
  custom:scripting/monoscript/fileName/Following.cs: 5f0c994793eb15b8906b4eea0e0179a6 -> 
  custom:scripting/monoscript/fileName/LTDescr.cs: 0e946b6f38b4c42ace63bf47e1be629c -> 
  custom:container-muxer-webm: aa71ff27fc2769a1b78a27578f13a17b -> 
========================================================================
Received Prepare
Begin MonoManager ReloadAssembly
Symbol file LoadedFromMemory is not a mono symbol file
- Loaded All Assemblies, in  1.552 seconds
Refreshing native plugins compatible for Editor in 33.42 ms, found 2 plugins.
Native extension for WindowsStandalone target not found
Native extension for Android target not found
Native extension for WebGL target not found
[Package Manager] Server::EnsureServerProcessIsRunning -- launch failed, reason: Unity was launched with the -noUpm command-line argument
[Package Manager] UpmClient::Send -- Unable to send message (not connected to UPM process).
[Package Manager] Cannot connect to Unity Package Manager local server
Mono: successfully reloaded assembly
- Finished resetting the current domain, in  3.264 seconds
Domain Reload Profiling: 4807ms
	BeginReloadAssembly (529ms)
		ExecutionOrderSort (0ms)
		DisableScriptedObjects (20ms)
		BackupInstance (0ms)
		ReleaseScriptingObjects (0ms)
		CreateAndSetChildDomain (107ms)
	RebuildCommonClasses (115ms)
	RebuildNativeTypeToScriptingClass (40ms)
	initialDomainReloadingComplete (108ms)
	LoadAllAssembliesAndSetupDomain (749ms)
		LoadAssemblies (1032ms)
		RebuildTransferFunctionScriptingTraits (0ms)
		AnalyzeDomain (36ms)
			TypeCache.Refresh (16ms)
				TypeCache.ScanAssembly (0ms)
			ScanForSourceGeneratedMonoScriptInfo (1ms)
			ResolveRequiredComponents (15ms)
	FinalizeReload (3266ms)
		ReleaseScriptCaches (0ms)
		RebuildScriptCaches (0ms)
		SetupLoadedEditorAssemblies (1900ms)
			LogAssemblyErrors (0ms)
			InitializePlatformSupportModulesInManaged (101ms)
			SetLoadedEditorAssemblies (18ms)
			RefreshPlugins (0ms)
			BeforeProcessingInitializeOnLoad (194ms)
			ProcessInitializeOnLoadAttributes (961ms)
			ProcessInitializeOnLoadMethodAttributes (593ms)
			AfterProcessingInitializeOnLoad (32ms)
			EditorAssembliesLoaded (1ms)
		ExecutionOrderSort2 (0ms)
		AwakeInstancesAfterBackupRestoration (29ms)
Refreshing native plugins compatible for Editor in 31.20 ms, found 2 plugins.
Preloading 0 native plugins for Editor in 0.00 ms.
Unloading 2531 Unused Serialized files (Serialized files now loaded: 0)
Unloading 51 unused Assets / (43.5 KB). Loaded Objects now: 3008.
Memory consumption went from 119.1 MB to 119.1 MB.
Total: 26.090000 ms (FindLiveObjects: 1.232500 ms CreateObjectMapping: 0.502000 ms MarkObjects: 24.096600 ms  DeleteObjects: 0.254500 ms)

Prepare: number of updated asset objects reloaded= 0
AssetImportParameters requested are different than current active one (requested -> active):
  custom:video-decoder-webm-vp8: 9c59270c3fd7afecdb556c50c9e8de78 -> 
  custom:scripting/monoscript/fileName/LeanTweenExt.cs: f7c4020469ba4ace6b24a58dfa9b80ea -> 
  custom:scripting/monoscript/fileName/LeanSmooth.cs: d4f35cfaafc2cb29b46f772a8ddfaa65 -> 
  custom:scripting/monoscript/fileName/AnimatorController.cs: 59a667faa66cf12f4dc1c15f225aa268 -> 
  custom:SearchIndexIgnoredProperties: e643bd26f0fe6173181afceb89e7c659 -> 
  custom:container-demuxer-ogg: 62fdf1f143b41e24485cea50d1cbac27 -> 
  custom:AudioImporter_EditorPlatform: d09bf68614088b80899f8185d706f6e7 -> 
  custom:scripting/monoscript/fileName/PathSplineEndless.cs: 7a7425a0a2e75c6d92188d31db32ce13 -> 
  custom:scripting/monoscript/fileName/TestingPunch.cs: a2b031d01a5e1281da4effd97c67f4be -> 
  custom:scripting/monoscript/fileName/GeneralBasic.cs: 65043492aeece32825f515d8942a7199 -> 
  custom:scripting/monoscript/fileName/PathSpline2d.cs: 5d1babf836673107d23cf0b0aaed8207 -> 
  custom:scripting/monoscript/fileName/GeneralBasics2d.cs: 2997e1d5a32b205757c4f65d775f3287 -> 
  custom:video-codec-MediaFoundation-h265: 746d11721c4dcdbdad8f713fa42b33f4 -> 
  custom:scripting/monoscript/fileName/LeanTweenDocumentationEditor.cs: e0356b43e3484b772f053195ece4f9a2 -> 
  custom:video-decoder-ogg-theora: a1e56fd34408186e4bbccfd4996cb3dc -> 
  custom:scripting/monoscript/fileName/GeneralEasingTypes.cs: 562f847f0d3e7902baa7b155e17fba0b -> 
  custom:framework-win-MediaFoundation: 216162199b28c13a410421893ffa2e32 -> 
  custom:scripting/monoscript/fileName/GeneralCameraShake.cs: 01ca2edc0ec864e0779584140aa51efb -> 
  custom:scripting/monoscript/fileName/PathBezier2d.cs: 7b1a3162b9d991efa29d6eb397d22f37 -> 
  custom:scripting/monoscript/fileName/TestingZLegacy.cs: facbe130be0a9b5bb78defdfa912b69d -> 
  custom:scripting/monoscript/fileName/GeneralEventsListeners.cs: 56a32bdad1fe015494f3d57bc6ca3061 -> 
  custom:scripting/monoscript/fileName/LeanTest.cs: f07ca632943b622491891fe132cf5b1f -> 
  custom:scripting/monoscript/fileName/LTDescrOptional.cs: 40ea18d8ece802bd9c2c885c81d03dab -> 
  custom:video-encoder-webm-vp8: eb34c28f22e8b96e1ab97ce403110664 -> 
  custom:scripting/monoscript/fileName/GeneralSequencer.cs: efa99e55920a183e71fd25d1ae1dc4c3 -> 
  custom:audio-decoder-ogg-vorbis: bf7c407c2cedff20999df2af8eb42d56 -> 
  custom:scripting/monoscript/fileName/PlayerController.cs: d93a52a180fbbe603a59e9aa6da73c83 -> 
  custom:scripting/monoscript/fileName/LeanTween.cs: 479c1b9bc19917fb921d65c4a335546b -> 
  custom:scripting/monoscript/fileName/LTSeq.cs: 9b7ed9798b7fec86e335fa3ab6d69a37 -> 
  custom:scripting/monoscript/fileName/PathSplineTrack.cs: d0688aa0512bab631037f772f4a5ccfb -> 
  custom:CustomObjectIndexerAttribute: 9a22284fe3817be447336de3de66b15e -> 
  custom:scripting/monoscript/fileName/PathSplines.cs: 8a3af88906cb85b34c9c26c53cadbfee -> 
  custom:scripting/monoscript/fileName/PathSpline.cs: 7d3321d9d24ed8c437d9b2c817a2d482 -> 
  custom:scripting/monoscript/fileName/LeanAudio.cs: 61f2e4fd2f93d2e2f298abf20d5e188a -> 
  custom:scripting/monoscript/fileName/PathSplinePerformance.cs: a9834508ad88fe61d55e162afac7f7c4 -> 
  custom:scripting/monoscript/fileName/LogoCinematic.cs: 29183184b1f4e1ee8ce934f93ed7efb4 -> 
  custom:container-demuxer-webm: 4f35f7cbe854078d1ac9338744f61a02 -> 
  custom:scripting/monoscript/fileName/PathBezier.cs: a27fb7183e5050ab25488ab9e245edeb -> 
  custom:scripting/monoscript/fileName/TestingRigidbodyCS.cs: a7901dc5a1070cc79992b8a7cad5f675 -> 
  custom:scripting/monoscript/fileName/TestingZLegacyExt.cs: e25f94ce65fa7f09aefbb531c0ad4a14 -> 
  custom:scripting/monoscript/fileName/Demo.cs: 2d2d42130270d03d580dee5a2d6908aa -> 0b7a92f05528653df5e52544de74f590
  custom:scripting/monoscript/fileName/OldGUIExamplesCS.cs: eb5cbc00223ce1398b3c8757e34268e2 -> 
  custom:audio-encoder-webm-vorbis: bf7c407c2cedff20999df2af8eb42d56 -> 
  custom:scripting/monoscript/fileName/GeneralUISpace.cs: 758010555998f3a911c71b24c9ebf4f4 -> 
  custom:scripting/monoscript/fileName/GeneralSimpleUI.cs: 08d342dca81871b97fe464bd539e8ff0 -> 
  custom:scripting/monoscript/fileName/GeneralAdvancedTechniques.cs: a9660dcf3e6e6fbf51426c31a4ee9301 -> 
  custom:scripting/monoscript/fileName/TestingUnitTests.cs: 5de941be07dae959fb499816cebd6e03 -> 
  custom:scripting/monoscript/fileName/Mover.cs: ff793db0d19dba1f43929ec7f847a9f4 -> da1c610bce1da6a0ba9c04e30a318aa0
  custom:scripting/monoscript/fileName/Following.cs: 5f0c994793eb15b8906b4eea0e0179a6 -> 
  custom:scripting/monoscript/fileName/LTDescr.cs: 0e946b6f38b4c42ace63bf47e1be629c -> 
  custom:container-muxer-webm: aa71ff27fc2769a1b78a27578f13a17b -> 
Editor requested this worker to shutdown with reason: Scaling down because of idle timeout
TcpMessagingSession - receive error: operation aborted. errorcode: 995, details: The I/O operation has been aborted because of either a thread exit or an application request.
AssetImportWorker is now disconnected from the server
Process exiting
Exiting without the bug reporter. Application will terminate with return code 0