Using pre-set license
Built from '2022.3/staging' branch; Version is '2022.3.21f1 (bf09ca542b87) revision 12519882'; Using compiler version '192829333'; Build Type 'Release'
OS: 'Windows 11  (10.0.22631) 64bit Professional' Language: 'en' Physical Memory: 15789 MB
BatchMode: 1, IsHumanControllingUs: 0, StartBugReporterOnCrash: 0, Is64bit: 1, IsPro: 1

COMMAND LINE ARGUMENTS:
C:\Program Files\Unity\Hub\Editor\2022.3.21f1\Editor\Unity.exe
-adb2
-batchMode
-noUpm
-name
AssetImportWorker37
-projectPath
C:/Users/halat/OneDrive/Desktop/Games Course/KatkootiGame _Unity
-logFile
Logs/AssetImportWorker37.log
-srvPort
65470
Successfully changed project path to: C:/Users/halat/OneDrive/Desktop/Games Course/KatkootiGame _Unity
C:/Users/halat/OneDrive/Desktop/Games Course/KatkootiGame _Unity
[UnityMemory] Configuration Parameters - Can be set up in boot.config
    "memorysetup-bucket-allocator-granularity=16"
    "memorysetup-bucket-allocator-bucket-count=8"
    "memorysetup-bucket-allocator-block-size=33554432"
    "memorysetup-bucket-allocator-block-count=8"
    "memorysetup-main-allocator-block-size=16777216"
    "memorysetup-thread-allocator-block-size=16777216"
    "memorysetup-gfx-main-allocator-block-size=16777216"
    "memorysetup-gfx-thread-allocator-block-size=16777216"
    "memorysetup-cache-allocator-block-size=4194304"
    "memorysetup-typetree-allocator-block-size=2097152"
    "memorysetup-profiler-bucket-allocator-granularity=16"
    "memorysetup-profiler-bucket-allocator-bucket-count=8"
    "memorysetup-profiler-bucket-allocator-block-size=33554432"
    "memorysetup-profiler-bucket-allocator-block-count=8"
    "memorysetup-profiler-allocator-block-size=16777216"
    "memorysetup-profiler-editor-allocator-block-size=1048576"
    "memorysetup-temp-allocator-size-main=16777216"
    "memorysetup-job-temp-allocator-block-size=2097152"
    "memorysetup-job-temp-allocator-block-size-background=1048576"
    "memorysetup-job-temp-allocator-reduction-small-platforms=262144"
    "memorysetup-allocator-temp-initial-block-size-main=262144"
    "memorysetup-allocator-temp-initial-block-size-worker=262144"
    "memorysetup-temp-allocator-size-background-worker=32768"
    "memorysetup-temp-allocator-size-job-worker=262144"
    "memorysetup-temp-allocator-size-preload-manager=33554432"
    "memorysetup-temp-allocator-size-nav-mesh-worker=65536"
    "memorysetup-temp-allocator-size-audio-worker=65536"
    "memorysetup-temp-allocator-size-cloud-worker=32768"
    "memorysetup-temp-allocator-size-gi-baking-worker=262144"
    "memorysetup-temp-allocator-size-gfx=262144"
Player connection [38624] Host "[IP] 192.168.150.1 [Port] 0 [Flags] 2 [Guid] 433535795 [EditorId] 433535795 [Version] 1048832 [Id] WindowsEditor(7,HALAHABBOUB) [Debug] 1 [PackageName] WindowsEditor [ProjectName] Editor" joined multi-casting on [225.0.0.222:54997]...

Player connection [38624] Host "[IP] 192.168.150.1 [Port] 0 [Flags] 2 [Guid] 433535795 [EditorId] 433535795 [Version] 1048832 [Id] WindowsEditor(7,HALAHABBOUB) [Debug] 1 [PackageName] WindowsEditor [ProjectName] Editor" joined alternative multi-casting on [225.0.0.222:34997]...

[Physics::Module] Initialized MultithreadedJobDispatcher with 15 workers.
Refreshing native plugins compatible for Editor in 673.11 ms, found 2 plugins.
Preloading 0 native plugins for Editor in 0.00 ms.
Initialize engine version: 2022.3.21f1 (bf09ca542b87)
[Subsystems] Discovering subsystems at path C:/Program Files/Unity/Hub/Editor/2022.3.21f1/Editor/Data/Resources/UnitySubsystems
[Subsystems] Discovering subsystems at path C:/Users/halat/OneDrive/Desktop/Games Course/KatkootiGame _Unity/Assets
GfxDevice: creating device client; threaded=0; jobified=0
Direct3D:
    Version:  Direct3D 11.0 [level 11.1]
    Renderer: NVIDIA GeForce RTX 3050 Laptop GPU (ID=0x25a2)
    Vendor:   NVIDIA
    VRAM:     3977 MB
    Driver:   31.0.15.3168
Initialize mono
Mono path[0] = 'C:/Program Files/Unity/Hub/Editor/2022.3.21f1/Editor/Data/Managed'
Mono path[1] = 'C:/Program Files/Unity/Hub/Editor/2022.3.21f1/Editor/Data/MonoBleedingEdge/lib/mono/unityjit-win32'
Mono config path = 'C:/Program Files/Unity/Hub/Editor/2022.3.21f1/Editor/Data/MonoBleedingEdge/etc'
Using monoOptions --debugger-agent=transport=dt_socket,embedding=1,server=y,suspend=n,address=127.0.0.1:56332
Begin MonoManager ReloadAssembly
Registering precompiled unity dll's ...
Register platform support module: C:/Program Files/Unity/Hub/Editor/2022.3.21f1/Editor/Data/PlaybackEngines/WebGLSupport/UnityEditor.WebGL.Extensions.dll
Register platform support module: C:/Program Files/Unity/Hub/Editor/2022.3.21f1/Editor/Data/PlaybackEngines/AndroidPlayer/UnityEditor.Android.Extensions.dll
Register platform support module: C:/Program Files/Unity/Hub/Editor/2022.3.21f1/Editor/Data/PlaybackEngines/WindowsStandaloneSupport/UnityEditor.WindowsStandalone.Extensions.dll
Registered in 0.041737 seconds.
- Loaded All Assemblies, in  3.182 seconds
Native extension for WindowsStandalone target not found
Native extension for Android target not found
Android Extension - Scanning For ADB Devices 1622 ms
Native extension for WebGL target not found
Mono: successfully reloaded assembly
- Finished resetting the current domain, in  3.053 seconds
Domain Reload Profiling: 6230ms
	BeginReloadAssembly (522ms)
		ExecutionOrderSort (0ms)
		DisableScriptedObjects (0ms)
		BackupInstance (0ms)
		ReleaseScriptingObjects (0ms)
		CreateAndSetChildDomain (3ms)
	RebuildCommonClasses (786ms)
	RebuildNativeTypeToScriptingClass (49ms)
	initialDomainReloadingComplete (278ms)
	LoadAllAssembliesAndSetupDomain (1541ms)
		LoadAssemblies (517ms)
		RebuildTransferFunctionScriptingTraits (0ms)
		AnalyzeDomain (1530ms)
			TypeCache.Refresh (1524ms)
				TypeCache.ScanAssembly (1459ms)
			ScanForSourceGeneratedMonoScriptInfo (2ms)
			ResolveRequiredComponents (2ms)
	FinalizeReload (3054ms)
		ReleaseScriptCaches (0ms)
		RebuildScriptCaches (0ms)
		SetupLoadedEditorAssemblies (2814ms)
			LogAssemblyErrors (0ms)
			InitializePlatformSupportModulesInManaged (2094ms)
			SetLoadedEditorAssemblies (14ms)
			RefreshPlugins (0ms)
			BeforeProcessingInitializeOnLoad (8ms)
			ProcessInitializeOnLoadAttributes (501ms)
			ProcessInitializeOnLoadMethodAttributes (196ms)
			AfterProcessingInitializeOnLoad (0ms)
			EditorAssembliesLoaded (0ms)
		ExecutionOrderSort2 (0ms)
		AwakeInstancesAfterBackupRestoration (0ms)
========================================================================
Worker process is ready to serve import requests
Begin MonoManager ReloadAssembly
Symbol file LoadedFromMemory is not a mono symbol file
- Loaded All Assemblies, in  3.124 seconds
Refreshing native plugins compatible for Editor in 31.74 ms, found 2 plugins.
Native extension for WindowsStandalone target not found
Native extension for Android target not found
Native extension for WebGL target not found
Package Manager log level set to [2]
[Package Manager] Server::EnsureServerProcessIsRunning -- launch failed, reason: Unity was launched with the -noUpm command-line argument
[Package Manager] UpmClient::Send -- Unable to send message (not connected to UPM process).
[Package Manager] Cannot connect to Unity Package Manager local server
Mono: successfully reloaded assembly
- Finished resetting the current domain, in  3.339 seconds
Domain Reload Profiling: 6452ms
	BeginReloadAssembly (637ms)
		ExecutionOrderSort (0ms)
		DisableScriptedObjects (21ms)
		BackupInstance (0ms)
		ReleaseScriptingObjects (0ms)
		CreateAndSetChildDomain (80ms)
	RebuildCommonClasses (170ms)
	RebuildNativeTypeToScriptingClass (43ms)
	initialDomainReloadingComplete (163ms)
	LoadAllAssembliesAndSetupDomain (2097ms)
		LoadAssemblies (1567ms)
		RebuildTransferFunctionScriptingTraits (0ms)
		AnalyzeDomain (936ms)
			TypeCache.Refresh (842ms)
				TypeCache.ScanAssembly (615ms)
			ScanForSourceGeneratedMonoScriptInfo (76ms)
			ResolveRequiredComponents (14ms)
	FinalizeReload (3341ms)
		ReleaseScriptCaches (0ms)
		RebuildScriptCaches (0ms)
		SetupLoadedEditorAssemblies (2682ms)
			LogAssemblyErrors (0ms)
			InitializePlatformSupportModulesInManaged (104ms)
			SetLoadedEditorAssemblies (21ms)
			RefreshPlugins (0ms)
			BeforeProcessingInitializeOnLoad (237ms)
			ProcessInitializeOnLoadAttributes (1588ms)
			ProcessInitializeOnLoadMethodAttributes (706ms)
			AfterProcessingInitializeOnLoad (25ms)
			EditorAssembliesLoaded (1ms)
		ExecutionOrderSort2 (0ms)
		AwakeInstancesAfterBackupRestoration (31ms)
Launched and connected shader compiler UnityShaderCompiler.exe after 0.37 seconds
Refreshing native plugins compatible for Editor in 42.61 ms, found 2 plugins.
Preloading 0 native plugins for Editor in 0.00 ms.
Unloading 2540 Unused Serialized files (Serialized files now loaded: 0)
Unloading 62 unused Assets / (69.8 KB). Loaded Objects now: 2999.
Memory consumption went from 116.5 MB to 116.5 MB.
Total: 26.751200 ms (FindLiveObjects: 0.604900 ms CreateObjectMapping: 0.273800 ms MarkObjects: 25.388300 ms  DeleteObjects: 0.480800 ms)

AssetImportParameters requested are different than current active one (requested -> active):
  custom:video-decoder-webm-vp8: 9c59270c3fd7afecdb556c50c9e8de78 -> 
  custom:scripting/monoscript/fileName/LeanTweenExt.cs: f7c4020469ba4ace6b24a58dfa9b80ea -> 
  custom:scripting/monoscript/fileName/LeanSmooth.cs: d4f35cfaafc2cb29b46f772a8ddfaa65 -> 
  custom:scripting/monoscript/fileName/AnimatorController.cs: 59a667faa66cf12f4dc1c15f225aa268 -> 
  custom:SearchIndexIgnoredProperties: e643bd26f0fe6173181afceb89e7c659 -> 
  custom:container-demuxer-ogg: 62fdf1f143b41e24485cea50d1cbac27 -> 
  custom:AudioImporter_EditorPlatform: d09bf68614088b80899f8185d706f6e7 -> 
  custom:scripting/monoscript/fileName/PathSplineEndless.cs: 7a7425a0a2e75c6d92188d31db32ce13 -> 
  custom:scripting/monoscript/fileName/TestingPunch.cs: a2b031d01a5e1281da4effd97c67f4be -> 
  custom:scripting/monoscript/fileName/GeneralBasic.cs: 65043492aeece32825f515d8942a7199 -> 
  custom:scripting/monoscript/fileName/PathSpline2d.cs: 5d1babf836673107d23cf0b0aaed8207 -> 
  custom:scripting/monoscript/fileName/GeneralBasics2d.cs: 2997e1d5a32b205757c4f65d775f3287 -> 
  custom:video-codec-MediaFoundation-h265: 746d11721c4dcdbdad8f713fa42b33f4 -> 
  custom:scripting/monoscript/fileName/LeanTweenDocumentationEditor.cs: e0356b43e3484b772f053195ece4f9a2 -> 
  custom:video-decoder-ogg-theora: a1e56fd34408186e4bbccfd4996cb3dc -> 
  custom:scripting/monoscript/fileName/GeneralEasingTypes.cs: 562f847f0d3e7902baa7b155e17fba0b -> 
  custom:framework-win-MediaFoundation: 216162199b28c13a410421893ffa2e32 -> 
  custom:scripting/monoscript/fileName/GeneralCameraShake.cs: 01ca2edc0ec864e0779584140aa51efb -> 
  custom:scripting/monoscript/fileName/PathBezier2d.cs: 7b1a3162b9d991efa29d6eb397d22f37 -> 
  custom:scripting/monoscript/fileName/TestingZLegacy.cs: facbe130be0a9b5bb78defdfa912b69d -> 
  custom:scripting/monoscript/fileName/GeneralEventsListeners.cs: 56a32bdad1fe015494f3d57bc6ca3061 -> 
  custom:scripting/monoscript/fileName/LeanTest.cs: f07ca632943b622491891fe132cf5b1f -> 
  custom:scripting/monoscript/fileName/LTDescrOptional.cs: 40ea18d8ece802bd9c2c885c81d03dab -> 
  custom:video-encoder-webm-vp8: eb34c28f22e8b96e1ab97ce403110664 -> 
  custom:scripting/monoscript/fileName/GeneralSequencer.cs: efa99e55920a183e71fd25d1ae1dc4c3 -> 
  custom:audio-decoder-ogg-vorbis: bf7c407c2cedff20999df2af8eb42d56 -> 
  custom:scripting/monoscript/fileName/PlayerController.cs: d93a52a180fbbe603a59e9aa6da73c83 -> 
  custom:scripting/monoscript/fileName/LeanTween.cs: 479c1b9bc19917fb921d65c4a335546b -> 
  custom:scripting/monoscript/fileName/LTSeq.cs: 9b7ed9798b7fec86e335fa3ab6d69a37 -> 
  custom:scripting/monoscript/fileName/PathSplineTrack.cs: d0688aa0512bab631037f772f4a5ccfb -> 
  custom:CustomObjectIndexerAttribute: 9a22284fe3817be447336de3de66b15e -> 
  custom:scripting/monoscript/fileName/PathSplines.cs: 8a3af88906cb85b34c9c26c53cadbfee -> 
  custom:scripting/monoscript/fileName/PathSpline.cs: 7d3321d9d24ed8c437d9b2c817a2d482 -> 
  custom:scripting/monoscript/fileName/LeanAudio.cs: 61f2e4fd2f93d2e2f298abf20d5e188a -> 
  custom:scripting/monoscript/fileName/PathSplinePerformance.cs: a9834508ad88fe61d55e162afac7f7c4 -> 
  custom:scripting/monoscript/fileName/LogoCinematic.cs: 29183184b1f4e1ee8ce934f93ed7efb4 -> 
  custom:container-demuxer-webm: 4f35f7cbe854078d1ac9338744f61a02 -> 
  custom:scripting/monoscript/fileName/PathBezier.cs: a27fb7183e5050ab25488ab9e245edeb -> 
  custom:scripting/monoscript/fileName/TestingRigidbodyCS.cs: a7901dc5a1070cc79992b8a7cad5f675 -> 
  custom:scripting/monoscript/fileName/TestingZLegacyExt.cs: e25f94ce65fa7f09aefbb531c0ad4a14 -> 
  custom:scripting/monoscript/fileName/Demo.cs: 2d2d42130270d03d580dee5a2d6908aa -> 0b7a92f05528653df5e52544de74f590
  custom:scripting/monoscript/fileName/OldGUIExamplesCS.cs: eb5cbc00223ce1398b3c8757e34268e2 -> 
  custom:audio-encoder-webm-vorbis: bf7c407c2cedff20999df2af8eb42d56 -> 
  custom:scripting/monoscript/fileName/GeneralUISpace.cs: 758010555998f3a911c71b24c9ebf4f4 -> 
  custom:scripting/monoscript/fileName/GeneralSimpleUI.cs: 08d342dca81871b97fe464bd539e8ff0 -> 
  custom:scripting/monoscript/fileName/GeneralAdvancedTechniques.cs: a9660dcf3e6e6fbf51426c31a4ee9301 -> 
  custom:scripting/monoscript/fileName/TestingUnitTests.cs: 5de941be07dae959fb499816cebd6e03 -> 
  custom:scripting/monoscript/fileName/Mover.cs: ff793db0d19dba1f43929ec7f847a9f4 -> da1c610bce1da6a0ba9c04e30a318aa0
  custom:scripting/monoscript/fileName/Following.cs: 5f0c994793eb15b8906b4eea0e0179a6 -> 
  custom:scripting/monoscript/fileName/LTDescr.cs: 0e946b6f38b4c42ace63bf47e1be629c -> 
  custom:container-muxer-webm: aa71ff27fc2769a1b78a27578f13a17b -> 
========================================================================
Received Import Request.
  Time since last request: 187516.406096 seconds.
  path: Assets/Prefabs/Items/logM.prefab
  artifactKey: Guid(8858d9d38bbd1cf439c9537445a76b04) Importer(2089858483,0ecaa5967403d082aa24f35e1b516d23)
Start importing Assets/Prefabs/Items/logM.prefab using Guid(8858d9d38bbd1cf439c9537445a76b04) Importer(2089858483,0ecaa5967403d082aa24f35e1b516d23)  -> (artifact id: '31ffa6de611e8fdcffd47adec4334b24') in 0.416027 seconds
Number of updated asset objects reloaded before import = 0
Number of asset objects unloaded after import = 7
========================================================================
Received Import Request.
  Time since last request: 0.000099 seconds.
  path: Assets/Prefabs/Items/logShort.prefab
  artifactKey: Guid(a95b6d6c69aeacf40aa66dce9cd6788a) Importer(2089858483,0ecaa5967403d082aa24f35e1b516d23)
Start importing Assets/Prefabs/Items/logShort.prefab using Guid(a95b6d6c69aeacf40aa66dce9cd6788a) Importer(2089858483,0ecaa5967403d082aa24f35e1b516d23)  -> (artifact id: 'f648a8c3d1a71d51f3b8130654e0befe') in 0.106815 seconds
Number of updated asset objects reloaded before import = 0
Number of asset objects unloaded after import = 11
========================================================================
Received Import Request.
  Time since last request: 0.001623 seconds.
  path: Assets/Crossy Road/Models/log/log.jpg
  artifactKey: Guid(a46b3f7b1955dc247bc27ad7bf305a11) Importer(2089858483,0ecaa5967403d082aa24f35e1b516d23)
Start importing Assets/Crossy Road/Models/log/log.jpg using Guid(a46b3f7b1955dc247bc27ad7bf305a11) Importer(2089858483,0ecaa5967403d082aa24f35e1b516d23)  -> (artifact id: '3133ba4ef22f5c185cd1b119123ec3ce') in 0.438004 seconds
Number of updated asset objects reloaded before import = 0
Number of asset objects unloaded after import = 1
========================================================================
Received Import Request.
  Time since last request: 0.000632 seconds.
  path: Assets/Crossy Road/Animations/chick.controller
  artifactKey: Guid(0819236c90f9a43198a354ad53b0041d) Importer(2089858483,0ecaa5967403d082aa24f35e1b516d23)
Start importing Assets/Crossy Road/Animations/chick.controller using Guid(0819236c90f9a43198a354ad53b0041d) Importer(2089858483,0ecaa5967403d082aa24f35e1b516d23)  -> (artifact id: '2680c42b09dbbd6aa257d13314ad026b') in 0.174268 seconds
Number of updated asset objects reloaded before import = 0
Number of asset objects unloaded after import = 14
========================================================================
Received Import Request.
  Time since last request: 0.000093 seconds.
  path: Assets/Crossy Road/Models/railroad/railroad.mat
  artifactKey: Guid(6fdab09cc9340b045aa3bef64cf5cec3) Importer(2089858483,0ecaa5967403d082aa24f35e1b516d23)
Start importing Assets/Crossy Road/Models/railroad/railroad.mat using Guid(6fdab09cc9340b045aa3bef64cf5cec3) Importer(2089858483,0ecaa5967403d082aa24f35e1b516d23)  -> (artifact id: '20d4056b31d00706acb1a007a8b710d7') in 0.192606 seconds
Number of updated asset objects reloaded before import = 0
Number of asset objects unloaded after import = 2
========================================================================
Received Import Request.
  Time since last request: 0.000118 seconds.
  path: Assets/Crossy Road/Models/trees/treesmall.jpg
  artifactKey: Guid(c8856f86b99f4f6469f87d7580d6490b) Importer(2089858483,0ecaa5967403d082aa24f35e1b516d23)
Start importing Assets/Crossy Road/Models/trees/treesmall.jpg using Guid(c8856f86b99f4f6469f87d7580d6490b) Importer(2089858483,0ecaa5967403d082aa24f35e1b516d23)  -> (artifact id: '4c75a7cd82e0b494a5794ca4b5a865de') in 0.246342 seconds
Number of updated asset objects reloaded before import = 0
Number of asset objects unloaded after import = 1
========================================================================
Received Import Request.
  Time since last request: 0.000111 seconds.
  path: Assets/Packages/Pack_FREE_Cars/FREECarScene.unity
  artifactKey: Guid(b295b45156984e74f81222d69e3dbb0a) Importer(2089858483,0ecaa5967403d082aa24f35e1b516d23)
Start importing Assets/Packages/Pack_FREE_Cars/FREECarScene.unity using Guid(b295b45156984e74f81222d69e3dbb0a) Importer(2089858483,0ecaa5967403d082aa24f35e1b516d23)  -> (artifact id: 'fb779daecac0c2a5161340c122a87fee') in 0.041490 seconds
Number of updated asset objects reloaded before import = 0
Number of asset objects unloaded after import = 1
========================================================================
Received Import Request.
  Time since last request: 0.000282 seconds.
  path: Assets/Crossy Road/Models/trees/treemedium.obj
  artifactKey: Guid(aa217420f9edb324a9705ada8dc83bb6) Importer(2089858483,0ecaa5967403d082aa24f35e1b516d23)
Start importing Assets/Crossy Road/Models/trees/treemedium.obj using Guid(aa217420f9edb324a9705ada8dc83bb6) Importer(2089858483,0ecaa5967403d082aa24f35e1b516d23)  -> (artifact id: 'd28226d0c2dfc55a570a2c76b0f6da3c') in 0.273144 seconds
Number of updated asset objects reloaded before import = 0
Number of asset objects unloaded after import = 9
========================================================================
Received Import Request.
  Time since last request: 0.000058 seconds.
  path: Assets/Crossy Road/Prefabs/Objects/car_red.prefab
  artifactKey: Guid(4195b4ff6d0a23f42ad9b7dbe76a33e3) Importer(2089858483,0ecaa5967403d082aa24f35e1b516d23)
Start importing Assets/Crossy Road/Prefabs/Objects/car_red.prefab using Guid(4195b4ff6d0a23f42ad9b7dbe76a33e3) Importer(2089858483,0ecaa5967403d082aa24f35e1b516d23)  -> (artifact id: '0eff07c739637f534660259379889855') in 0.121752 seconds
Number of updated asset objects reloaded before import = 0
Number of asset objects unloaded after import = 11
========================================================================
Received Import Request.
  Time since last request: 0.000152 seconds.
  path: Assets/Crossy Road/Prefabs/Objects/chick.prefab
  artifactKey: Guid(1bf698d9e6fd9bc45b0d64a3b6f302f2) Importer(2089858483,0ecaa5967403d082aa24f35e1b516d23)
Start importing Assets/Crossy Road/Prefabs/Objects/chick.prefab using Guid(1bf698d9e6fd9bc45b0d64a3b6f302f2) Importer(2089858483,0ecaa5967403d082aa24f35e1b516d23)  -> (artifact id: 'bb14b2b5073bc66a2db94497dce1efa0') in 0.114724 seconds
Number of updated asset objects reloaded before import = 0
Number of asset objects unloaded after import = 7
========================================================================
Received Import Request.
  Time since last request: 0.000085 seconds.
  path: Assets/Crossy Road/Models/trees/treemedium.jpg
  artifactKey: Guid(4a62847b4b9936c438cd0b028c44374a) Importer(2089858483,0ecaa5967403d082aa24f35e1b516d23)
Start importing Assets/Crossy Road/Models/trees/treemedium.jpg using Guid(4a62847b4b9936c438cd0b028c44374a) Importer(2089858483,0ecaa5967403d082aa24f35e1b516d23)  -> (artifact id: '673d54ec4c0f5bcbb5b24b2ddd3011c4') in 0.096960 seconds
Number of updated asset objects reloaded before import = 0
Number of asset objects unloaded after import = 1
========================================================================
Received Import Request.
  Time since last request: 0.000402 seconds.
  path: Assets/Packages/Pack_FREE_Cars/Prefabs/Truck.prefab
  artifactKey: Guid(bf49b486ffae2c2429b4fd41e96023c3) Importer(2089858483,0ecaa5967403d082aa24f35e1b516d23)
Start importing Assets/Packages/Pack_FREE_Cars/Prefabs/Truck.prefab using Guid(bf49b486ffae2c2429b4fd41e96023c3) Importer(2089858483,0ecaa5967403d082aa24f35e1b516d23)  -> (artifact id: 'b4ed6bd241642721ccb5bbf8f51980c1') in 0.087540 seconds
Number of updated asset objects reloaded before import = 0
Number of asset objects unloaded after import = 33
========================================================================
Received Import Request.
  Time since last request: 0.000096 seconds.
  path: Assets/Prefabs/Grounds/Grass.prefab
  artifactKey: Guid(a9a9860f534b42d499243b587e3b3e03) Importer(2089858483,0ecaa5967403d082aa24f35e1b516d23)
Start importing Assets/Prefabs/Grounds/Grass.prefab using Guid(a9a9860f534b42d499243b587e3b3e03) Importer(2089858483,0ecaa5967403d082aa24f35e1b516d23)  -> (artifact id: 'c2a9e83a50d0de02f9986e2c58771c42') in 0.100124 seconds
Number of updated asset objects reloaded before import = 0
Number of asset objects unloaded after import = 73
========================================================================
Received Import Request.
  Time since last request: 0.000104 seconds.
  path: Assets/Prefabs/Items/firetruck.prefab
  artifactKey: Guid(ceb7f2d2020f7ed47be33a00e30000a0) Importer(2089858483,0ecaa5967403d082aa24f35e1b516d23)
Start importing Assets/Prefabs/Items/firetruck.prefab using Guid(ceb7f2d2020f7ed47be33a00e30000a0) Importer(2089858483,0ecaa5967403d082aa24f35e1b516d23)  -> (artifact id: '832a8c8f5f15d50405401a5db9fa0b85') in 0.087031 seconds
Number of updated asset objects reloaded before import = 0
Number of asset objects unloaded after import = 38
========================================================================
Received Import Request.
  Time since last request: 0.000133 seconds.
  path: Assets/Packages/TinyCar/FBX/truckFBX.fbx
  artifactKey: Guid(dff83fec6c824c044b86c0f1ef2fc9f0) Importer(2089858483,0ecaa5967403d082aa24f35e1b516d23)
Start importing Assets/Packages/TinyCar/FBX/truckFBX.fbx using Guid(dff83fec6c824c044b86c0f1ef2fc9f0) Importer(2089858483,0ecaa5967403d082aa24f35e1b516d23)  -> (artifact id: '144551205c9994a0c168224434ba8ae1') in 0.114245 seconds
Number of updated asset objects reloaded before import = 0
Number of asset objects unloaded after import = 45
========================================================================
Received Import Request.
  Time since last request: 0.000087 seconds.
  path: Assets/Packages/TinyCar/FBX/police.fbx
  artifactKey: Guid(da030e37ecbe0654eb3533eb5a86b626) Importer(2089858483,0ecaa5967403d082aa24f35e1b516d23)
Start importing Assets/Packages/TinyCar/FBX/police.fbx using Guid(da030e37ecbe0654eb3533eb5a86b626) Importer(2089858483,0ecaa5967403d082aa24f35e1b516d23)  -> (artifact id: '38b73ca59d0ce25bd0c2163380ca092e') in 0.114560 seconds
Number of updated asset objects reloaded before import = 0
Number of asset objects unloaded after import = 53
========================================================================
Received Import Request.
  Time since last request: 0.000080 seconds.
  path: Assets/Packages/TinyCar/Materials+Texture/Cars 'n wheels.mat
  artifactKey: Guid(bd403b2d4c21dcb45a2432eb9cfe5f55) Importer(2089858483,0ecaa5967403d082aa24f35e1b516d23)
Start importing Assets/Packages/TinyCar/Materials+Texture/Cars 'n wheels.mat using Guid(bd403b2d4c21dcb45a2432eb9cfe5f55) Importer(2089858483,0ecaa5967403d082aa24f35e1b516d23)  -> (artifact id: '275440963d93540f986cbd035cddb000') in 0.150584 seconds
Number of updated asset objects reloaded before import = 0
Number of asset objects unloaded after import = 3
========================================================================
Received Import Request.
  Time since last request: 0.000086 seconds.
  path: Assets/Crossy Road/Models/chick/chick.mat
  artifactKey: Guid(47f596bf6a3d9414289f8b97b30506e6) Importer(2089858483,0ecaa5967403d082aa24f35e1b516d23)
Start importing Assets/Crossy Road/Models/chick/chick.mat using Guid(47f596bf6a3d9414289f8b97b30506e6) Importer(2089858483,0ecaa5967403d082aa24f35e1b516d23)  -> (artifact id: 'fe7a917c8c6fa49da4ada0af01b61b55') in 0.089387 seconds
Number of updated asset objects reloaded before import = 0
Number of asset objects unloaded after import = 2
========================================================================
Received Import Request.
  Time since last request: 0.000064 seconds.
  path: Assets/Prefabs/Items/logMedium.prefab
  artifactKey: Guid(2c5d3e1e13fc85d408bc6d03b6f5d497) Importer(2089858483,0ecaa5967403d082aa24f35e1b516d23)
Start importing Assets/Prefabs/Items/logMedium.prefab using Guid(2c5d3e1e13fc85d408bc6d03b6f5d497) Importer(2089858483,0ecaa5967403d082aa24f35e1b516d23)  -> (artifact id: 'ef25c268efde35dfb7d134afd271af13') in 0.045865 seconds
Number of updated asset objects reloaded before import = 0
Number of asset objects unloaded after import = 11
========================================================================
Received Import Request.
  Time since last request: 0.000063 seconds.
  path: Assets/Crossy Road/Models/car/car.FBX
  artifactKey: Guid(c79a0d40cd28d604abfbb539c6786586) Importer(2089858483,0ecaa5967403d082aa24f35e1b516d23)
Start importing Assets/Crossy Road/Models/car/car.FBX using Guid(c79a0d40cd28d604abfbb539c6786586) Importer(2089858483,0ecaa5967403d082aa24f35e1b516d23)  -> (artifact id: 'bd0366567aadbf86791d448602aab90c') in 0.084762 seconds
Number of updated asset objects reloaded before import = 0
Number of asset objects unloaded after import = 7
========================================================================
Received Import Request.
  Time since last request: 0.001816 seconds.
  path: Assets/Crossy Road/Models/car/car_purple.mat
  artifactKey: Guid(30957cc4b1184dc4c9c70bcc7b56c341) Importer(2089858483,0ecaa5967403d082aa24f35e1b516d23)
Start importing Assets/Crossy Road/Models/car/car_purple.mat using Guid(30957cc4b1184dc4c9c70bcc7b56c341) Importer(2089858483,0ecaa5967403d082aa24f35e1b516d23)  -> (artifact id: '0e957c56d873c6bf8be3d0e3d3cfbf68') in 0.103180 seconds
Number of updated asset objects reloaded before import = 0
Number of asset objects unloaded after import = 2
========================================================================
Received Import Request.
  Time since last request: 0.000072 seconds.
  path: Assets/Crossy Road/Models/truck/truck.jpg
  artifactKey: Guid(e9d0dcec269fc114f9fd6aebd2834805) Importer(2089858483,0ecaa5967403d082aa24f35e1b516d23)
Start importing Assets/Crossy Road/Models/truck/truck.jpg using Guid(e9d0dcec269fc114f9fd6aebd2834805) Importer(2089858483,0ecaa5967403d082aa24f35e1b516d23)  -> (artifact id: '9c3f5a019350801159207d97840f3717') in 0.101023 seconds
Number of updated asset objects reloaded before import = 0
Number of asset objects unloaded after import = 1
========================================================================
Received Import Request.
  Time since last request: 0.000790 seconds.
  path: Assets/Crossy Road/Models/trees/Materials/treesmall.mat
  artifactKey: Guid(62351e4999fd3f646895527800ebf80d) Importer(2089858483,0ecaa5967403d082aa24f35e1b516d23)
Start importing Assets/Crossy Road/Models/trees/Materials/treesmall.mat using Guid(62351e4999fd3f646895527800ebf80d) Importer(2089858483,0ecaa5967403d082aa24f35e1b516d23)  -> (artifact id: '3cc68d3832a887ace4f17ca55856abb7') in 0.109486 seconds
Number of updated asset objects reloaded before import = 0
Number of asset objects unloaded after import = 2
========================================================================
Received Import Request.
  Time since last request: 0.000836 seconds.
  path: Assets/Crossy Road/Models/railroad/Materials/lightpole_group1_lightpole_pCube250_lightpole_polySurface1Mat.mat
  artifactKey: Guid(9c114e91687edd143bbffd7826035c66) Importer(2089858483,0ecaa5967403d082aa24f35e1b516d23)
Start importing Assets/Crossy Road/Models/railroad/Materials/lightpole_group1_lightpole_pCube250_lightpole_polySurface1Mat.mat using Guid(9c114e91687edd143bbffd7826035c66) Importer(2089858483,0ecaa5967403d082aa24f35e1b516d23)  -> (artifact id: 'c959825be3b95f919cea4289065d34f1') in 0.100605 seconds
Number of updated asset objects reloaded before import = 0
Number of asset objects unloaded after import = 1
========================================================================
Received Import Request.
  Time since last request: 0.000065 seconds.
  path: Assets/Packages/Quirky Series - Birds Bundle/_Animations/Shapekey/Eyes_Squint.anim
  artifactKey: Guid(d43226420668d044c975f0ecc5809df1) Importer(2089858483,0ecaa5967403d082aa24f35e1b516d23)
Start importing Assets/Packages/Quirky Series - Birds Bundle/_Animations/Shapekey/Eyes_Squint.anim using Guid(d43226420668d044c975f0ecc5809df1) Importer(2089858483,0ecaa5967403d082aa24f35e1b516d23)  -> (artifact id: '8b1e33f30b2f7a5aafdb3b4e3fb1970e') in 0.108987 seconds
Number of updated asset objects reloaded before import = 0
Number of asset objects unloaded after import = 1
========================================================================
Received Import Request.
  Time since last request: 0.000094 seconds.
  path: Assets/Packages/Quirky Series - Birds Bundle/_Animations/Shapekey/Eyes_Spin.anim
  artifactKey: Guid(64dc3627784e421408921cf2a4f9bc38) Importer(2089858483,0ecaa5967403d082aa24f35e1b516d23)
Start importing Assets/Packages/Quirky Series - Birds Bundle/_Animations/Shapekey/Eyes_Spin.anim using Guid(64dc3627784e421408921cf2a4f9bc38) Importer(2089858483,0ecaa5967403d082aa24f35e1b516d23)  -> (artifact id: '63c3890c3636cffe4aa16e414f933809') in 0.112536 seconds
Number of updated asset objects reloaded before import = 0
Number of asset objects unloaded after import = 1
========================================================================
Received Import Request.
  Time since last request: 0.000049 seconds.
  path: Assets/Prefabs/Items/treemedium.prefab
  artifactKey: Guid(e88d753d0943c0b49b581a77769253b7) Importer(2089858483,0ecaa5967403d082aa24f35e1b516d23)
Start importing Assets/Prefabs/Items/treemedium.prefab using Guid(e88d753d0943c0b49b581a77769253b7) Importer(2089858483,0ecaa5967403d082aa24f35e1b516d23)  -> (artifact id: '68d5742b148817dc917f158b8fcea277') in 0.077794 seconds
Number of updated asset objects reloaded before import = 0
Number of asset objects unloaded after import = 8
========================================================================
Received Import Request.
  Time since last request: 0.000087 seconds.
  path: Assets/Packages/Quirky Series Ultimate/FREE/Prefabs/Single LODs/Sparrow_LOD0.prefab
  artifactKey: Guid(0c98f994f7df1f849858fd2d6de9b731) Importer(2089858483,0ecaa5967403d082aa24f35e1b516d23)
Start importing Assets/Packages/Quirky Series Ultimate/FREE/Prefabs/Single LODs/Sparrow_LOD0.prefab using Guid(0c98f994f7df1f849858fd2d6de9b731) Importer(2089858483,0ecaa5967403d082aa24f35e1b516d23)  -> (artifact id: 'd979f312b851fa5153e9fbfa9f593b0b') in 0.748113 seconds
Number of updated asset objects reloaded before import = 0
Number of asset objects unloaded after import = 117
========================================================================
Received Import Request.
  Time since last request: 0.000118 seconds.
  path: Assets/Packages/Quirky Series - Birds Bundle/_Shader/URP (Unity 2019.3.0f3 and above)/SoftSurfaceGraph.shadergraph
  artifactKey: Guid(a44401f8b3d263c4e9c2ed62b3f5adff) Importer(2089858483,0ecaa5967403d082aa24f35e1b516d23)
Start importing Assets/Packages/Quirky Series - Birds Bundle/_Shader/URP (Unity 2019.3.0f3 and above)/SoftSurfaceGraph.shadergraph using Guid(a44401f8b3d263c4e9c2ed62b3f5adff) Importer(2089858483,0ecaa5967403d082aa24f35e1b516d23)  -> (artifact id: 'c2481112e868b836b9d59c0e709ad1e0') in 0.034416 seconds
Number of updated asset objects reloaded before import = 0
Number of asset objects unloaded after import = 1
========================================================================
Received Import Request.
  Time since last request: 0.000289 seconds.
  path: Assets/Packages/Quirky Series Ultimate/FREE/Animations/Sparrow_Animations.fbx
  artifactKey: Guid(34f30712d30697648b80843f9e09934c) Importer(2089858483,0ecaa5967403d082aa24f35e1b516d23)
Start importing Assets/Packages/Quirky Series Ultimate/FREE/Animations/Sparrow_Animations.fbx using Guid(34f30712d30697648b80843f9e09934c) Importer(2089858483,0ecaa5967403d082aa24f35e1b516d23)  -> (artifact id: '2ecce69a1448c3a88d1ad829a721575a') in 0.305672 seconds
Number of updated asset objects reloaded before import = 0
Number of asset objects unloaded after import = 50
========================================================================
Received Import Request.
  Time since last request: 0.000081 seconds.
  path: Assets/Crossy Road/Models/railroad/lightpole.mat
  artifactKey: Guid(3e54a0b9922a00749a1b6451ca8fc829) Importer(2089858483,0ecaa5967403d082aa24f35e1b516d23)
Start importing Assets/Crossy Road/Models/railroad/lightpole.mat using Guid(3e54a0b9922a00749a1b6451ca8fc829) Importer(2089858483,0ecaa5967403d082aa24f35e1b516d23)  -> (artifact id: '9be3fffd3b2babd28637976a370c1d4c') in 0.098617 seconds
Number of updated asset objects reloaded before import = 0
Number of asset objects unloaded after import = 2
========================================================================
Received Import Request.
  Time since last request: 0.000089 seconds.
  path: Assets/Materials/coin.mat
  artifactKey: Guid(1a36594aa408fbc479bdc56419a70c19) Importer(2089858483,0ecaa5967403d082aa24f35e1b516d23)
Start importing Assets/Materials/coin.mat using Guid(1a36594aa408fbc479bdc56419a70c19) Importer(2089858483,0ecaa5967403d082aa24f35e1b516d23)  -> (artifact id: '921eec8a99fb2d0f93cc8a8fa92da9a4') in 0.094227 seconds
Number of updated asset objects reloaded before import = 0
Number of asset objects unloaded after import = 2
========================================================================
Received Import Request.
  Time since last request: 0.000263 seconds.
  path: Assets/Crossy Road/Models/railroad/lightpole.jpg
  artifactKey: Guid(767615bf2f0785644b6e7a9c558d46e6) Importer(2089858483,0ecaa5967403d082aa24f35e1b516d23)
Start importing Assets/Crossy Road/Models/railroad/lightpole.jpg using Guid(767615bf2f0785644b6e7a9c558d46e6) Importer(2089858483,0ecaa5967403d082aa24f35e1b516d23)  -> (artifact id: 'd621b0b0f904e4212bdefc1171db3d87') in 0.177839 seconds
Number of updated asset objects reloaded before import = 0
Number of asset objects unloaded after import = 1
========================================================================
Received Import Request.
  Time since last request: 0.000092 seconds.
  path: Assets/Crossy Road/Models/car/car_red.jpg
  artifactKey: Guid(5a224aa898fe1854c9a57a4091aa86cc) Importer(2089858483,0ecaa5967403d082aa24f35e1b516d23)
Start importing Assets/Crossy Road/Models/car/car_red.jpg using Guid(5a224aa898fe1854c9a57a4091aa86cc) Importer(2089858483,0ecaa5967403d082aa24f35e1b516d23)  -> (artifact id: 'ed0b6c623c3a68c457d33c8822be0709') in 0.111099 seconds
Number of updated asset objects reloaded before import = 0
Number of asset objects unloaded after import = 1
========================================================================
Received Import Request.
  Time since last request: 0.000147 seconds.
  path: Assets/Packages/TinyCar/Prefabs/car.prefab
  artifactKey: Guid(e9998600c6a59394c8170891b0cf1f22) Importer(2089858483,0ecaa5967403d082aa24f35e1b516d23)
Start importing Assets/Packages/TinyCar/Prefabs/car.prefab using Guid(e9998600c6a59394c8170891b0cf1f22) Importer(2089858483,0ecaa5967403d082aa24f35e1b516d23)  -> (artifact id: 'f746d01bb7cad531aab2ea9ecebfaddb') in 0.063193 seconds
Number of updated asset objects reloaded before import = 0
Number of asset objects unloaded after import = 33
========================================================================
Received Import Request.
  Time since last request: 0.000102 seconds.
  path: Assets/Crossy Road/Models/road/road 1.mat
  artifactKey: Guid(6f9b1b9385467814b85a6fc4b95514d9) Importer(2089858483,0ecaa5967403d082aa24f35e1b516d23)
Start importing Assets/Crossy Road/Models/road/road 1.mat using Guid(6f9b1b9385467814b85a6fc4b95514d9) Importer(2089858483,0ecaa5967403d082aa24f35e1b516d23)  -> (artifact id: '496f6379e6091b791d13ef649d49b675') in 0.073330 seconds
Number of updated asset objects reloaded before import = 0
Number of asset objects unloaded after import = 2
========================================================================
Received Import Request.
  Time since last request: 0.000067 seconds.
  path: Assets/Crossy Road/Models/road/road 1.jpg
  artifactKey: Guid(27483e652279963488ff9a5d0adf83d4) Importer(2089858483,0ecaa5967403d082aa24f35e1b516d23)
Start importing Assets/Crossy Road/Models/road/road 1.jpg using Guid(27483e652279963488ff9a5d0adf83d4) Importer(2089858483,0ecaa5967403d082aa24f35e1b516d23)  -> (artifact id: '7625df644780f8b39c0d57e70a50a92a') in 0.092249 seconds
Number of updated asset objects reloaded before import = 0
Number of asset objects unloaded after import = 1
========================================================================
Received Import Request.
  Time since last request: 0.000940 seconds.
  path: Assets/Packages/Quirky Series Ultimate/FREE/Models/Sparrow_LOD0.fbx
  artifactKey: Guid(5d1cd35570dc600419da732416cfb76c) Importer(2089858483,0ecaa5967403d082aa24f35e1b516d23)
Start importing Assets/Packages/Quirky Series Ultimate/FREE/Models/Sparrow_LOD0.fbx using Guid(5d1cd35570dc600419da732416cfb76c) Importer(2089858483,0ecaa5967403d082aa24f35e1b516d23)  -> (artifact id: '9bd8a93aa5e50236697fbf8e33996f69') in 0.323842 seconds
Number of updated asset objects reloaded before import = 0
Number of asset objects unloaded after import = 30
========================================================================
Received Import Request.
  Time since last request: 0.000088 seconds.
  path: Assets/Crossy Road/Models/train/traincar.mat
  artifactKey: Guid(7093edb96d2e06b4097bdc3feda4ea2b) Importer(2089858483,0ecaa5967403d082aa24f35e1b516d23)
Start importing Assets/Crossy Road/Models/train/traincar.mat using Guid(7093edb96d2e06b4097bdc3feda4ea2b) Importer(2089858483,0ecaa5967403d082aa24f35e1b516d23)  -> (artifact id: 'd82425b3c6638f766441edb95da864fd') in 0.113031 seconds
Number of updated asset objects reloaded before import = 0
Number of asset objects unloaded after import = 2
========================================================================
Received Import Request.
  Time since last request: 0.000158 seconds.
  path: Assets/Crossy Road/Prefabs/Objects/car_purple.prefab
  artifactKey: Guid(41387607d4f8d9e44a9e813c776943d4) Importer(2089858483,0ecaa5967403d082aa24f35e1b516d23)
Start importing Assets/Crossy Road/Prefabs/Objects/car_purple.prefab using Guid(41387607d4f8d9e44a9e813c776943d4) Importer(2089858483,0ecaa5967403d082aa24f35e1b516d23)  -> (artifact id: 'b9f2fa76c092288ddd016b6e0e502afd') in 0.101153 seconds
Number of updated asset objects reloaded before import = 0
Number of asset objects unloaded after import = 11
========================================================================
Received Import Request.
  Time since last request: 0.000799 seconds.
  path: Assets/Crossy Road/Models/train/Materials/traincar_lambert3SG.mat
  artifactKey: Guid(c2d55e66d94bc2d4fb03705f72536c1b) Importer(2089858483,0ecaa5967403d082aa24f35e1b516d23)
Start importing Assets/Crossy Road/Models/train/Materials/traincar_lambert3SG.mat using Guid(c2d55e66d94bc2d4fb03705f72536c1b) Importer(2089858483,0ecaa5967403d082aa24f35e1b516d23)  -> (artifact id: 'a52c2e48fab61cc78d7144eb121e8b3f') in 0.120728 seconds
Number of updated asset objects reloaded before import = 0
Number of asset objects unloaded after import = 1
========================================================================
Received Import Request.
  Time since last request: 0.000240 seconds.
  path: Assets/Crossy Road/Prefabs/Objects/car_yellow.prefab
  artifactKey: Guid(8dd2343005dbd8b469e430e4fe7caeeb) Importer(2089858483,0ecaa5967403d082aa24f35e1b516d23)
Start importing Assets/Crossy Road/Prefabs/Objects/car_yellow.prefab using Guid(8dd2343005dbd8b469e430e4fe7caeeb) Importer(2089858483,0ecaa5967403d082aa24f35e1b516d23)  -> (artifact id: 'decd3b4dc424e203430c6930ecd0676d') in 0.088701 seconds
Number of updated asset objects reloaded before import = 0
Number of asset objects unloaded after import = 11
========================================================================
Received Import Request.
  Time since last request: 0.000085 seconds.
  path: Assets/Scripts/Barrier.cs
  artifactKey: Guid(fa04e571962e69a439ff9ae54d47822f) Importer(2089858483,0ecaa5967403d082aa24f35e1b516d23)
Start importing Assets/Scripts/Barrier.cs using Guid(fa04e571962e69a439ff9ae54d47822f) Importer(2089858483,0ecaa5967403d082aa24f35e1b516d23)  -> (artifact id: '4e2a5ae1a0172e5a8ba9b92850b22ade') in 0.057234 seconds
Number of updated asset objects reloaded before import = 0
Number of asset objects unloaded after import = 1
========================================================================
Received Import Request.
  Time since last request: 0.000234 seconds.
  path: Assets/Textures/0,5_Dinar_Jordanien.png
  artifactKey: Guid(27594c591a8dfc041831bbc7e0079650) Importer(2089858483,0ecaa5967403d082aa24f35e1b516d23)
Start importing Assets/Textures/0,5_Dinar_Jordanien.png using Guid(27594c591a8dfc041831bbc7e0079650) Importer(2089858483,0ecaa5967403d082aa24f35e1b516d23)  -> (artifact id: '961e12052df651d286a8e478780c7230') in 0.130017 seconds
Number of updated asset objects reloaded before import = 0
Number of asset objects unloaded after import = 1
========================================================================
Received Import Request.
  Time since last request: 0.000307 seconds.
  path: Assets/Packages/Quirky Series - Birds Bundle/_Animations/Shapekey/Eyes_Rabid.anim
  artifactKey: Guid(a0ba351f09d6d844db8bffc74a11490e) Importer(2089858483,0ecaa5967403d082aa24f35e1b516d23)
Start importing Assets/Packages/Quirky Series - Birds Bundle/_Animations/Shapekey/Eyes_Rabid.anim using Guid(a0ba351f09d6d844db8bffc74a11490e) Importer(2089858483,0ecaa5967403d082aa24f35e1b516d23)  -> (artifact id: 'c1e7fedaaee284c272d7e251d29c1006') in 0.077659 seconds
Number of updated asset objects reloaded before import = 0
Number of asset objects unloaded after import = 1
========================================================================
Received Import Request.
  Time since last request: 0.000087 seconds.
  path: Assets/Crossy Road/Models/trees/treemedium.mat
  artifactKey: Guid(11b38f879ca30ab48a11e9628a8591b8) Importer(2089858483,0ecaa5967403d082aa24f35e1b516d23)
Start importing Assets/Crossy Road/Models/trees/treemedium.mat using Guid(11b38f879ca30ab48a11e9628a8591b8) Importer(2089858483,0ecaa5967403d082aa24f35e1b516d23)  -> (artifact id: '9e28a5524462f4cf62b041a9c64dd0ac') in 0.078197 seconds
Number of updated asset objects reloaded before import = 0
Number of asset objects unloaded after import = 2
========================================================================
Received Import Request.
  Time since last request: 0.002702 seconds.
  path: Assets/Crossy Road/Prefabs/Objects/truck.prefab
  artifactKey: Guid(9c53222ecfac6ea429120bfdda9abcd7) Importer(2089858483,0ecaa5967403d082aa24f35e1b516d23)
Start importing Assets/Crossy Road/Prefabs/Objects/truck.prefab using Guid(9c53222ecfac6ea429120bfdda9abcd7) Importer(2089858483,0ecaa5967403d082aa24f35e1b516d23)  -> (artifact id: 'ace5ff6bf8d0c806f635aff98b917aa2') in 0.128237 seconds
Number of updated asset objects reloaded before import = 0
Number of asset objects unloaded after import = 11
========================================================================
Received Import Request.
  Time since last request: 0.006585 seconds.
  path: Assets/Packages/Pack_FREE_Cars/Materials/ColorPalette.mat
  artifactKey: Guid(963b24a7c4a7885438948b252ad988f5) Importer(2089858483,0ecaa5967403d082aa24f35e1b516d23)
Start importing Assets/Packages/Pack_FREE_Cars/Materials/ColorPalette.mat using Guid(963b24a7c4a7885438948b252ad988f5) Importer(2089858483,0ecaa5967403d082aa24f35e1b516d23)  -> (artifact id: 'c4c03fe5cc3d1066baea6a7e9dfbcc48') in 0.112089 seconds
Number of updated asset objects reloaded before import = 0
Number of asset objects unloaded after import = 1
========================================================================
Received Import Request.
  Time since last request: 0.015982 seconds.
  path: Assets/Packages/Quirky Series - Birds Bundle/_Animations/Shapekey/Eyes_LookIn.anim
  artifactKey: Guid(87fc63539b7bc5e4289cfa980a739084) Importer(2089858483,0ecaa5967403d082aa24f35e1b516d23)
Start importing Assets/Packages/Quirky Series - Birds Bundle/_Animations/Shapekey/Eyes_LookIn.anim using Guid(87fc63539b7bc5e4289cfa980a739084) Importer(2089858483,0ecaa5967403d082aa24f35e1b516d23)  -> (artifact id: '8f4eefed21279185cb047bdbf885fc3f') in 0.139553 seconds
Number of updated asset objects reloaded before import = 0
Number of asset objects unloaded after import = 1
========================================================================
Received Import Request.
  Time since last request: 0.000097 seconds.
  path: Assets/Packages/TinyCar/Prefabs/Truck.prefab
  artifactKey: Guid(02171a191edcf2443bb2f9a697e0160a) Importer(2089858483,0ecaa5967403d082aa24f35e1b516d23)
Start importing Assets/Packages/TinyCar/Prefabs/Truck.prefab using Guid(02171a191edcf2443bb2f9a697e0160a) Importer(2089858483,0ecaa5967403d082aa24f35e1b516d23)  -> (artifact id: '40eb27cec8bf77fe7f885a7b5f25e6f0') in 0.091369 seconds
Number of updated asset objects reloaded before import = 0
Number of asset objects unloaded after import = 33
========================================================================
Received Import Request.
  Time since last request: 0.000084 seconds.
  path: Assets/Crossy Road/Models/water/water.mat
  artifactKey: Guid(8048f70cc09775946b1ba9e2bd6d87ab) Importer(2089858483,0ecaa5967403d082aa24f35e1b516d23)
Start importing Assets/Crossy Road/Models/water/water.mat using Guid(8048f70cc09775946b1ba9e2bd6d87ab) Importer(2089858483,0ecaa5967403d082aa24f35e1b516d23)  -> (artifact id: '8c936be7af4d955c19d09142c2a305a0') in 0.096911 seconds
Number of updated asset objects reloaded before import = 0
Number of asset objects unloaded after import = 2
========================================================================
Received Import Request.
  Time since last request: 0.000048 seconds.
  path: Assets/Packages/Quirky Series - Birds Bundle/_Animations/Shapekey/Eyes_LookUp.anim
  artifactKey: Guid(0f75d70c5ac154f4da008ea9e6c933c0) Importer(2089858483,0ecaa5967403d082aa24f35e1b516d23)
Start importing Assets/Packages/Quirky Series - Birds Bundle/_Animations/Shapekey/Eyes_LookUp.anim using Guid(0f75d70c5ac154f4da008ea9e6c933c0) Importer(2089858483,0ecaa5967403d082aa24f35e1b516d23)  -> (artifact id: 'c2d6ac75889bb7f8b95149d00cda13be') in 0.075879 seconds
Number of updated asset objects reloaded before import = 0
Number of asset objects unloaded after import = 1
========================================================================
Received Import Request.
  Time since last request: 0.000131 seconds.
  path: Assets/Packages/Quirky Series - Birds Bundle/_Animations/Shapekey/Sweat_L.anim
  artifactKey: Guid(770167f42b8505c45b44deb16c90962d) Importer(2089858483,0ecaa5967403d082aa24f35e1b516d23)
Start importing Assets/Packages/Quirky Series - Birds Bundle/_Animations/Shapekey/Sweat_L.anim using Guid(770167f42b8505c45b44deb16c90962d) Importer(2089858483,0ecaa5967403d082aa24f35e1b516d23)  -> (artifact id: '93b71206921b29b583dbf8e8d9e3aab2') in 0.091204 seconds
Number of updated asset objects reloaded before import = 0
Number of asset objects unloaded after import = 1
========================================================================
Received Import Request.
  Time since last request: 0.000190 seconds.
  path: Assets/Crossy Road/Models/chick/chick_water_drop.png
  artifactKey: Guid(0b9d4e2d3b555894e81a0d437e8fad62) Importer(2089858483,0ecaa5967403d082aa24f35e1b516d23)
Start importing Assets/Crossy Road/Models/chick/chick_water_drop.png using Guid(0b9d4e2d3b555894e81a0d437e8fad62) Importer(2089858483,0ecaa5967403d082aa24f35e1b516d23)  -> (artifact id: 'b02afa6dcfa6c7572d3cb15457945f59') in 0.110268 seconds
Number of updated asset objects reloaded before import = 0
Number of asset objects unloaded after import = 1
========================================================================
Received Prepare
Begin MonoManager ReloadAssembly
Symbol file LoadedFromMemory is not a mono symbol file
- Loaded All Assemblies, in  1.879 seconds
Refreshing native plugins compatible for Editor in 30.50 ms, found 2 plugins.
Native extension for WindowsStandalone target not found
Native extension for Android target not found
Native extension for WebGL target not found
[Package Manager] Server::EnsureServerProcessIsRunning -- launch failed, reason: Unity was launched with the -noUpm command-line argument
[Package Manager] UpmClient::Send -- Unable to send message (not connected to UPM process).
[Package Manager] Cannot connect to Unity Package Manager local server
Mono: successfully reloaded assembly
- Finished resetting the current domain, in  3.796 seconds
Domain Reload Profiling: 5662ms
	BeginReloadAssembly (584ms)
		ExecutionOrderSort (0ms)
		DisableScriptedObjects (28ms)
		BackupInstance (0ms)
		ReleaseScriptingObjects (0ms)
		CreateAndSetChildDomain (130ms)
	RebuildCommonClasses (158ms)
	RebuildNativeTypeToScriptingClass (51ms)
	initialDomainReloadingComplete (128ms)
	LoadAllAssembliesAndSetupDomain (943ms)
		LoadAssemblies (1209ms)
		RebuildTransferFunctionScriptingTraits (0ms)
		AnalyzeDomain (70ms)
			TypeCache.Refresh (29ms)
				TypeCache.ScanAssembly (1ms)
			ScanForSourceGeneratedMonoScriptInfo (27ms)
			ResolveRequiredComponents (12ms)
	FinalizeReload (3797ms)
		ReleaseScriptCaches (0ms)
		RebuildScriptCaches (0ms)
		SetupLoadedEditorAssemblies (1679ms)
			LogAssemblyErrors (0ms)
			InitializePlatformSupportModulesInManaged (80ms)
			SetLoadedEditorAssemblies (9ms)
			RefreshPlugins (0ms)
			BeforeProcessingInitializeOnLoad (173ms)
			ProcessInitializeOnLoadAttributes (871ms)
			ProcessInitializeOnLoadMethodAttributes (526ms)
			AfterProcessingInitializeOnLoad (19ms)
			EditorAssembliesLoaded (1ms)
		ExecutionOrderSort2 (0ms)
		AwakeInstancesAfterBackupRestoration (20ms)
Refreshing native plugins compatible for Editor in 25.43 ms, found 2 plugins.
Preloading 0 native plugins for Editor in 0.00 ms.
Unloading 2530 Unused Serialized files (Serialized files now loaded: 0)
Unloading 51 unused Assets / (43.6 KB). Loaded Objects now: 3004.
Memory consumption went from 116.9 MB to 116.9 MB.
Total: 19.694200 ms (FindLiveObjects: 0.637500 ms CreateObjectMapping: 0.290600 ms MarkObjects: 18.608100 ms  DeleteObjects: 0.154900 ms)

Prepare: number of updated asset objects reloaded= 0
AssetImportParameters requested are different than current active one (requested -> active):
  custom:video-decoder-webm-vp8: 9c59270c3fd7afecdb556c50c9e8de78 -> 
  custom:scripting/monoscript/fileName/LeanTweenExt.cs: f7c4020469ba4ace6b24a58dfa9b80ea -> 
  custom:scripting/monoscript/fileName/LeanSmooth.cs: d4f35cfaafc2cb29b46f772a8ddfaa65 -> 
  custom:scripting/monoscript/fileName/AnimatorController.cs: 59a667faa66cf12f4dc1c15f225aa268 -> 
  custom:SearchIndexIgnoredProperties: e643bd26f0fe6173181afceb89e7c659 -> 
  custom:container-demuxer-ogg: 62fdf1f143b41e24485cea50d1cbac27 -> 
  custom:AudioImporter_EditorPlatform: d09bf68614088b80899f8185d706f6e7 -> 
  custom:scripting/monoscript/fileName/PathSplineEndless.cs: 7a7425a0a2e75c6d92188d31db32ce13 -> 
  custom:scripting/monoscript/fileName/TestingPunch.cs: a2b031d01a5e1281da4effd97c67f4be -> 
  custom:scripting/monoscript/fileName/GeneralBasic.cs: 65043492aeece32825f515d8942a7199 -> 
  custom:scripting/monoscript/fileName/PathSpline2d.cs: 5d1babf836673107d23cf0b0aaed8207 -> 
  custom:scripting/monoscript/fileName/GeneralBasics2d.cs: 2997e1d5a32b205757c4f65d775f3287 -> 
  custom:video-codec-MediaFoundation-h265: 746d11721c4dcdbdad8f713fa42b33f4 -> 
  custom:scripting/monoscript/fileName/LeanTweenDocumentationEditor.cs: e0356b43e3484b772f053195ece4f9a2 -> 
  custom:video-decoder-ogg-theora: a1e56fd34408186e4bbccfd4996cb3dc -> 
  custom:scripting/monoscript/fileName/GeneralEasingTypes.cs: 562f847f0d3e7902baa7b155e17fba0b -> 
  custom:framework-win-MediaFoundation: 216162199b28c13a410421893ffa2e32 -> 
  custom:scripting/monoscript/fileName/GeneralCameraShake.cs: 01ca2edc0ec864e0779584140aa51efb -> 
  custom:scripting/monoscript/fileName/PathBezier2d.cs: 7b1a3162b9d991efa29d6eb397d22f37 -> 
  custom:scripting/monoscript/fileName/TestingZLegacy.cs: facbe130be0a9b5bb78defdfa912b69d -> 
  custom:scripting/monoscript/fileName/GeneralEventsListeners.cs: 56a32bdad1fe015494f3d57bc6ca3061 -> 
  custom:scripting/monoscript/fileName/LeanTest.cs: f07ca632943b622491891fe132cf5b1f -> 
  custom:scripting/monoscript/fileName/LTDescrOptional.cs: 40ea18d8ece802bd9c2c885c81d03dab -> 
  custom:video-encoder-webm-vp8: eb34c28f22e8b96e1ab97ce403110664 -> 
  custom:scripting/monoscript/fileName/GeneralSequencer.cs: efa99e55920a183e71fd25d1ae1dc4c3 -> 
  custom:audio-decoder-ogg-vorbis: bf7c407c2cedff20999df2af8eb42d56 -> 
  custom:scripting/monoscript/fileName/PlayerController.cs: d93a52a180fbbe603a59e9aa6da73c83 -> 
  custom:scripting/monoscript/fileName/LeanTween.cs: 479c1b9bc19917fb921d65c4a335546b -> 
  custom:scripting/monoscript/fileName/LTSeq.cs: 9b7ed9798b7fec86e335fa3ab6d69a37 -> 
  custom:scripting/monoscript/fileName/PathSplineTrack.cs: d0688aa0512bab631037f772f4a5ccfb -> 
  custom:CustomObjectIndexerAttribute: 9a22284fe3817be447336de3de66b15e -> 
  custom:scripting/monoscript/fileName/PathSplines.cs: 8a3af88906cb85b34c9c26c53cadbfee -> 
  custom:scripting/monoscript/fileName/PathSpline.cs: 7d3321d9d24ed8c437d9b2c817a2d482 -> 
  custom:scripting/monoscript/fileName/LeanAudio.cs: 61f2e4fd2f93d2e2f298abf20d5e188a -> 
  custom:scripting/monoscript/fileName/PathSplinePerformance.cs: a9834508ad88fe61d55e162afac7f7c4 -> 
  custom:scripting/monoscript/fileName/LogoCinematic.cs: 29183184b1f4e1ee8ce934f93ed7efb4 -> 
  custom:container-demuxer-webm: 4f35f7cbe854078d1ac9338744f61a02 -> 
  custom:scripting/monoscript/fileName/PathBezier.cs: a27fb7183e5050ab25488ab9e245edeb -> 
  custom:scripting/monoscript/fileName/TestingRigidbodyCS.cs: a7901dc5a1070cc79992b8a7cad5f675 -> 
  custom:scripting/monoscript/fileName/TestingZLegacyExt.cs: e25f94ce65fa7f09aefbb531c0ad4a14 -> 
  custom:scripting/monoscript/fileName/Demo.cs: 2d2d42130270d03d580dee5a2d6908aa -> 0b7a92f05528653df5e52544de74f590
  custom:scripting/monoscript/fileName/OldGUIExamplesCS.cs: eb5cbc00223ce1398b3c8757e34268e2 -> 
  custom:audio-encoder-webm-vorbis: bf7c407c2cedff20999df2af8eb42d56 -> 
  custom:scripting/monoscript/fileName/GeneralUISpace.cs: 758010555998f3a911c71b24c9ebf4f4 -> 
  custom:scripting/monoscript/fileName/GeneralSimpleUI.cs: 08d342dca81871b97fe464bd539e8ff0 -> 
  custom:scripting/monoscript/fileName/GeneralAdvancedTechniques.cs: a9660dcf3e6e6fbf51426c31a4ee9301 -> 
  custom:scripting/monoscript/fileName/TestingUnitTests.cs: 5de941be07dae959fb499816cebd6e03 -> 
  custom:scripting/monoscript/fileName/Mover.cs: ff793db0d19dba1f43929ec7f847a9f4 -> da1c610bce1da6a0ba9c04e30a318aa0
  custom:scripting/monoscript/fileName/Following.cs: 5f0c994793eb15b8906b4eea0e0179a6 -> 
  custom:scripting/monoscript/fileName/LTDescr.cs: 0e946b6f38b4c42ace63bf47e1be629c -> 
  custom:container-muxer-webm: aa71ff27fc2769a1b78a27578f13a17b -> 
========================================================================
Received Prepare
Begin MonoManager ReloadAssembly
Symbol file LoadedFromMemory is not a mono symbol file
- Loaded All Assemblies, in  1.570 seconds
Refreshing native plugins compatible for Editor in 26.98 ms, found 2 plugins.
Native extension for WindowsStandalone target not found
Native extension for Android target not found
Native extension for WebGL target not found
[Package Manager] Server::EnsureServerProcessIsRunning -- launch failed, reason: Unity was launched with the -noUpm command-line argument
[Package Manager] UpmClient::Send -- Unable to send message (not connected to UPM process).
[Package Manager] Cannot connect to Unity Package Manager local server
Mono: successfully reloaded assembly
- Finished resetting the current domain, in  3.203 seconds
Domain Reload Profiling: 4762ms
	BeginReloadAssembly (510ms)
		ExecutionOrderSort (0ms)
		DisableScriptedObjects (21ms)
		BackupInstance (0ms)
		ReleaseScriptingObjects (0ms)
		CreateAndSetChildDomain (98ms)
	RebuildCommonClasses (117ms)
	RebuildNativeTypeToScriptingClass (42ms)
	initialDomainReloadingComplete (106ms)
	LoadAllAssembliesAndSetupDomain (782ms)
		LoadAssemblies (1070ms)
		RebuildTransferFunctionScriptingTraits (0ms)
		AnalyzeDomain (35ms)
			TypeCache.Refresh (15ms)
				TypeCache.ScanAssembly (0ms)
			ScanForSourceGeneratedMonoScriptInfo (1ms)
			ResolveRequiredComponents (16ms)
	FinalizeReload (3204ms)
		ReleaseScriptCaches (0ms)
		RebuildScriptCaches (0ms)
		SetupLoadedEditorAssemblies (1861ms)
			LogAssemblyErrors (0ms)
			InitializePlatformSupportModulesInManaged (100ms)
			SetLoadedEditorAssemblies (11ms)
			RefreshPlugins (0ms)
			BeforeProcessingInitializeOnLoad (197ms)
			ProcessInitializeOnLoadAttributes (959ms)
			ProcessInitializeOnLoadMethodAttributes (568ms)
			AfterProcessingInitializeOnLoad (24ms)
			EditorAssembliesLoaded (1ms)
		ExecutionOrderSort2 (0ms)
		AwakeInstancesAfterBackupRestoration (23ms)
Refreshing native plugins compatible for Editor in 36.38 ms, found 2 plugins.
Preloading 0 native plugins for Editor in 0.00 ms.
Unloading 2531 Unused Serialized files (Serialized files now loaded: 0)
Unloading 51 unused Assets / (43.6 KB). Loaded Objects now: 3007.
Memory consumption went from 119.1 MB to 119.1 MB.
Total: 26.560000 ms (FindLiveObjects: 0.515300 ms CreateObjectMapping: 0.313900 ms MarkObjects: 25.554500 ms  DeleteObjects: 0.172900 ms)

Prepare: number of updated asset objects reloaded= 0
AssetImportParameters requested are different than current active one (requested -> active):
  custom:video-decoder-webm-vp8: 9c59270c3fd7afecdb556c50c9e8de78 -> 
  custom:scripting/monoscript/fileName/LeanTweenExt.cs: f7c4020469ba4ace6b24a58dfa9b80ea -> 
  custom:scripting/monoscript/fileName/LeanSmooth.cs: d4f35cfaafc2cb29b46f772a8ddfaa65 -> 
  custom:scripting/monoscript/fileName/AnimatorController.cs: 59a667faa66cf12f4dc1c15f225aa268 -> 
  custom:SearchIndexIgnoredProperties: e643bd26f0fe6173181afceb89e7c659 -> 
  custom:container-demuxer-ogg: 62fdf1f143b41e24485cea50d1cbac27 -> 
  custom:AudioImporter_EditorPlatform: d09bf68614088b80899f8185d706f6e7 -> 
  custom:scripting/monoscript/fileName/PathSplineEndless.cs: 7a7425a0a2e75c6d92188d31db32ce13 -> 
  custom:scripting/monoscript/fileName/TestingPunch.cs: a2b031d01a5e1281da4effd97c67f4be -> 
  custom:scripting/monoscript/fileName/GeneralBasic.cs: 65043492aeece32825f515d8942a7199 -> 
  custom:scripting/monoscript/fileName/PathSpline2d.cs: 5d1babf836673107d23cf0b0aaed8207 -> 
  custom:scripting/monoscript/fileName/GeneralBasics2d.cs: 2997e1d5a32b205757c4f65d775f3287 -> 
  custom:video-codec-MediaFoundation-h265: 746d11721c4dcdbdad8f713fa42b33f4 -> 
  custom:scripting/monoscript/fileName/LeanTweenDocumentationEditor.cs: e0356b43e3484b772f053195ece4f9a2 -> 
  custom:video-decoder-ogg-theora: a1e56fd34408186e4bbccfd4996cb3dc -> 
  custom:scripting/monoscript/fileName/GeneralEasingTypes.cs: 562f847f0d3e7902baa7b155e17fba0b -> 
  custom:framework-win-MediaFoundation: 216162199b28c13a410421893ffa2e32 -> 
  custom:scripting/monoscript/fileName/GeneralCameraShake.cs: 01ca2edc0ec864e0779584140aa51efb -> 
  custom:scripting/monoscript/fileName/PathBezier2d.cs: 7b1a3162b9d991efa29d6eb397d22f37 -> 
  custom:scripting/monoscript/fileName/TestingZLegacy.cs: facbe130be0a9b5bb78defdfa912b69d -> 
  custom:scripting/monoscript/fileName/GeneralEventsListeners.cs: 56a32bdad1fe015494f3d57bc6ca3061 -> 
  custom:scripting/monoscript/fileName/LeanTest.cs: f07ca632943b622491891fe132cf5b1f -> 
  custom:scripting/monoscript/fileName/LTDescrOptional.cs: 40ea18d8ece802bd9c2c885c81d03dab -> 
  custom:video-encoder-webm-vp8: eb34c28f22e8b96e1ab97ce403110664 -> 
  custom:scripting/monoscript/fileName/GeneralSequencer.cs: efa99e55920a183e71fd25d1ae1dc4c3 -> 
  custom:audio-decoder-ogg-vorbis: bf7c407c2cedff20999df2af8eb42d56 -> 
  custom:scripting/monoscript/fileName/PlayerController.cs: d93a52a180fbbe603a59e9aa6da73c83 -> 
  custom:scripting/monoscript/fileName/LeanTween.cs: 479c1b9bc19917fb921d65c4a335546b -> 
  custom:scripting/monoscript/fileName/LTSeq.cs: 9b7ed9798b7fec86e335fa3ab6d69a37 -> 
  custom:scripting/monoscript/fileName/PathSplineTrack.cs: d0688aa0512bab631037f772f4a5ccfb -> 
  custom:CustomObjectIndexerAttribute: 9a22284fe3817be447336de3de66b15e -> 
  custom:scripting/monoscript/fileName/PathSplines.cs: 8a3af88906cb85b34c9c26c53cadbfee -> 
  custom:scripting/monoscript/fileName/PathSpline.cs: 7d3321d9d24ed8c437d9b2c817a2d482 -> 
  custom:scripting/monoscript/fileName/LeanAudio.cs: 61f2e4fd2f93d2e2f298abf20d5e188a -> 
  custom:scripting/monoscript/fileName/PathSplinePerformance.cs: a9834508ad88fe61d55e162afac7f7c4 -> 
  custom:scripting/monoscript/fileName/LogoCinematic.cs: 29183184b1f4e1ee8ce934f93ed7efb4 -> 
  custom:container-demuxer-webm: 4f35f7cbe854078d1ac9338744f61a02 -> 
  custom:scripting/monoscript/fileName/PathBezier.cs: a27fb7183e5050ab25488ab9e245edeb -> 
  custom:scripting/monoscript/fileName/TestingRigidbodyCS.cs: a7901dc5a1070cc79992b8a7cad5f675 -> 
  custom:scripting/monoscript/fileName/TestingZLegacyExt.cs: e25f94ce65fa7f09aefbb531c0ad4a14 -> 
  custom:scripting/monoscript/fileName/Demo.cs: 2d2d42130270d03d580dee5a2d6908aa -> 0b7a92f05528653df5e52544de74f590
  custom:scripting/monoscript/fileName/OldGUIExamplesCS.cs: eb5cbc00223ce1398b3c8757e34268e2 -> 
  custom:audio-encoder-webm-vorbis: bf7c407c2cedff20999df2af8eb42d56 -> 
  custom:scripting/monoscript/fileName/GeneralUISpace.cs: 758010555998f3a911c71b24c9ebf4f4 -> 
  custom:scripting/monoscript/fileName/GeneralSimpleUI.cs: 08d342dca81871b97fe464bd539e8ff0 -> 
  custom:scripting/monoscript/fileName/GeneralAdvancedTechniques.cs: a9660dcf3e6e6fbf51426c31a4ee9301 -> 
  custom:scripting/monoscript/fileName/TestingUnitTests.cs: 5de941be07dae959fb499816cebd6e03 -> 
  custom:scripting/monoscript/fileName/Mover.cs: ff793db0d19dba1f43929ec7f847a9f4 -> da1c610bce1da6a0ba9c04e30a318aa0
  custom:scripting/monoscript/fileName/Following.cs: 5f0c994793eb15b8906b4eea0e0179a6 -> 
  custom:scripting/monoscript/fileName/LTDescr.cs: 0e946b6f38b4c42ace63bf47e1be629c -> 
  custom:container-muxer-webm: aa71ff27fc2769a1b78a27578f13a17b -> 
Editor requested this worker to shutdown with reason: Scaling down because of idle timeout
TcpMessagingSession - receive error: operation aborted. errorcode: 995, details: The I/O operation has been aborted because of either a thread exit or an application request.
AssetImportWorker is now disconnected from the server
Process exiting
Exiting without the bug reporter. Application will terminate with return code 0